2025-03-26T07:31:56.222+0100 [DEBUG] [org.gradle.launcher.daemon.bootstrap.DaemonMain] Assuming the daemon was started with following jvm opts: [--add-opens=java.base/java.util=ALL-UNNAMED, --add-opens=java.base/java.lang=ALL-UNNAMED, --add-opens=java.base/java.lang.invoke=ALL-UNNAMED, --add-opens=java.prefs/java.util.prefs=ALL-UNNAMED, --add-opens=java.base/java.nio.charset=ALL-UNNAMED, --add-opens=java.base/java.net=ALL-UNNAMED, --add-opens=java.base/java.util.concurrent.atomic=ALL-UNNAMED, -Xmx2048m, -Dfile.encoding=windows-1252, -Duser.country=GB, -Duser.language=en, -Duser.variant]
2025-03-26T07:31:56.403+0100 [DEBUG] [org.gradle.internal.nativeintegration.services.NativeServices] Native-platform posix files integration is not available. Continuing with fallback.
2025-03-26T07:31:56.419+0100 [INFO] [org.gradle.launcher.daemon.server.Daemon] start() called on daemon - DefaultDaemonContext[uid=10baf796-e4ff-416a-a198-c809ac08ef93,javaHome=C:\Program Files\Java\jdk-17,daemonRegistryDir=C:\Users\Broertje\IdeaProjects\movieAppKMP\daemon,pid=36696,idleTimeout=10800000,priority=NORMAL,applyInstrumentationAgent=true,daemonOpts=--add-opens=java.base/java.util=ALL-UNNAMED,--add-opens=java.base/java.lang=ALL-UNNAMED,--add-opens=java.base/java.lang.invoke=ALL-UNNAMED,--add-opens=java.prefs/java.util.prefs=ALL-UNNAMED,--add-opens=java.base/java.nio.charset=ALL-UNNAMED,--add-opens=java.base/java.net=ALL-UNNAMED,--add-opens=java.base/java.util.concurrent.atomic=ALL-UNNAMED,-Xmx2048m,-Dfile.encoding=windows-1252,-Duser.country=GB,-Duser.language=en,-Duser.variant]
2025-03-26T07:31:56.507+0100 [DEBUG] [org.gradle.internal.remote.internal.inet.InetAddresses] Adding IP addresses for network interface Software Loopback Interface 1
2025-03-26T07:31:56.511+0100 [DEBUG] [org.gradle.internal.remote.internal.inet.InetAddresses] Is this a loopback interface? true
2025-03-26T07:31:56.511+0100 [DEBUG] [org.gradle.internal.remote.internal.inet.InetAddresses] Adding loopback address /127.0.0.1
2025-03-26T07:31:56.511+0100 [DEBUG] [org.gradle.internal.remote.internal.inet.InetAddresses] Adding loopback address /0:0:0:0:0:0:0:1
2025-03-26T07:31:56.512+0100 [DEBUG] [org.gradle.internal.remote.internal.inet.InetAddresses] Adding IP addresses for network interface Microsoft 6to4 Adapter
2025-03-26T07:31:56.514+0100 [DEBUG] [org.gradle.internal.remote.internal.inet.InetAddresses] Is this a loopback interface? false
2025-03-26T07:31:56.515+0100 [DEBUG] [org.gradle.internal.remote.internal.inet.InetAddresses] Adding IP addresses for network interface Microsoft Wi-Fi Direct Virtual Adapter #4
2025-03-26T07:31:56.517+0100 [DEBUG] [org.gradle.internal.remote.internal.inet.InetAddresses] Is this a loopback interface? false
2025-03-26T07:31:56.517+0100 [DEBUG] [org.gradle.internal.remote.internal.inet.InetAddresses] Adding remote address /fe80:0:0:0:ed95:895d:b583:3941%wlan0
2025-03-26T07:31:56.517+0100 [DEBUG] [org.gradle.internal.remote.internal.inet.InetAddresses] Adding IP addresses for network interface Realtek USB GbE Family Controller
2025-03-26T07:31:56.519+0100 [DEBUG] [org.gradle.internal.remote.internal.inet.InetAddresses] Is this a loopback interface? false
2025-03-26T07:31:56.520+0100 [DEBUG] [org.gradle.internal.remote.internal.inet.InetAddresses] Adding IP addresses for network interface WAN Miniport (SSTP)
2025-03-26T07:31:56.522+0100 [DEBUG] [org.gradle.internal.remote.internal.inet.InetAddresses] Is this a loopback interface? false
2025-03-26T07:31:56.522+0100 [DEBUG] [org.gradle.internal.remote.internal.inet.InetAddresses] Adding IP addresses for network interface VirtualBox Host-Only Ethernet Adapter
2025-03-26T07:31:56.525+0100 [DEBUG] [org.gradle.internal.remote.internal.inet.InetAddresses] Is this a loopback interface? false
2025-03-26T07:31:56.525+0100 [DEBUG] [org.gradle.internal.remote.internal.inet.InetAddresses] Adding IP addresses for network interface Microsoft IP-HTTPS Platform Adapter
2025-03-26T07:31:56.528+0100 [DEBUG] [org.gradle.internal.remote.internal.inet.InetAddresses] Is this a loopback interface? false
2025-03-26T07:31:56.528+0100 [DEBUG] [org.gradle.internal.remote.internal.inet.InetAddresses] Adding IP addresses for network interface WAN Miniport (L2TP)
2025-03-26T07:31:56.531+0100 [DEBUG] [org.gradle.internal.remote.internal.inet.InetAddresses] Is this a loopback interface? false
2025-03-26T07:31:56.532+0100 [DEBUG] [org.gradle.internal.remote.internal.inet.InetAddresses] Adding IP addresses for network interface WAN Miniport (IPv6)
2025-03-26T07:31:56.534+0100 [DEBUG] [org.gradle.internal.remote.internal.inet.InetAddresses] Is this a loopback interface? false
2025-03-26T07:31:56.534+0100 [DEBUG] [org.gradle.internal.remote.internal.inet.InetAddresses] Adding IP addresses for network interface WAN Miniport (IKEv2)
2025-03-26T07:31:56.537+0100 [DEBUG] [org.gradle.internal.remote.internal.inet.InetAddresses] Is this a loopback interface? false
2025-03-26T07:31:56.537+0100 [DEBUG] [org.gradle.internal.remote.internal.inet.InetAddresses] Adding IP addresses for network interface Realtek USB GbE Family Controller #2
2025-03-26T07:31:56.540+0100 [DEBUG] [org.gradle.internal.remote.internal.inet.InetAddresses] Is this a loopback interface? false
2025-03-26T07:31:56.541+0100 [DEBUG] [org.gradle.internal.remote.internal.inet.InetAddresses] Adding IP addresses for network interface WAN Miniport (PPTP)
2025-03-26T07:31:56.543+0100 [DEBUG] [org.gradle.internal.remote.internal.inet.InetAddresses] Is this a loopback interface? false
2025-03-26T07:31:56.543+0100 [DEBUG] [org.gradle.internal.remote.internal.inet.InetAddresses] Adding IP addresses for network interface Microsoft Wi-Fi Direct Virtual Adapter #2
2025-03-26T07:31:56.545+0100 [DEBUG] [org.gradle.internal.remote.internal.inet.InetAddresses] Is this a loopback interface? false
2025-03-26T07:31:56.546+0100 [DEBUG] [org.gradle.internal.remote.internal.inet.InetAddresses] Adding IP addresses for network interface WAN Miniport (PPPOE)
2025-03-26T07:31:56.548+0100 [DEBUG] [org.gradle.internal.remote.internal.inet.InetAddresses] Is this a loopback interface? false
2025-03-26T07:31:56.548+0100 [DEBUG] [org.gradle.internal.remote.internal.inet.InetAddresses] Adding IP addresses for network interface MediaTek Wi-Fi 6 MT7921 Wireless LAN Card-WFP Native MAC Layer LightWeight Filter-0000
2025-03-26T07:31:56.550+0100 [DEBUG] [org.gradle.internal.remote.internal.inet.InetAddresses] Is this a loopback interface? false
2025-03-26T07:31:56.551+0100 [DEBUG] [org.gradle.internal.remote.internal.inet.InetAddresses] Adding IP addresses for network interface WAN Miniport (Network Monitor)
2025-03-26T07:31:56.553+0100 [DEBUG] [org.gradle.internal.remote.internal.inet.InetAddresses] Is this a loopback interface? false
2025-03-26T07:31:56.553+0100 [DEBUG] [org.gradle.internal.remote.internal.inet.InetAddresses] Adding IP addresses for network interface MediaTek Wi-Fi 6 MT7921 Wireless LAN Card
2025-03-26T07:31:56.555+0100 [DEBUG] [org.gradle.internal.remote.internal.inet.InetAddresses] Is this a loopback interface? false
2025-03-26T07:31:56.555+0100 [DEBUG] [org.gradle.internal.remote.internal.inet.InetAddresses] Adding remote address /192.168.88.251
2025-03-26T07:31:56.555+0100 [DEBUG] [org.gradle.internal.remote.internal.inet.InetAddresses] Adding remote address /fe80:0:0:0:ffab:78a4:a753:ded8%wlan3
2025-03-26T07:31:56.555+0100 [DEBUG] [org.gradle.internal.remote.internal.inet.InetAddresses] Adding IP addresses for network interface Microsoft Teredo Tunneling Adapter
2025-03-26T07:31:56.557+0100 [DEBUG] [org.gradle.internal.remote.internal.inet.InetAddresses] Is this a loopback interface? false
2025-03-26T07:31:56.557+0100 [DEBUG] [org.gradle.internal.remote.internal.inet.InetAddresses] Adding IP addresses for network interface Bluetooth Device (Personal Area Network)
2025-03-26T07:31:56.559+0100 [DEBUG] [org.gradle.internal.remote.internal.inet.InetAddresses] Is this a loopback interface? false
2025-03-26T07:31:56.560+0100 [DEBUG] [org.gradle.internal.remote.internal.inet.InetAddresses] Adding remote address /fe80:0:0:0:9b30:9796:2b92:d20e%eth5
2025-03-26T07:31:56.560+0100 [DEBUG] [org.gradle.internal.remote.internal.inet.InetAddresses] Adding IP addresses for network interface RAS Async Adapter
2025-03-26T07:31:56.562+0100 [DEBUG] [org.gradle.internal.remote.internal.inet.InetAddresses] Is this a loopback interface? false
2025-03-26T07:31:56.562+0100 [DEBUG] [org.gradle.internal.remote.internal.inet.InetAddresses] Adding IP addresses for network interface Microsoft Wi-Fi Direct Virtual Adapter
2025-03-26T07:31:56.564+0100 [DEBUG] [org.gradle.internal.remote.internal.inet.InetAddresses] Is this a loopback interface? false
2025-03-26T07:31:56.564+0100 [DEBUG] [org.gradle.internal.remote.internal.inet.InetAddresses] Adding IP addresses for network interface Microsoft Kernel Debug Network Adapter
2025-03-26T07:31:56.566+0100 [DEBUG] [org.gradle.internal.remote.internal.inet.InetAddresses] Is this a loopback interface? false
2025-03-26T07:31:56.566+0100 [DEBUG] [org.gradle.internal.remote.internal.inet.InetAddresses] Adding IP addresses for network interface WAN Miniport (IP)
2025-03-26T07:31:56.567+0100 [DEBUG] [org.gradle.internal.remote.internal.inet.InetAddresses] Is this a loopback interface? false
2025-03-26T07:31:56.568+0100 [DEBUG] [org.gradle.internal.remote.internal.inet.InetAddresses] Adding IP addresses for network interface VirtualBox Host-Only Ethernet Adapter
2025-03-26T07:31:56.570+0100 [DEBUG] [org.gradle.internal.remote.internal.inet.InetAddresses] Is this a loopback interface? false
2025-03-26T07:31:56.570+0100 [DEBUG] [org.gradle.internal.remote.internal.inet.InetAddresses] Adding remote address /192.168.16.1
2025-03-26T07:31:56.570+0100 [DEBUG] [org.gradle.internal.remote.internal.inet.InetAddresses] Adding remote address /fe80:0:0:0:cb0f:4f88:559:4239%eth8
2025-03-26T07:31:56.570+0100 [DEBUG] [org.gradle.internal.remote.internal.inet.InetAddresses] Adding IP addresses for network interface Microsoft Wi-Fi Direct Virtual Adapter #3
2025-03-26T07:31:56.572+0100 [DEBUG] [org.gradle.internal.remote.internal.inet.InetAddresses] Is this a loopback interface? false
2025-03-26T07:31:56.572+0100 [DEBUG] [org.gradle.internal.remote.internal.inet.InetAddresses] Adding remote address /fe80:0:0:0:db:29e1:dedb:c53e%wlan5
2025-03-26T07:31:56.572+0100 [DEBUG] [org.gradle.internal.remote.internal.inet.InetAddresses] Adding IP addresses for network interface Hyper-V Virtual Switch Extension Adapter
2025-03-26T07:31:56.574+0100 [DEBUG] [org.gradle.internal.remote.internal.inet.InetAddresses] Is this a loopback interface? false
2025-03-26T07:31:56.574+0100 [DEBUG] [org.gradle.internal.remote.internal.inet.InetAddresses] Adding IP addresses for network interface Hyper-V Virtual Switch Extension Adapter-Hyper-V Virtual Switch Extension Filter-0000
2025-03-26T07:31:56.576+0100 [DEBUG] [org.gradle.internal.remote.internal.inet.InetAddresses] Is this a loopback interface? false
2025-03-26T07:31:56.576+0100 [DEBUG] [org.gradle.internal.remote.internal.inet.InetAddresses] Adding IP addresses for network interface Hyper-V Virtual Ethernet Adapter
2025-03-26T07:31:56.577+0100 [DEBUG] [org.gradle.internal.remote.internal.inet.InetAddresses] Is this a loopback interface? false
2025-03-26T07:31:56.578+0100 [DEBUG] [org.gradle.internal.remote.internal.inet.InetAddresses] Adding remote address /172.22.32.1
2025-03-26T07:31:56.578+0100 [DEBUG] [org.gradle.internal.remote.internal.inet.InetAddresses] Adding remote address /fe80:0:0:0:d29e:402c:c2e9:c920%eth11
2025-03-26T07:31:56.578+0100 [DEBUG] [org.gradle.internal.remote.internal.inet.InetAddresses] Adding IP addresses for network interface Hyper-V Virtual Ethernet Adapter-WFP Native MAC Layer LightWeight Filter-0000
2025-03-26T07:31:56.580+0100 [DEBUG] [org.gradle.internal.remote.internal.inet.InetAddresses] Is this a loopback interface? false
2025-03-26T07:31:56.580+0100 [DEBUG] [org.gradle.internal.remote.internal.inet.InetAddresses] Adding IP addresses for network interface Hyper-V Virtual Ethernet Adapter-VirtualBox NDIS Light-Weight Filter-0000
2025-03-26T07:31:56.582+0100 [DEBUG] [org.gradle.internal.remote.internal.inet.InetAddresses] Is this a loopback interface? false
2025-03-26T07:31:56.582+0100 [DEBUG] [org.gradle.internal.remote.internal.inet.InetAddresses] Adding IP addresses for network interface VirtualBox Host-Only Ethernet Adapter-WFP Native MAC Layer LightWeight Filter-0000
2025-03-26T07:31:56.585+0100 [DEBUG] [org.gradle.internal.remote.internal.inet.InetAddresses] Is this a loopback interface? false
2025-03-26T07:31:56.585+0100 [DEBUG] [org.gradle.internal.remote.internal.inet.InetAddresses] Adding IP addresses for network interface VirtualBox Host-Only Ethernet Adapter-QoS Packet Scheduler-0000
2025-03-26T07:31:56.588+0100 [DEBUG] [org.gradle.internal.remote.internal.inet.InetAddresses] Is this a loopback interface? false
2025-03-26T07:31:56.588+0100 [DEBUG] [org.gradle.internal.remote.internal.inet.InetAddresses] Adding IP addresses for network interface VirtualBox Host-Only Ethernet Adapter-WFP 802.3 MAC Layer LightWeight Filter-0000
2025-03-26T07:31:56.593+0100 [DEBUG] [org.gradle.internal.remote.internal.inet.InetAddresses] Is this a loopback interface? false
2025-03-26T07:31:56.593+0100 [DEBUG] [org.gradle.internal.remote.internal.inet.InetAddresses] Adding IP addresses for network interface MediaTek Wi-Fi 6 MT7921 Wireless LAN Card-Virtual WiFi Filter Driver-0000
2025-03-26T07:31:56.597+0100 [DEBUG] [org.gradle.internal.remote.internal.inet.InetAddresses] Is this a loopback interface? false
2025-03-26T07:31:56.597+0100 [DEBUG] [org.gradle.internal.remote.internal.inet.InetAddresses] Adding IP addresses for network interface MediaTek Wi-Fi 6 MT7921 Wireless LAN Card-Native WiFi Filter Driver-0000
2025-03-26T07:31:56.599+0100 [DEBUG] [org.gradle.internal.remote.internal.inet.InetAddresses] Is this a loopback interface? false
2025-03-26T07:31:56.600+0100 [DEBUG] [org.gradle.internal.remote.internal.inet.InetAddresses] Adding IP addresses for network interface MediaTek Wi-Fi 6 MT7921 Wireless LAN Card-VirtualBox NDIS Light-Weight Filter-0000
2025-03-26T07:31:56.602+0100 [DEBUG] [org.gradle.internal.remote.internal.inet.InetAddresses] Is this a loopback interface? false
2025-03-26T07:31:56.603+0100 [DEBUG] [org.gradle.internal.remote.internal.inet.InetAddresses] Adding IP addresses for network interface MediaTek Wi-Fi 6 MT7921 Wireless LAN Card-QoS Packet Scheduler-0000
2025-03-26T07:31:56.605+0100 [DEBUG] [org.gradle.internal.remote.internal.inet.InetAddresses] Is this a loopback interface? false
2025-03-26T07:31:56.605+0100 [DEBUG] [org.gradle.internal.remote.internal.inet.InetAddresses] Adding IP addresses for network interface MediaTek Wi-Fi 6 MT7921 Wireless LAN Card-WFP 802.3 MAC Layer LightWeight Filter-0000
2025-03-26T07:31:56.607+0100 [DEBUG] [org.gradle.internal.remote.internal.inet.InetAddresses] Is this a loopback interface? false
2025-03-26T07:31:56.607+0100 [DEBUG] [org.gradle.internal.remote.internal.inet.InetAddresses] Adding IP addresses for network interface Microsoft Wi-Fi Direct Virtual Adapter #3-WFP Native MAC Layer LightWeight Filter-0000
2025-03-26T07:31:56.609+0100 [DEBUG] [org.gradle.internal.remote.internal.inet.InetAddresses] Is this a loopback interface? false
2025-03-26T07:31:56.609+0100 [DEBUG] [org.gradle.internal.remote.internal.inet.InetAddresses] Adding IP addresses for network interface Microsoft Wi-Fi Direct Virtual Adapter #3-Native WiFi Filter Driver-0000
2025-03-26T07:31:56.611+0100 [DEBUG] [org.gradle.internal.remote.internal.inet.InetAddresses] Is this a loopback interface? false
2025-03-26T07:31:56.611+0100 [DEBUG] [org.gradle.internal.remote.internal.inet.InetAddresses] Adding IP addresses for network interface WAN Miniport (IP)-WFP Native MAC Layer LightWeight Filter-0000
2025-03-26T07:31:56.614+0100 [DEBUG] [org.gradle.internal.remote.internal.inet.InetAddresses] Is this a loopback interface? false
2025-03-26T07:31:56.614+0100 [DEBUG] [org.gradle.internal.remote.internal.inet.InetAddresses] Adding IP addresses for network interface WAN Miniport (IP)-QoS Packet Scheduler-0000
2025-03-26T07:31:56.616+0100 [DEBUG] [org.gradle.internal.remote.internal.inet.InetAddresses] Is this a loopback interface? false
2025-03-26T07:31:56.616+0100 [DEBUG] [org.gradle.internal.remote.internal.inet.InetAddresses] Adding IP addresses for network interface WAN Miniport (IPv6)-WFP Native MAC Layer LightWeight Filter-0000
2025-03-26T07:31:56.618+0100 [DEBUG] [org.gradle.internal.remote.internal.inet.InetAddresses] Is this a loopback interface? false
2025-03-26T07:31:56.619+0100 [DEBUG] [org.gradle.internal.remote.internal.inet.InetAddresses] Adding IP addresses for network interface WAN Miniport (IPv6)-QoS Packet Scheduler-0000
2025-03-26T07:31:56.621+0100 [DEBUG] [org.gradle.internal.remote.internal.inet.InetAddresses] Is this a loopback interface? false
2025-03-26T07:31:56.621+0100 [DEBUG] [org.gradle.internal.remote.internal.inet.InetAddresses] Adding IP addresses for network interface WAN Miniport (Network Monitor)-WFP Native MAC Layer LightWeight Filter-0000
2025-03-26T07:31:56.623+0100 [DEBUG] [org.gradle.internal.remote.internal.inet.InetAddresses] Is this a loopback interface? false
2025-03-26T07:31:56.623+0100 [DEBUG] [org.gradle.internal.remote.internal.inet.InetAddresses] Adding IP addresses for network interface WAN Miniport (Network Monitor)-QoS Packet Scheduler-0000
2025-03-26T07:31:56.625+0100 [DEBUG] [org.gradle.internal.remote.internal.inet.InetAddresses] Is this a loopback interface? false
2025-03-26T07:31:56.625+0100 [DEBUG] [org.gradle.internal.remote.internal.inet.InetAddresses] Adding IP addresses for network interface Microsoft Wi-Fi Direct Virtual Adapter #3-VirtualBox NDIS Light-Weight Filter-0000
2025-03-26T07:31:56.627+0100 [DEBUG] [org.gradle.internal.remote.internal.inet.InetAddresses] Is this a loopback interface? false
2025-03-26T07:31:56.627+0100 [DEBUG] [org.gradle.internal.remote.internal.inet.InetAddresses] Adding IP addresses for network interface Microsoft Wi-Fi Direct Virtual Adapter #3-QoS Packet Scheduler-0000
2025-03-26T07:31:56.629+0100 [DEBUG] [org.gradle.internal.remote.internal.inet.InetAddresses] Is this a loopback interface? false
2025-03-26T07:31:56.630+0100 [DEBUG] [org.gradle.internal.remote.internal.inet.InetAddresses] Adding IP addresses for network interface Microsoft Wi-Fi Direct Virtual Adapter #3-WFP 802.3 MAC Layer LightWeight Filter-0000
2025-03-26T07:31:56.632+0100 [DEBUG] [org.gradle.internal.remote.internal.inet.InetAddresses] Is this a loopback interface? false
2025-03-26T07:31:56.632+0100 [DEBUG] [org.gradle.internal.remote.internal.inet.InetAddresses] Adding IP addresses for network interface Hyper-V Virtual Ethernet Adapter-QoS Packet Scheduler-0000
2025-03-26T07:31:56.634+0100 [DEBUG] [org.gradle.internal.remote.internal.inet.InetAddresses] Is this a loopback interface? false
2025-03-26T07:31:56.634+0100 [DEBUG] [org.gradle.internal.remote.internal.inet.InetAddresses] Adding IP addresses for network interface Hyper-V Virtual Ethernet Adapter-WFP 802.3 MAC Layer LightWeight Filter-0000
2025-03-26T07:31:56.636+0100 [DEBUG] [org.gradle.internal.remote.internal.inet.InetAddresses] Is this a loopback interface? false
2025-03-26T07:31:56.636+0100 [DEBUG] [org.gradle.internal.remote.internal.inet.InetAddresses] Adding IP addresses for network interface Microsoft Wi-Fi Direct Virtual Adapter #4-WFP Native MAC Layer LightWeight Filter-0000
2025-03-26T07:31:56.639+0100 [DEBUG] [org.gradle.internal.remote.internal.inet.InetAddresses] Is this a loopback interface? false
2025-03-26T07:31:56.639+0100 [DEBUG] [org.gradle.internal.remote.internal.inet.InetAddresses] Adding IP addresses for network interface Microsoft Wi-Fi Direct Virtual Adapter #4-Native WiFi Filter Driver-0000
2025-03-26T07:31:56.641+0100 [DEBUG] [org.gradle.internal.remote.internal.inet.InetAddresses] Is this a loopback interface? false
2025-03-26T07:31:56.641+0100 [DEBUG] [org.gradle.internal.remote.internal.inet.InetAddresses] Adding IP addresses for network interface Microsoft Wi-Fi Direct Virtual Adapter #4-VirtualBox NDIS Light-Weight Filter-0000
2025-03-26T07:31:56.644+0100 [DEBUG] [org.gradle.internal.remote.internal.inet.InetAddresses] Is this a loopback interface? false
2025-03-26T07:31:56.644+0100 [DEBUG] [org.gradle.internal.remote.internal.inet.InetAddresses] Adding IP addresses for network interface Microsoft Wi-Fi Direct Virtual Adapter #4-QoS Packet Scheduler-0000
2025-03-26T07:31:56.646+0100 [DEBUG] [org.gradle.internal.remote.internal.inet.InetAddresses] Is this a loopback interface? false
2025-03-26T07:31:56.647+0100 [DEBUG] [org.gradle.internal.remote.internal.inet.InetAddresses] Adding IP addresses for network interface Microsoft Wi-Fi Direct Virtual Adapter #4-WFP 802.3 MAC Layer LightWeight Filter-0000
2025-03-26T07:31:56.651+0100 [DEBUG] [org.gradle.internal.remote.internal.inet.InetAddresses] Is this a loopback interface? false
2025-03-26T07:31:56.659+0100 [DEBUG] [org.gradle.internal.remote.internal.inet.TcpIncomingConnector] Listening on [f775afcc-86fe-43ad-a662-d9615c5e2a00 port:59060, addresses:[localhost/127.0.0.1]].
2025-03-26T07:31:56.673+0100 [DEBUG] [org.gradle.launcher.daemon.server.Daemon] Daemon starting at: Wed Mar 26 07:31:56 CET 2025, with address: [f775afcc-86fe-43ad-a662-d9615c5e2a00 port:59060, addresses:[localhost/127.0.0.1]]
2025-03-26T07:31:56.673+0100 [INFO] [org.gradle.launcher.daemon.server.DaemonRegistryUpdater] Advertising the daemon address to the clients: [f775afcc-86fe-43ad-a662-d9615c5e2a00 port:59060, addresses:[localhost/127.0.0.1]]
2025-03-26T07:31:56.673+0100 [DEBUG] [org.gradle.launcher.daemon.server.DaemonRegistryUpdater] Advertised daemon context: DefaultDaemonContext[uid=10baf796-e4ff-416a-a198-c809ac08ef93,javaHome=C:\Program Files\Java\jdk-17,daemonRegistryDir=C:\Users\Broertje\IdeaProjects\movieAppKMP\daemon,pid=36696,idleTimeout=10800000,priority=NORMAL,applyInstrumentationAgent=true,daemonOpts=--add-opens=java.base/java.util=ALL-UNNAMED,--add-opens=java.base/java.lang=ALL-UNNAMED,--add-opens=java.base/java.lang.invoke=ALL-UNNAMED,--add-opens=java.prefs/java.util.prefs=ALL-UNNAMED,--add-opens=java.base/java.nio.charset=ALL-UNNAMED,--add-opens=java.base/java.net=ALL-UNNAMED,--add-opens=java.base/java.util.concurrent.atomic=ALL-UNNAMED,-Xmx2048m,-Dfile.encoding=windows-1252,-Duser.country=GB,-Duser.language=en,-Duser.variant]
2025-03-26T07:31:56.674+0100 [DEBUG] [org.gradle.launcher.daemon.registry.PersistentDaemonRegistry] Storing daemon address: [f775afcc-86fe-43ad-a662-d9615c5e2a00 port:59060, addresses:[localhost/127.0.0.1]], context: DefaultDaemonContext[uid=10baf796-e4ff-416a-a198-c809ac08ef93,javaHome=C:\Program Files\Java\jdk-17,daemonRegistryDir=C:\Users\Broertje\IdeaProjects\movieAppKMP\daemon,pid=36696,idleTimeout=10800000,priority=NORMAL,applyInstrumentationAgent=true,daemonOpts=--add-opens=java.base/java.util=ALL-UNNAMED,--add-opens=java.base/java.lang=ALL-UNNAMED,--add-opens=java.base/java.lang.invoke=ALL-UNNAMED,--add-opens=java.prefs/java.util.prefs=ALL-UNNAMED,--add-opens=java.base/java.nio.charset=ALL-UNNAMED,--add-opens=java.base/java.net=ALL-UNNAMED,--add-opens=java.base/java.util.concurrent.atomic=ALL-UNNAMED,-Xmx2048m,-Dfile.encoding=windows-1252,-Duser.country=GB,-Duser.language=en,-Duser.variant]
2025-03-26T07:31:56.688+0100 [DEBUG] [org.gradle.cache.internal.DefaultFileLockManager] Waiting to acquire exclusive lock on daemon addresses registry.
2025-03-26T07:31:56.693+0100 [DEBUG] [org.gradle.cache.internal.DefaultFileLockManager] Lock acquired on daemon addresses registry.
2025-03-26T07:31:56.701+0100 [DEBUG] [org.gradle.cache.internal.DefaultFileLockManager] Releasing lock on daemon addresses registry.
2025-03-26T07:31:56.702+0100 [LIFECYCLE] [org.gradle.launcher.daemon.server.Daemon] Daemon server started.
2025-03-26T07:31:56.703+0100 [DEBUG] [org.gradle.launcher.daemon.bootstrap.DaemonStartupCommunication] Completed writing the daemon greeting. Closing streams...
2025-03-26T07:31:56.708+0100 [DEBUG] [org.gradle.launcher.daemon.server.Daemon] stopOnExpiration() called on daemon
2025-03-26T07:31:56.708+0100 [DEBUG] [org.gradle.internal.remote.internal.inet.TcpIncomingConnector] Accepted connection from /127.0.0.1:59061 to /127.0.0.1:59060.
2025-03-26T07:31:56.709+0100 [DEBUG] [org.gradle.launcher.daemon.server.Daemon] awaitExpiration() called on daemon
2025-03-26T07:31:56.709+0100 [DEBUG] [org.gradle.launcher.daemon.server.DaemonStateCoordinator] daemon is running. Sleeping until state changes.
2025-03-26T07:31:56.778+0100 [DEBUG] [org.gradle.launcher.daemon.server.SynchronizedDispatchConnection] thread 30: received class org.gradle.launcher.daemon.protocol.Build
2025-03-26T07:31:56.779+0100 [DEBUG] [org.gradle.launcher.daemon.server.DefaultDaemonConnection] thread 30: Received non-IO message from client: Build{id=85ab16a8-311e-40d8-80d1-9ac7503654fc, currentDir=C:\Users\Broertje\IdeaProjects\movieAppKMP}
2025-03-26T07:31:56.779+0100 [INFO] [org.gradle.launcher.daemon.server.DefaultIncomingConnectionHandler] Received command: Build{id=85ab16a8-311e-40d8-80d1-9ac7503654fc, currentDir=C:\Users\Broertje\IdeaProjects\movieAppKMP}.
2025-03-26T07:31:56.779+0100 [DEBUG] [org.gradle.launcher.daemon.server.DefaultIncomingConnectionHandler] Starting executing command: Build{id=85ab16a8-311e-40d8-80d1-9ac7503654fc, currentDir=C:\Users\Broertje\IdeaProjects\movieAppKMP} with connection: socket connection from /127.0.0.1:59060 to /127.0.0.1:59061.
2025-03-26T07:31:56.781+0100 [DEBUG] [org.gradle.launcher.daemon.server.DaemonStateCoordinator] Command execution: started DaemonCommandExecution[command = Build{id=85ab16a8-311e-40d8-80d1-9ac7503654fc, currentDir=C:\Users\Broertje\IdeaProjects\movieAppKMP}, connection = DefaultDaemonConnection: socket connection from /127.0.0.1:59060 to /127.0.0.1:59061] after 0.0 minutes of idle
2025-03-26T07:31:56.782+0100 [INFO] [org.gradle.launcher.daemon.server.DaemonRegistryUpdater] Marking the daemon as busy, address: [f775afcc-86fe-43ad-a662-d9615c5e2a00 port:59060, addresses:[localhost/127.0.0.1]]
2025-03-26T07:31:56.782+0100 [DEBUG] [org.gradle.launcher.daemon.registry.PersistentDaemonRegistry] Marking busy by address: [f775afcc-86fe-43ad-a662-d9615c5e2a00 port:59060, addresses:[localhost/127.0.0.1]]
2025-03-26T07:31:56.783+0100 [DEBUG] [org.gradle.cache.internal.DefaultFileLockManager] Waiting to acquire exclusive lock on daemon addresses registry.
2025-03-26T07:31:56.784+0100 [DEBUG] [org.gradle.cache.internal.DefaultFileLockManager] Lock acquired on daemon addresses registry.
2025-03-26T07:31:56.786+0100 [DEBUG] [org.gradle.cache.internal.DefaultFileLockManager] Releasing lock on daemon addresses registry.
2025-03-26T07:31:56.786+0100 [DEBUG] [org.gradle.launcher.daemon.server.DaemonStateCoordinator] resetting idle timer
2025-03-26T07:31:56.786+0100 [DEBUG] [org.gradle.launcher.daemon.server.DaemonStateCoordinator] daemon is running. Sleeping until state changes.
2025-03-26T07:31:56.787+0100 [INFO] [org.gradle.launcher.daemon.server.exec.StartBuildOrRespondWithBusy] Daemon is about to start building Build{id=85ab16a8-311e-40d8-80d1-9ac7503654fc, currentDir=C:\Users\Broertje\IdeaProjects\movieAppKMP}. Dispatching build started information...
2025-03-26T07:31:56.787+0100 [DEBUG] [org.gradle.launcher.daemon.server.SynchronizedDispatchConnection] thread 32: dispatching org.gradle.launcher.daemon.protocol.BuildStarted@32688315
2025-03-26T07:31:56.788+0100 [DEBUG] [org.gradle.launcher.daemon.server.SynchronizedDispatchConnection] thread 30: received class org.gradle.launcher.daemon.protocol.CloseInput
2025-03-26T07:31:56.788+0100 [DEBUG] [org.gradle.launcher.daemon.server.DefaultDaemonConnection] thread 30: Received IO message from client: org.gradle.launcher.daemon.protocol.CloseInput@5da76a98
2025-03-26T07:31:56.789+0100 [DEBUG] [org.gradle.launcher.daemon.server.exec.EstablishBuildEnvironment] Configuring env variables: [USERDOMAIN_ROAMINGPROFILE, PROCESSOR_LEVEL, SESSIONNAME, ALLUSERSPROFILE, PROCESSOR_ARCHITECTURE, PSModulePath, SystemDrive, EFC_12648, ACSvcPort, USERNAME, ProgramFiles(x86), ACSetupSvcPort, FPS_BROWSER_USER_PROFILE_STRING, PATHEXT, DriverData, OneDriveConsumer, ProgramData, ProgramW6432, HOMEPATH, PROCESSOR_IDENTIFIER, ProgramFiles, PUBLIC, windir, =::, LOCALAPPDATA, ChocolateyLastPathUpdate, USERDOMAIN, LOGONSERVER, FPS_BROWSER_APP_PROFILE_STRING, JAVA_HOME, RlsSvcPort, OneDrive, APPDATA, ChocolateyInstall, VBOX_MSI_INSTALL_PATH, CommonProgramFiles, Path, OS, COMPUTERNAME, EnableLog, PROCESSOR_REVISION, CommonProgramW6432, ComSpec, =D:, TEMP, SystemRoot, HOMEDRIVE, USERPROFILE, TMP, CommonProgramFiles(x86), NUMBER_OF_PROCESSORS, IDEA_INITIAL_DIRECTORY]
2025-03-26T07:31:56.794+0100 [DEBUG] [org.gradle.launcher.daemon.server.exec.LogToClient] About to start relaying all logs to the client via the connection.
2025-03-26T07:31:56.794+0100 [INFO] [org.gradle.launcher.daemon.server.exec.LogToClient] The client will now receive all logging from the daemon (pid: 36696). The daemon log file: C:\Users\Broertje\IdeaProjects\movieAppKMP\daemon\8.1.1\daemon-36696.out.log
2025-03-26T07:31:56.795+0100 [INFO] [org.gradle.launcher.daemon.server.exec.LogAndCheckHealth] Starting build in new daemon [memory: 2 GiB]
2025-03-26T07:31:56.796+0100 [INFO] [org.gradle.launcher.daemon.server.exec.ForwardClientInput] Closing daemon's stdin at end of input.
2025-03-26T07:31:56.796+0100 [INFO] [org.gradle.launcher.daemon.server.exec.ForwardClientInput] The daemon will no longer process any standard input.
2025-03-26T07:31:56.798+0100 [DEBUG] [org.gradle.launcher.daemon.server.exec.ExecuteBuild] The daemon has started executing the build.
2025-03-26T07:31:56.798+0100 [DEBUG] [org.gradle.launcher.daemon.server.exec.ExecuteBuild] Executing build with daemon context: DefaultDaemonContext[uid=10baf796-e4ff-416a-a198-c809ac08ef93,javaHome=C:\Program Files\Java\jdk-17,daemonRegistryDir=C:\Users\Broertje\IdeaProjects\movieAppKMP\daemon,pid=36696,idleTimeout=10800000,priority=NORMAL,applyInstrumentationAgent=true,daemonOpts=--add-opens=java.base/java.util=ALL-UNNAMED,--add-opens=java.base/java.lang=ALL-UNNAMED,--add-opens=java.base/java.lang.invoke=ALL-UNNAMED,--add-opens=java.prefs/java.util.prefs=ALL-UNNAMED,--add-opens=java.base/java.nio.charset=ALL-UNNAMED,--add-opens=java.base/java.net=ALL-UNNAMED,--add-opens=java.base/java.util.concurrent.atomic=ALL-UNNAMED,-Xmx2048m,-Dfile.encoding=windows-1252,-Duser.country=GB,-Duser.language=en,-Duser.variant]

FAILURE: Build failed with an exception.

* What went wrong:
Project directory 'C:\Users\Broertje\IdeaProjects\movieAppKMP\gradle' is not part of the build defined by settings file 'C:\Users\Broertje\IdeaProjects\movieAppKMP\settings.gradle.kts'. If this is an unrelated build, it must have its own settings file.

* Try:
> Run with --stacktrace option to get the stack trace.
> Run with --info or --debug option to get more log output.
> Run with --scan to get full insights.

* Get more help at https://help.gradle.org

BUILD FAILED in 6s
2025-03-26T07:32:01.001+0100 [DEBUG] [org.gradle.launcher.daemon.server.exec.ExecuteBuild] The daemon has finished executing the build.
2025-03-26T07:32:01.018+0100 [DEBUG] [org.gradle.launcher.daemon.server.DaemonStateCoordinator] daemon is running. Sleeping until state changes.
2025-03-26T07:32:01.019+0100 [DEBUG] [org.gradle.launcher.daemon.server.DaemonStateCoordinator] Command execution: finished waiting for DaemonCommandExecution[command = Build{id=85ab16a8-311e-40d8-80d1-9ac7503654fc, currentDir=C:\Users\Broertje\IdeaProjects\movieAppKMP}, connection = DefaultDaemonConnection: socket connection from /127.0.0.1:59060 to /127.0.0.1:59061]. Result org.gradle.launcher.daemon.server.DaemonStateCoordinator@4d8cbbfd with state Busy
2025-03-26T07:32:01.019+0100 [DEBUG] [org.gradle.launcher.daemon.server.DaemonStateCoordinator] Command execution: completed DaemonCommandExecution[command = Build{id=85ab16a8-311e-40d8-80d1-9ac7503654fc, currentDir=C:\Users\Broertje\IdeaProjects\movieAppKMP}, connection = DefaultDaemonConnection: socket connection from /127.0.0.1:59060 to /127.0.0.1:59061]
2025-03-26T07:32:01.019+0100 [DEBUG] [org.gradle.launcher.daemon.server.DaemonStateCoordinator] resetting idle timer
2025-03-26T07:32:01.019+0100 [INFO] [org.gradle.launcher.daemon.server.DaemonRegistryUpdater] Marking the daemon as idle, address: [f775afcc-86fe-43ad-a662-d9615c5e2a00 port:59060, addresses:[localhost/127.0.0.1]]
2025-03-26T07:32:01.019+0100 [DEBUG] [org.gradle.launcher.daemon.registry.PersistentDaemonRegistry] Marking busy by address: [f775afcc-86fe-43ad-a662-d9615c5e2a00 port:59060, addresses:[localhost/127.0.0.1]]
2025-03-26T07:32:01.021+0100 [DEBUG] [org.gradle.cache.internal.DefaultFileLockManager] Waiting to acquire exclusive lock on daemon addresses registry.
2025-03-26T07:32:01.022+0100 [DEBUG] [org.gradle.cache.internal.DefaultFileLockManager] Lock acquired on daemon addresses registry.
2025-03-26T07:32:01.023+0100 [DEBUG] [org.gradle.cache.internal.DefaultFileLockManager] Releasing lock on daemon addresses registry.
2025-03-26T07:32:01.023+0100 [DEBUG] [org.gradle.launcher.daemon.server.DaemonStateCoordinator] daemon is running. Sleeping until state changes.
2025-03-26T07:32:01.023+0100 [DEBUG] [org.gradle.launcher.daemon.server.exec.ReturnResult] Daemon is dispatching the build result: Success[value=org.gradle.launcher.exec.BuildActionResult@55d5a8f7]
2025-03-26T07:32:01.024+0100 [DEBUG] [org.gradle.launcher.daemon.server.SynchronizedDispatchConnection] thread 29: dispatching Success[value=org.gradle.launcher.exec.BuildActionResult@55d5a8f7]
2025-03-26T07:32:01.030+0100 [DEBUG] [org.gradle.launcher.daemon.server.DefaultIncomingConnectionHandler] Finishing executing command: Build{id=85ab16a8-311e-40d8-80d1-9ac7503654fc, currentDir=C:\Users\Broertje\IdeaProjects\movieAppKMP}
2025-03-26T07:32:01.031+0100 [DEBUG] [org.gradle.launcher.daemon.server.SynchronizedDispatchConnection] thread 30: received class org.gradle.launcher.daemon.protocol.Finished
2025-03-26T07:32:01.031+0100 [DEBUG] [org.gradle.launcher.daemon.server.DefaultDaemonConnection] thread 30: Received non-IO message from client: org.gradle.launcher.daemon.protocol.Finished@14157b3c
2025-03-26T07:32:01.031+0100 [DEBUG] [org.gradle.launcher.daemon.server.DefaultIncomingConnectionHandler] Received finished message: org.gradle.launcher.daemon.protocol.Finished@14157b3c
2025-03-26T07:32:01.031+0100 [DEBUG] [org.gradle.launcher.daemon.server.SynchronizedDispatchConnection] thread 29: stopping connection
2025-03-26T07:32:01.031+0100 [DEBUG] [org.gradle.internal.remote.internal.inet.SocketConnection] Discarding EOFException: java.io.EOFException
2025-03-26T07:32:01.032+0100 [DEBUG] [org.gradle.launcher.daemon.server.SynchronizedDispatchConnection] thread 30: received null
2025-03-26T07:32:01.032+0100 [DEBUG] [org.gradle.launcher.daemon.server.DefaultDaemonConnection] thread 30: Received end-of-input from client.
2025-03-26T07:32:01.033+0100 [DEBUG] [org.gradle.launcher.daemon.server.SynchronizedDispatchConnection] thread 29: stopping connection
2025-03-26T07:32:01.095+0100 [DEBUG] [org.gradle.cache.internal.LockOnDemandCrossProcessCacheAccess] Releasing file lock for file hash cache (C:\Users\Broertje\IdeaProjects\movieAppKMP\caches\8.1.1\fileHashes)
2025-03-26T07:32:01.095+0100 [DEBUG] [org.gradle.cache.internal.btree.BTreePersistentIndexedCache] Closing cache fileHashes.bin (C:\Users\Broertje\IdeaProjects\movieAppKMP\caches\8.1.1\fileHashes\fileHashes.bin)
2025-03-26T07:32:01.095+0100 [DEBUG] [org.gradle.cache.internal.btree.BTreePersistentIndexedCache] Closing cache resourceHashesCache.bin (C:\Users\Broertje\IdeaProjects\movieAppKMP\caches\8.1.1\fileHashes\resourceHashesCache.bin)
2025-03-26T07:32:01.096+0100 [DEBUG] [org.gradle.cache.internal.DefaultFileLockManager] Releasing lock on file hash cache (C:\Users\Broertje\IdeaProjects\movieAppKMP\caches\8.1.1\fileHashes).
2025-03-26T07:32:01.096+0100 [DEBUG] [org.gradle.cache.internal.locklistener.FileLockCommunicator] Confirming lock release to Gradle process at port 57778 for lock with id -7171323086751467841.
2025-03-26T07:32:01.096+0100 [DEBUG] [org.gradle.cache.internal.locklistener.FileLockCommunicator] Confirming lock release to Gradle process at port 57778 for lock with id -7171323086751467841.
2025-03-26T07:32:01.112+0100 [DEBUG] [org.gradle.cache.internal.LockOnDemandCrossProcessCacheAccess] Lock on kotlin-dsl (C:\Users\Broertje\IdeaProjects\movieAppKMP\caches\8.1.1\kotlin-dsl) requested by another process - releasing lock.
2025-03-26T07:32:01.112+0100 [DEBUG] [org.gradle.cache.internal.LockOnDemandCrossProcessCacheAccess] Releasing file lock for kotlin-dsl (C:\Users\Broertje\IdeaProjects\movieAppKMP\caches\8.1.1\kotlin-dsl)
2025-03-26T07:32:01.113+0100 [DEBUG] [org.gradle.cache.internal.btree.BTreePersistentIndexedCache] Closing cache executionHistory.bin (C:\Users\Broertje\IdeaProjects\movieAppKMP\caches\8.1.1\kotlin-dsl\executionHistory.bin)
2025-03-26T07:32:01.113+0100 [DEBUG] [org.gradle.cache.internal.DefaultFileLockManager] Releasing lock on kotlin-dsl (C:\Users\Broertje\IdeaProjects\movieAppKMP\caches\8.1.1\kotlin-dsl).
2025-03-26T07:32:01.114+0100 [DEBUG] [org.gradle.cache.internal.locklistener.FileLockCommunicator] Confirming lock release to Gradle process at port 57778 for lock with id 7672554059570902574.
2025-03-26T07:32:01.114+0100 [DEBUG] [org.gradle.cache.internal.locklistener.FileLockCommunicator] Confirming lock release to Gradle process at port 57778 for lock with id 7672554059570902574.
2025-03-26T07:32:01.119+0100 [DEBUG] [org.gradle.cache.internal.LockOnDemandCrossProcessCacheAccess] Lock on journal cache (C:\Users\Broertje\IdeaProjects\movieAppKMP\caches\journal-1) requested by another process - releasing lock.
2025-03-26T07:32:01.119+0100 [DEBUG] [org.gradle.cache.internal.LockOnDemandCrossProcessCacheAccess] Releasing file lock for journal cache (C:\Users\Broertje\IdeaProjects\movieAppKMP\caches\journal-1)
2025-03-26T07:32:01.119+0100 [DEBUG] [org.gradle.cache.internal.btree.BTreePersistentIndexedCache] Closing cache file-access.bin (C:\Users\Broertje\IdeaProjects\movieAppKMP\caches\journal-1\file-access.bin)
2025-03-26T07:32:01.120+0100 [DEBUG] [org.gradle.cache.internal.DefaultFileLockManager] Releasing lock on journal cache (C:\Users\Broertje\IdeaProjects\movieAppKMP\caches\journal-1).
2025-03-26T07:32:01.121+0100 [DEBUG] [org.gradle.cache.internal.locklistener.FileLockCommunicator] Confirming lock release to Gradle process at port 57778 for lock with id 5585022137920707824.
2025-03-26T07:32:01.121+0100 [DEBUG] [org.gradle.cache.internal.locklistener.FileLockCommunicator] Confirming lock release to Gradle process at port 57778 for lock with id 5585022137920707824.
2025-03-26T07:32:01.176+0100 [DEBUG] [org.gradle.cache.internal.LockOnDemandCrossProcessCacheAccess] Lock on jars (C:\Users\Broertje\IdeaProjects\movieAppKMP\caches\jars-9) requested by another process - releasing lock.
2025-03-26T07:32:01.177+0100 [DEBUG] [org.gradle.cache.internal.LockOnDemandCrossProcessCacheAccess] Releasing file lock for jars (C:\Users\Broertje\IdeaProjects\movieAppKMP\caches\jars-9)
2025-03-26T07:32:01.177+0100 [DEBUG] [org.gradle.cache.internal.DefaultFileLockManager] Releasing lock on jars (C:\Users\Broertje\IdeaProjects\movieAppKMP\caches\jars-9).
2025-03-26T07:32:01.177+0100 [DEBUG] [org.gradle.cache.internal.locklistener.FileLockCommunicator] Confirming lock release to Gradle process at port 57778 for lock with id -4387281825582859302.
2025-03-26T07:32:01.178+0100 [DEBUG] [org.gradle.cache.internal.locklistener.FileLockCommunicator] Confirming lock release to Gradle process at port 57778 for lock with id -4387281825582859302.
2025-03-26T07:32:02.232+0100 [DEBUG] [org.gradle.cache.internal.LockOnDemandCrossProcessCacheAccess] Lock on artifact cache (C:\Users\Broertje\IdeaProjects\movieAppKMP\caches\modules-2) requested by another process - releasing lock.
2025-03-26T07:32:02.232+0100 [DEBUG] [org.gradle.cache.internal.LockOnDemandCrossProcessCacheAccess] Releasing file lock for artifact cache (C:\Users\Broertje\IdeaProjects\movieAppKMP\caches\modules-2)
2025-03-26T07:32:02.232+0100 [DEBUG] [org.gradle.cache.internal.btree.BTreePersistentIndexedCache] Closing cache module-metadata.bin (C:\Users\Broertje\IdeaProjects\movieAppKMP\caches\modules-2\metadata-2.105\module-metadata.bin)
2025-03-26T07:32:02.233+0100 [DEBUG] [org.gradle.cache.internal.btree.BTreePersistentIndexedCache] Closing cache module-artifact.bin (C:\Users\Broertje\IdeaProjects\movieAppKMP\caches\modules-2\metadata-2.105\module-artifact.bin)
2025-03-26T07:32:02.233+0100 [DEBUG] [org.gradle.cache.internal.DefaultFileLockManager] Releasing lock on artifact cache (C:\Users\Broertje\IdeaProjects\movieAppKMP\caches\modules-2).
2025-03-26T07:32:02.234+0100 [DEBUG] [org.gradle.cache.internal.locklistener.FileLockCommunicator] Confirming lock release to Gradle process at port 57778 for lock with id -6966441923731879544.
2025-03-26T07:32:02.234+0100 [DEBUG] [org.gradle.cache.internal.locklistener.FileLockCommunicator] Confirming lock release to Gradle process at port 57778 for lock with id -6966441923731879544.
2025-03-26T07:32:06.721+0100 [DEBUG] [org.gradle.cache.internal.DefaultFileLockManager] Waiting to acquire shared lock on daemon addresses registry.
2025-03-26T07:32:06.721+0100 [DEBUG] [org.gradle.cache.internal.DefaultFileLockManager] Lock acquired on daemon addresses registry.
2025-03-26T07:32:06.722+0100 [DEBUG] [org.gradle.cache.internal.DefaultFileLockManager] Releasing lock on daemon addresses registry.
2025-03-26T07:32:06.724+0100 [DEBUG] [org.gradle.cache.internal.DefaultFileLockManager] Waiting to acquire shared lock on daemon addresses registry.
2025-03-26T07:32:06.724+0100 [DEBUG] [org.gradle.cache.internal.DefaultFileLockManager] Lock acquired on daemon addresses registry.
2025-03-26T07:32:06.725+0100 [DEBUG] [org.gradle.cache.internal.DefaultFileLockManager] Releasing lock on daemon addresses registry.
2025-03-26T07:32:16.721+0100 [DEBUG] [org.gradle.cache.internal.DefaultFileLockManager] Waiting to acquire shared lock on daemon addresses registry.
2025-03-26T07:32:16.722+0100 [DEBUG] [org.gradle.cache.internal.DefaultFileLockManager] Lock acquired on daemon addresses registry.
2025-03-26T07:32:16.722+0100 [DEBUG] [org.gradle.cache.internal.DefaultFileLockManager] Releasing lock on daemon addresses registry.
2025-03-26T07:32:16.723+0100 [DEBUG] [org.gradle.cache.internal.DefaultFileLockManager] Waiting to acquire shared lock on daemon addresses registry.
2025-03-26T07:32:16.724+0100 [DEBUG] [org.gradle.cache.internal.DefaultFileLockManager] Lock acquired on daemon addresses registry.
2025-03-26T07:32:16.724+0100 [DEBUG] [org.gradle.cache.internal.DefaultFileLockManager] Releasing lock on daemon addresses registry.
2025-03-26T07:32:16.725+0100 [DEBUG] [org.gradle.cache.internal.DefaultFileLockManager] Waiting to acquire shared lock on daemon addresses registry.
2025-03-26T07:32:16.726+0100 [DEBUG] [org.gradle.cache.internal.DefaultFileLockManager] Lock acquired on daemon addresses registry.
2025-03-26T07:32:16.726+0100 [DEBUG] [org.gradle.cache.internal.DefaultFileLockManager] Releasing lock on daemon addresses registry.
2025-03-26T07:32:26.721+0100 [DEBUG] [org.gradle.cache.internal.DefaultFileLockManager] Waiting to acquire shared lock on daemon addresses registry.
2025-03-26T07:32:26.721+0100 [DEBUG] [org.gradle.cache.internal.DefaultFileLockManager] Lock acquired on daemon addresses registry.
2025-03-26T07:32:26.722+0100 [DEBUG] [org.gradle.cache.internal.DefaultFileLockManager] Releasing lock on daemon addresses registry.
2025-03-26T07:32:26.723+0100 [DEBUG] [org.gradle.cache.internal.DefaultFileLockManager] Waiting to acquire shared lock on daemon addresses registry.
2025-03-26T07:32:26.723+0100 [DEBUG] [org.gradle.cache.internal.DefaultFileLockManager] Lock acquired on daemon addresses registry.
2025-03-26T07:32:26.724+0100 [DEBUG] [org.gradle.cache.internal.DefaultFileLockManager] Releasing lock on daemon addresses registry.
2025-03-26T07:32:26.725+0100 [DEBUG] [org.gradle.cache.internal.DefaultFileLockManager] Waiting to acquire shared lock on daemon addresses registry.
2025-03-26T07:32:26.725+0100 [DEBUG] [org.gradle.cache.internal.DefaultFileLockManager] Lock acquired on daemon addresses registry.
2025-03-26T07:32:26.726+0100 [DEBUG] [org.gradle.cache.internal.DefaultFileLockManager] Releasing lock on daemon addresses registry.
2025-03-26T07:32:36.711+0100 [DEBUG] [org.gradle.cache.internal.DefaultFileLockManager] Waiting to acquire shared lock on daemon addresses registry.
2025-03-26T07:32:36.711+0100 [DEBUG] [org.gradle.cache.internal.DefaultFileLockManager] Lock acquired on daemon addresses registry.
2025-03-26T07:32:36.711+0100 [DEBUG] [org.gradle.cache.internal.DefaultFileLockManager] Releasing lock on daemon addresses registry.
2025-03-26T07:32:36.713+0100 [DEBUG] [org.gradle.cache.internal.DefaultFileLockManager] Waiting to acquire shared lock on daemon addresses registry.
2025-03-26T07:32:36.713+0100 [DEBUG] [org.gradle.cache.internal.DefaultFileLockManager] Lock acquired on daemon addresses registry.
2025-03-26T07:32:36.714+0100 [DEBUG] [org.gradle.cache.internal.DefaultFileLockManager] Releasing lock on daemon addresses registry.
2025-03-26T07:32:36.715+0100 [DEBUG] [org.gradle.cache.internal.DefaultFileLockManager] Waiting to acquire shared lock on daemon addresses registry.
2025-03-26T07:32:36.715+0100 [DEBUG] [org.gradle.cache.internal.DefaultFileLockManager] Lock acquired on daemon addresses registry.
2025-03-26T07:32:36.715+0100 [DEBUG] [org.gradle.cache.internal.DefaultFileLockManager] Releasing lock on daemon addresses registry.
2025-03-26T07:32:46.723+0100 [DEBUG] [org.gradle.cache.internal.DefaultFileLockManager] Waiting to acquire shared lock on daemon addresses registry.
2025-03-26T07:32:46.723+0100 [DEBUG] [org.gradle.cache.internal.DefaultFileLockManager] Lock acquired on daemon addresses registry.
2025-03-26T07:32:46.723+0100 [DEBUG] [org.gradle.cache.internal.DefaultFileLockManager] Releasing lock on daemon addresses registry.
2025-03-26T07:32:46.725+0100 [DEBUG] [org.gradle.cache.internal.DefaultFileLockManager] Waiting to acquire shared lock on daemon addresses registry.
2025-03-26T07:32:46.725+0100 [DEBUG] [org.gradle.cache.internal.DefaultFileLockManager] Lock acquired on daemon addresses registry.
2025-03-26T07:32:46.725+0100 [DEBUG] [org.gradle.cache.internal.DefaultFileLockManager] Releasing lock on daemon addresses registry.
2025-03-26T07:32:46.726+0100 [DEBUG] [org.gradle.cache.internal.DefaultFileLockManager] Waiting to acquire shared lock on daemon addresses registry.
2025-03-26T07:32:46.727+0100 [DEBUG] [org.gradle.cache.internal.DefaultFileLockManager] Lock acquired on daemon addresses registry.
2025-03-26T07:32:46.727+0100 [DEBUG] [org.gradle.cache.internal.DefaultFileLockManager] Releasing lock on daemon addresses registry.
2025-03-26T07:32:56.712+0100 [DEBUG] [org.gradle.cache.internal.DefaultFileLockManager] Waiting to acquire shared lock on daemon addresses registry.
2025-03-26T07:32:56.712+0100 [DEBUG] [org.gradle.cache.internal.DefaultFileLockManager] Lock acquired on daemon addresses registry.
2025-03-26T07:32:56.712+0100 [DEBUG] [org.gradle.cache.internal.DefaultFileLockManager] Releasing lock on daemon addresses registry.
2025-03-26T07:32:56.714+0100 [DEBUG] [org.gradle.cache.internal.DefaultFileLockManager] Waiting to acquire shared lock on daemon addresses registry.
2025-03-26T07:32:56.714+0100 [DEBUG] [org.gradle.cache.internal.DefaultFileLockManager] Lock acquired on daemon addresses registry.
2025-03-26T07:32:56.715+0100 [DEBUG] [org.gradle.cache.internal.DefaultFileLockManager] Releasing lock on daemon addresses registry.
2025-03-26T07:32:56.716+0100 [DEBUG] [org.gradle.cache.internal.DefaultFileLockManager] Waiting to acquire shared lock on daemon addresses registry.
2025-03-26T07:32:56.716+0100 [DEBUG] [org.gradle.cache.internal.DefaultFileLockManager] Lock acquired on daemon addresses registry.
2025-03-26T07:32:56.716+0100 [DEBUG] [org.gradle.cache.internal.DefaultFileLockManager] Releasing lock on daemon addresses registry.
2025-03-26T07:33:06.711+0100 [DEBUG] [org.gradle.cache.internal.DefaultFileLockManager] Waiting to acquire shared lock on daemon addresses registry.
2025-03-26T07:33:06.711+0100 [DEBUG] [org.gradle.cache.internal.DefaultFileLockManager] Lock acquired on daemon addresses registry.
2025-03-26T07:33:06.712+0100 [DEBUG] [org.gradle.cache.internal.DefaultFileLockManager] Releasing lock on daemon addresses registry.
2025-03-26T07:33:06.713+0100 [DEBUG] [org.gradle.cache.internal.DefaultFileLockManager] Waiting to acquire shared lock on daemon addresses registry.
2025-03-26T07:33:06.713+0100 [DEBUG] [org.gradle.cache.internal.DefaultFileLockManager] Lock acquired on daemon addresses registry.
2025-03-26T07:33:06.714+0100 [DEBUG] [org.gradle.cache.internal.DefaultFileLockManager] Releasing lock on daemon addresses registry.
2025-03-26T07:33:06.715+0100 [DEBUG] [org.gradle.cache.internal.DefaultFileLockManager] Waiting to acquire shared lock on daemon addresses registry.
2025-03-26T07:33:06.715+0100 [DEBUG] [org.gradle.cache.internal.DefaultFileLockManager] Lock acquired on daemon addresses registry.
2025-03-26T07:33:06.715+0100 [DEBUG] [org.gradle.cache.internal.DefaultFileLockManager] Releasing lock on daemon addresses registry.
2025-03-26T07:33:13.730+0100 [DEBUG] [org.gradle.internal.remote.internal.inet.TcpIncomingConnector] Accepted connection from /127.0.0.1:59111 to /127.0.0.1:59060.
2025-03-26T07:33:13.735+0100 [DEBUG] [org.gradle.launcher.daemon.server.SynchronizedDispatchConnection] thread 64: received class org.gradle.launcher.daemon.protocol.Build
2025-03-26T07:33:13.735+0100 [DEBUG] [org.gradle.launcher.daemon.server.DefaultDaemonConnection] thread 64: Received non-IO message from client: Build{id=eea1ae54-8255-46fa-8c29-11db6fa2bec0, currentDir=C:\Users\Broertje\IdeaProjects\movieAppKMP}
2025-03-26T07:33:13.736+0100 [INFO] [org.gradle.launcher.daemon.server.DefaultIncomingConnectionHandler] Received command: Build{id=eea1ae54-8255-46fa-8c29-11db6fa2bec0, currentDir=C:\Users\Broertje\IdeaProjects\movieAppKMP}.
2025-03-26T07:33:13.736+0100 [DEBUG] [org.gradle.launcher.daemon.server.DefaultIncomingConnectionHandler] Starting executing command: Build{id=eea1ae54-8255-46fa-8c29-11db6fa2bec0, currentDir=C:\Users\Broertje\IdeaProjects\movieAppKMP} with connection: socket connection from /127.0.0.1:59060 to /127.0.0.1:59111.
2025-03-26T07:33:13.736+0100 [DEBUG] [org.gradle.internal.remote.internal.inet.TcpIncomingConnector] Accepted connection from /127.0.0.1:59114 to /127.0.0.1:59060.
2025-03-26T07:33:13.736+0100 [DEBUG] [org.gradle.launcher.daemon.server.DaemonStateCoordinator] Command execution: started DaemonCommandExecution[command = Build{id=eea1ae54-8255-46fa-8c29-11db6fa2bec0, currentDir=C:\Users\Broertje\IdeaProjects\movieAppKMP}, connection = DefaultDaemonConnection: socket connection from /127.0.0.1:59060 to /127.0.0.1:59111] after 1.0 minutes of idle
2025-03-26T07:33:13.736+0100 [INFO] [org.gradle.launcher.daemon.server.DaemonRegistryUpdater] Marking the daemon as busy, address: [f775afcc-86fe-43ad-a662-d9615c5e2a00 port:59060, addresses:[localhost/127.0.0.1]]
2025-03-26T07:33:13.736+0100 [DEBUG] [org.gradle.launcher.daemon.registry.PersistentDaemonRegistry] Marking busy by address: [f775afcc-86fe-43ad-a662-d9615c5e2a00 port:59060, addresses:[localhost/127.0.0.1]]
2025-03-26T07:33:13.738+0100 [DEBUG] [org.gradle.cache.internal.DefaultFileLockManager] Waiting to acquire exclusive lock on daemon addresses registry.
2025-03-26T07:33:13.738+0100 [DEBUG] [org.gradle.cache.internal.DefaultFileLockManager] Lock acquired on daemon addresses registry.
2025-03-26T07:33:13.739+0100 [DEBUG] [org.gradle.cache.internal.DefaultFileLockManager] Releasing lock on daemon addresses registry.
2025-03-26T07:33:13.740+0100 [DEBUG] [org.gradle.launcher.daemon.server.SynchronizedDispatchConnection] thread 67: received class org.gradle.launcher.daemon.protocol.Build
2025-03-26T07:33:13.741+0100 [DEBUG] [org.gradle.launcher.daemon.server.DefaultDaemonConnection] thread 67: Received non-IO message from client: Build{id=83a040fb-24bb-4b26-ac60-2a6152a08450, currentDir=C:\Users\Broertje\IdeaProjects\movieAppKMP}
2025-03-26T07:33:13.741+0100 [INFO] [org.gradle.launcher.daemon.server.DefaultIncomingConnectionHandler] Received command: Build{id=83a040fb-24bb-4b26-ac60-2a6152a08450, currentDir=C:\Users\Broertje\IdeaProjects\movieAppKMP}.
2025-03-26T07:33:13.741+0100 [DEBUG] [org.gradle.launcher.daemon.server.DefaultIncomingConnectionHandler] Starting executing command: Build{id=83a040fb-24bb-4b26-ac60-2a6152a08450, currentDir=C:\Users\Broertje\IdeaProjects\movieAppKMP} with connection: socket connection from /127.0.0.1:59060 to /127.0.0.1:59114.
2025-03-26T07:33:13.747+0100 [DEBUG] [org.gradle.cache.internal.locklistener.DefaultFileLockContentionHandler] Gradle process at port 62622 confirmed unlock request for lock with id 3076568267238860626.
2025-03-26T07:33:13.747+0100 [DEBUG] [org.gradle.cache.internal.locklistener.DefaultFileLockContentionHandler] Gradle process at port 62622 confirmed unlock request for lock with id 3076568267238860626.
2025-03-26T07:33:13.771+0100 [DEBUG] [org.gradle.launcher.daemon.server.DaemonStateCoordinator] resetting idle timer
2025-03-26T07:33:13.771+0100 [DEBUG] [org.gradle.launcher.daemon.server.DaemonStateCoordinator] daemon is running. Sleeping until state changes.
2025-03-26T07:33:13.771+0100 [INFO] [org.gradle.launcher.daemon.server.exec.StartBuildOrRespondWithBusy] Daemon will not handle the command Build{id=83a040fb-24bb-4b26-ac60-2a6152a08450, currentDir=C:\Users\Broertje\IdeaProjects\movieAppKMP} because is unavailable: This daemon is currently executing: DaemonCommandExecution[command = Build{id=eea1ae54-8255-46fa-8c29-11db6fa2bec0, currentDir=C:\Users\Broertje\IdeaProjects\movieAppKMP}, connection = DefaultDaemonConnection: socket connection from /127.0.0.1:59060 to /127.0.0.1:59111]
2025-03-26T07:33:13.771+0100 [INFO] [org.gradle.launcher.daemon.server.exec.StartBuildOrRespondWithBusy] Daemon is about to start building Build{id=eea1ae54-8255-46fa-8c29-11db6fa2bec0, currentDir=C:\Users\Broertje\IdeaProjects\movieAppKMP}. Dispatching build started information...
2025-03-26T07:33:13.771+0100 [DEBUG] [org.gradle.launcher.daemon.server.SynchronizedDispatchConnection] thread 69: dispatching org.gradle.launcher.daemon.protocol.BuildStarted@1c77e420
2025-03-26T07:33:13.771+0100 [DEBUG] [org.gradle.launcher.daemon.server.SynchronizedDispatchConnection] thread 66: dispatching org.gradle.launcher.daemon.protocol.DaemonUnavailable@2a802fd
2025-03-26T07:33:13.772+0100 [DEBUG] [org.gradle.launcher.daemon.server.exec.ReturnResult] Daemon is dispatching the build result: Success[value=null]
2025-03-26T07:33:13.772+0100 [DEBUG] [org.gradle.launcher.daemon.server.SynchronizedDispatchConnection] thread 66: dispatching Success[value=null]
2025-03-26T07:33:13.772+0100 [DEBUG] [org.gradle.launcher.daemon.server.SynchronizedDispatchConnection] thread 67: received class org.gradle.launcher.daemon.protocol.Finished
2025-03-26T07:33:13.772+0100 [DEBUG] [org.gradle.launcher.daemon.server.DefaultDaemonConnection] thread 67: Received non-IO message from client: org.gradle.launcher.daemon.protocol.Finished@42e7c4f1
2025-03-26T07:33:13.772+0100 [DEBUG] [org.gradle.launcher.daemon.server.DefaultIncomingConnectionHandler] Finishing executing command: Build{id=83a040fb-24bb-4b26-ac60-2a6152a08450, currentDir=C:\Users\Broertje\IdeaProjects\movieAppKMP}
2025-03-26T07:33:13.772+0100 [DEBUG] [org.gradle.launcher.daemon.server.SynchronizedDispatchConnection] thread 64: received class org.gradle.launcher.daemon.protocol.CloseInput
2025-03-26T07:33:13.772+0100 [DEBUG] [org.gradle.launcher.daemon.server.DefaultDaemonConnection] thread 64: Received IO message from client: org.gradle.launcher.daemon.protocol.CloseInput@39ff63ea
2025-03-26T07:33:13.772+0100 [DEBUG] [org.gradle.launcher.daemon.server.DefaultIncomingConnectionHandler] Received finished message: org.gradle.launcher.daemon.protocol.Finished@42e7c4f1
2025-03-26T07:33:13.772+0100 [DEBUG] [org.gradle.launcher.daemon.server.exec.EstablishBuildEnvironment] Configuring env variables: [USERDOMAIN_ROAMINGPROFILE, PROCESSOR_LEVEL, SESSIONNAME, ALLUSERSPROFILE, PROCESSOR_ARCHITECTURE, PSModulePath, SystemDrive, EFC_12648, ACSvcPort, USERNAME, ProgramFiles(x86), ACSetupSvcPort, FPS_BROWSER_USER_PROFILE_STRING, PATHEXT, DriverData, OneDriveConsumer, ProgramData, ProgramW6432, HOMEPATH, PROCESSOR_IDENTIFIER, ProgramFiles, PUBLIC, windir, =::, LOCALAPPDATA, ChocolateyLastPathUpdate, USERDOMAIN, LOGONSERVER, FPS_BROWSER_APP_PROFILE_STRING, JAVA_HOME, RlsSvcPort, OneDrive, APPDATA, ChocolateyInstall, VBOX_MSI_INSTALL_PATH, CommonProgramFiles, Path, OS, COMPUTERNAME, EnableLog, PROCESSOR_REVISION, CommonProgramW6432, ComSpec, =D:, TEMP, SystemRoot, HOMEDRIVE, USERPROFILE, TMP, CommonProgramFiles(x86), NUMBER_OF_PROCESSORS, IDEA_INITIAL_DIRECTORY]
2025-03-26T07:33:13.772+0100 [DEBUG] [org.gradle.internal.remote.internal.inet.SocketConnection] Discarding EOFException: java.io.EOFException
2025-03-26T07:33:13.772+0100 [DEBUG] [org.gradle.launcher.daemon.server.SynchronizedDispatchConnection] thread 66: stopping connection
2025-03-26T07:33:13.773+0100 [DEBUG] [org.gradle.launcher.daemon.server.SynchronizedDispatchConnection] thread 67: received null
2025-03-26T07:33:13.773+0100 [DEBUG] [org.gradle.launcher.daemon.server.DefaultDaemonConnection] thread 67: Received end-of-input from client.
2025-03-26T07:33:13.773+0100 [DEBUG] [org.gradle.launcher.daemon.server.SynchronizedDispatchConnection] thread 66: stopping connection
2025-03-26T07:33:13.773+0100 [DEBUG] [org.gradle.launcher.daemon.server.exec.LogToClient] About to start relaying all logs to the client via the connection.
2025-03-26T07:33:13.773+0100 [INFO] [org.gradle.launcher.daemon.server.exec.LogToClient] The client will now receive all logging from the daemon (pid: 36696). The daemon log file: C:\Users\Broertje\IdeaProjects\movieAppKMP\daemon\8.1.1\daemon-36696.out.log
2025-03-26T07:33:13.775+0100 [INFO] [org.gradle.launcher.daemon.server.exec.LogAndCheckHealth] Starting 2nd build in daemon [uptime: 1 mins 17.5 secs, performance: 100%, GC rate: 0.00/s, heap usage: 0% of 2 GiB]
2025-03-26T07:33:13.775+0100 [DEBUG] [org.gradle.launcher.daemon.server.exec.ExecuteBuild] The daemon has started executing the build.
2025-03-26T07:33:13.775+0100 [INFO] [org.gradle.launcher.daemon.server.exec.ForwardClientInput] Closing daemon's stdin at end of input.
2025-03-26T07:33:13.775+0100 [INFO] [org.gradle.launcher.daemon.server.exec.ForwardClientInput] The daemon will no longer process any standard input.
2025-03-26T07:33:13.775+0100 [DEBUG] [org.gradle.launcher.daemon.server.exec.ExecuteBuild] Executing build with daemon context: DefaultDaemonContext[uid=10baf796-e4ff-416a-a198-c809ac08ef93,javaHome=C:\Program Files\Java\jdk-17,daemonRegistryDir=C:\Users\Broertje\IdeaProjects\movieAppKMP\daemon,pid=36696,idleTimeout=10800000,priority=NORMAL,applyInstrumentationAgent=true,daemonOpts=--add-opens=java.base/java.util=ALL-UNNAMED,--add-opens=java.base/java.lang=ALL-UNNAMED,--add-opens=java.base/java.lang.invoke=ALL-UNNAMED,--add-opens=java.prefs/java.util.prefs=ALL-UNNAMED,--add-opens=java.base/java.nio.charset=ALL-UNNAMED,--add-opens=java.base/java.net=ALL-UNNAMED,--add-opens=java.base/java.util.concurrent.atomic=ALL-UNNAMED,-Xmx2048m,-Dfile.encoding=windows-1252,-Duser.country=GB,-Duser.language=en,-Duser.variant]

FAILURE: Build failed with an exception.

* What went wrong:
Task 'wrapper' not found in project ':androidApp'.

* Try:
> Run gradle tasks to get a list of available tasks.
> Run with --stacktrace option to get the stack trace.
> Run with --info or --debug option to get more log output.
> Run with --scan to get full insights.

* Get more help at https://help.gradle.org

BUILD FAILED in 14s
2025-03-26T07:33:27.932+0100 [DEBUG] [org.gradle.launcher.daemon.server.exec.ExecuteBuild] The daemon has finished executing the build.
2025-03-26T07:33:27.948+0100 [DEBUG] [org.gradle.launcher.daemon.server.DaemonStateCoordinator] daemon is running. Sleeping until state changes.
2025-03-26T07:33:27.948+0100 [DEBUG] [org.gradle.launcher.daemon.server.DaemonStateCoordinator] Command execution: finished waiting for DaemonCommandExecution[command = Build{id=eea1ae54-8255-46fa-8c29-11db6fa2bec0, currentDir=C:\Users\Broertje\IdeaProjects\movieAppKMP}, connection = DefaultDaemonConnection: socket connection from /127.0.0.1:59060 to /127.0.0.1:59111]. Result org.gradle.launcher.daemon.server.DaemonStateCoordinator@4d8cbbfd with state Busy
2025-03-26T07:33:27.948+0100 [DEBUG] [org.gradle.launcher.daemon.server.DaemonStateCoordinator] Command execution: completed DaemonCommandExecution[command = Build{id=eea1ae54-8255-46fa-8c29-11db6fa2bec0, currentDir=C:\Users\Broertje\IdeaProjects\movieAppKMP}, connection = DefaultDaemonConnection: socket connection from /127.0.0.1:59060 to /127.0.0.1:59111]
2025-03-26T07:33:27.948+0100 [DEBUG] [org.gradle.launcher.daemon.server.DaemonStateCoordinator] resetting idle timer
2025-03-26T07:33:27.949+0100 [INFO] [org.gradle.launcher.daemon.server.DaemonRegistryUpdater] Marking the daemon as idle, address: [f775afcc-86fe-43ad-a662-d9615c5e2a00 port:59060, addresses:[localhost/127.0.0.1]]
2025-03-26T07:33:27.949+0100 [DEBUG] [org.gradle.launcher.daemon.registry.PersistentDaemonRegistry] Marking busy by address: [f775afcc-86fe-43ad-a662-d9615c5e2a00 port:59060, addresses:[localhost/127.0.0.1]]
2025-03-26T07:33:27.952+0100 [DEBUG] [org.gradle.cache.internal.DefaultFileLockManager] Waiting to acquire exclusive lock on daemon addresses registry.
2025-03-26T07:33:27.953+0100 [DEBUG] [org.gradle.cache.internal.DefaultFileLockManager] Lock acquired on daemon addresses registry.
2025-03-26T07:33:27.957+0100 [DEBUG] [org.gradle.cache.internal.DefaultFileLockManager] Releasing lock on daemon addresses registry.
2025-03-26T07:33:27.958+0100 [DEBUG] [org.gradle.launcher.daemon.server.exec.ReturnResult] Daemon is dispatching the build result: Success[value=org.gradle.launcher.exec.BuildActionResult@4b1ed287]
2025-03-26T07:33:27.958+0100 [DEBUG] [org.gradle.launcher.daemon.server.DaemonStateCoordinator] daemon is running. Sleeping until state changes.
2025-03-26T07:33:27.959+0100 [DEBUG] [org.gradle.launcher.daemon.server.SynchronizedDispatchConnection] thread 63: dispatching Success[value=org.gradle.launcher.exec.BuildActionResult@4b1ed287]
2025-03-26T07:33:27.962+0100 [DEBUG] [org.gradle.launcher.daemon.server.DefaultIncomingConnectionHandler] Finishing executing command: Build{id=eea1ae54-8255-46fa-8c29-11db6fa2bec0, currentDir=C:\Users\Broertje\IdeaProjects\movieAppKMP}
2025-03-26T07:33:27.962+0100 [DEBUG] [org.gradle.launcher.daemon.server.SynchronizedDispatchConnection] thread 64: received class org.gradle.launcher.daemon.protocol.Finished
2025-03-26T07:33:27.963+0100 [DEBUG] [org.gradle.launcher.daemon.server.DefaultDaemonConnection] thread 64: Received non-IO message from client: org.gradle.launcher.daemon.protocol.Finished@37388aa5
2025-03-26T07:33:27.963+0100 [DEBUG] [org.gradle.launcher.daemon.server.DefaultIncomingConnectionHandler] Received finished message: org.gradle.launcher.daemon.protocol.Finished@37388aa5
2025-03-26T07:33:27.963+0100 [DEBUG] [org.gradle.launcher.daemon.server.SynchronizedDispatchConnection] thread 63: stopping connection
2025-03-26T07:33:27.963+0100 [DEBUG] [org.gradle.internal.remote.internal.inet.SocketConnection] Discarding EOFException: java.io.EOFException
2025-03-26T07:33:27.963+0100 [DEBUG] [org.gradle.launcher.daemon.server.SynchronizedDispatchConnection] thread 64: received null
2025-03-26T07:33:27.963+0100 [DEBUG] [org.gradle.launcher.daemon.server.DefaultDaemonConnection] thread 64: Received end-of-input from client.
2025-03-26T07:33:27.964+0100 [DEBUG] [org.gradle.launcher.daemon.server.SynchronizedDispatchConnection] thread 63: stopping connection
2025-03-26T07:33:30.081+0100 [DEBUG] [org.gradle.cache.internal.LockOnDemandCrossProcessCacheAccess] Lock on artifact cache (C:\Users\Broertje\IdeaProjects\movieAppKMP\caches\modules-2) requested by another process - releasing lock.
2025-03-26T07:33:30.081+0100 [DEBUG] [org.gradle.cache.internal.LockOnDemandCrossProcessCacheAccess] Releasing file lock for artifact cache (C:\Users\Broertje\IdeaProjects\movieAppKMP\caches\modules-2)
2025-03-26T07:33:30.081+0100 [DEBUG] [org.gradle.cache.internal.DefaultFileLockManager] Releasing lock on artifact cache (C:\Users\Broertje\IdeaProjects\movieAppKMP\caches\modules-2).
2025-03-26T07:33:30.082+0100 [DEBUG] [org.gradle.cache.internal.locklistener.FileLockCommunicator] Confirming lock release to Gradle process at port 54496 for lock with id -1767192262954099115.
2025-03-26T07:33:30.083+0100 [DEBUG] [org.gradle.cache.internal.locklistener.FileLockCommunicator] Confirming lock release to Gradle process at port 54496 for lock with id -1767192262954099115.
2025-03-26T07:33:31.766+0100 [DEBUG] [org.gradle.process.internal.health.memory.DefaultMemoryManager] 1654143795 memory requested, 734076928 free
2025-03-26T07:33:31.767+0100 [DEBUG] [org.gradle.workers.internal.WorkerDaemonExpiration] Will attempt to release 1577 of memory
2025-03-26T07:33:31.767+0100 [DEBUG] [org.gradle.process.internal.health.memory.DefaultMemoryManager] 1654143795 memory requested, 0 released, 734076928 free
2025-03-26T07:33:33.332+0100 [DEBUG] [org.gradle.internal.remote.internal.inet.TcpIncomingConnector] Accepted connection from /127.0.0.1:59140 to /127.0.0.1:59060.
2025-03-26T07:33:33.337+0100 [DEBUG] [org.gradle.internal.remote.internal.inet.TcpIncomingConnector] Accepted connection from /127.0.0.1:59143 to /127.0.0.1:59060.
2025-03-26T07:33:33.337+0100 [DEBUG] [org.gradle.launcher.daemon.server.SynchronizedDispatchConnection] thread 104: received class org.gradle.launcher.daemon.protocol.Build
2025-03-26T07:33:33.337+0100 [DEBUG] [org.gradle.launcher.daemon.server.DefaultDaemonConnection] thread 104: Received non-IO message from client: Build{id=291098fa-ca4b-43d5-a25d-bb795930862a, currentDir=C:\Users\Broertje\IdeaProjects\movieAppKMP}
2025-03-26T07:33:33.338+0100 [INFO] [org.gradle.launcher.daemon.server.DefaultIncomingConnectionHandler] Received command: Build{id=291098fa-ca4b-43d5-a25d-bb795930862a, currentDir=C:\Users\Broertje\IdeaProjects\movieAppKMP}.
2025-03-26T07:33:33.338+0100 [DEBUG] [org.gradle.launcher.daemon.server.DefaultIncomingConnectionHandler] Starting executing command: Build{id=291098fa-ca4b-43d5-a25d-bb795930862a, currentDir=C:\Users\Broertje\IdeaProjects\movieAppKMP} with connection: socket connection from /127.0.0.1:59060 to /127.0.0.1:59140.
2025-03-26T07:33:33.338+0100 [DEBUG] [org.gradle.launcher.daemon.server.DaemonStateCoordinator] Command execution: started DaemonCommandExecution[command = Build{id=291098fa-ca4b-43d5-a25d-bb795930862a, currentDir=C:\Users\Broertje\IdeaProjects\movieAppKMP}, connection = DefaultDaemonConnection: socket connection from /127.0.0.1:59060 to /127.0.0.1:59140] after 0.0 minutes of idle
2025-03-26T07:33:33.338+0100 [INFO] [org.gradle.launcher.daemon.server.DaemonRegistryUpdater] Marking the daemon as busy, address: [f775afcc-86fe-43ad-a662-d9615c5e2a00 port:59060, addresses:[localhost/127.0.0.1]]
2025-03-26T07:33:33.338+0100 [DEBUG] [org.gradle.launcher.daemon.registry.PersistentDaemonRegistry] Marking busy by address: [f775afcc-86fe-43ad-a662-d9615c5e2a00 port:59060, addresses:[localhost/127.0.0.1]]
2025-03-26T07:33:33.340+0100 [DEBUG] [org.gradle.cache.internal.DefaultFileLockManager] Waiting to acquire exclusive lock on daemon addresses registry.
2025-03-26T07:33:33.340+0100 [DEBUG] [org.gradle.cache.internal.DefaultFileLockManager] Lock acquired on daemon addresses registry.
2025-03-26T07:33:33.342+0100 [DEBUG] [org.gradle.cache.internal.DefaultFileLockManager] Releasing lock on daemon addresses registry.
2025-03-26T07:33:33.342+0100 [DEBUG] [org.gradle.launcher.daemon.server.DaemonStateCoordinator] resetting idle timer
2025-03-26T07:33:33.343+0100 [DEBUG] [org.gradle.launcher.daemon.server.SynchronizedDispatchConnection] thread 106: received class org.gradle.launcher.daemon.protocol.Build
2025-03-26T07:33:33.343+0100 [INFO] [org.gradle.launcher.daemon.server.exec.StartBuildOrRespondWithBusy] Daemon is about to start building Build{id=291098fa-ca4b-43d5-a25d-bb795930862a, currentDir=C:\Users\Broertje\IdeaProjects\movieAppKMP}. Dispatching build started information...
2025-03-26T07:33:33.343+0100 [DEBUG] [org.gradle.launcher.daemon.server.DaemonStateCoordinator] daemon is running. Sleeping until state changes.
2025-03-26T07:33:33.343+0100 [DEBUG] [org.gradle.launcher.daemon.server.SynchronizedDispatchConnection] thread 69: dispatching org.gradle.launcher.daemon.protocol.BuildStarted@1334aa7f
2025-03-26T07:33:33.343+0100 [DEBUG] [org.gradle.launcher.daemon.server.DefaultDaemonConnection] thread 106: Received non-IO message from client: Build{id=6bb44334-ff6d-4ae6-8600-10a81c6cac67, currentDir=C:\Users\Broertje\IdeaProjects\movieAppKMP}
2025-03-26T07:33:33.343+0100 [INFO] [org.gradle.launcher.daemon.server.DefaultIncomingConnectionHandler] Received command: Build{id=6bb44334-ff6d-4ae6-8600-10a81c6cac67, currentDir=C:\Users\Broertje\IdeaProjects\movieAppKMP}.
2025-03-26T07:33:33.343+0100 [DEBUG] [org.gradle.launcher.daemon.server.DefaultIncomingConnectionHandler] Starting executing command: Build{id=6bb44334-ff6d-4ae6-8600-10a81c6cac67, currentDir=C:\Users\Broertje\IdeaProjects\movieAppKMP} with connection: socket connection from /127.0.0.1:59060 to /127.0.0.1:59143.
2025-03-26T07:33:33.344+0100 [INFO] [org.gradle.launcher.daemon.server.exec.StartBuildOrRespondWithBusy] Daemon will not handle the command Build{id=6bb44334-ff6d-4ae6-8600-10a81c6cac67, currentDir=C:\Users\Broertje\IdeaProjects\movieAppKMP} because is unavailable: This daemon is currently executing: DaemonCommandExecution[command = Build{id=291098fa-ca4b-43d5-a25d-bb795930862a, currentDir=C:\Users\Broertje\IdeaProjects\movieAppKMP}, connection = DefaultDaemonConnection: socket connection from /127.0.0.1:59060 to /127.0.0.1:59140]
2025-03-26T07:33:33.350+0100 [DEBUG] [org.gradle.launcher.daemon.server.SynchronizedDispatchConnection] thread 104: received class org.gradle.launcher.daemon.protocol.CloseInput
2025-03-26T07:33:33.350+0100 [DEBUG] [org.gradle.launcher.daemon.server.exec.EstablishBuildEnvironment] Configuring env variables: [USERDOMAIN_ROAMINGPROFILE, PROCESSOR_LEVEL, SESSIONNAME, ALLUSERSPROFILE, PROCESSOR_ARCHITECTURE, PSModulePath, SystemDrive, EFC_12648, ACSvcPort, USERNAME, ProgramFiles(x86), ACSetupSvcPort, FPS_BROWSER_USER_PROFILE_STRING, PATHEXT, DriverData, OneDriveConsumer, ProgramData, ProgramW6432, HOMEPATH, PROCESSOR_IDENTIFIER, ProgramFiles, PUBLIC, windir, =::, LOCALAPPDATA, ChocolateyLastPathUpdate, USERDOMAIN, LOGONSERVER, FPS_BROWSER_APP_PROFILE_STRING, JAVA_HOME, RlsSvcPort, OneDrive, APPDATA, ChocolateyInstall, VBOX_MSI_INSTALL_PATH, CommonProgramFiles, Path, OS, COMPUTERNAME, EnableLog, PROCESSOR_REVISION, CommonProgramW6432, ComSpec, =D:, TEMP, SystemRoot, HOMEDRIVE, USERPROFILE, TMP, CommonProgramFiles(x86), NUMBER_OF_PROCESSORS, IDEA_INITIAL_DIRECTORY]
2025-03-26T07:33:33.350+0100 [DEBUG] [org.gradle.launcher.daemon.server.SynchronizedDispatchConnection] thread 66: dispatching org.gradle.launcher.daemon.protocol.DaemonUnavailable@20fabcba
2025-03-26T07:33:33.351+0100 [DEBUG] [org.gradle.launcher.daemon.server.DefaultDaemonConnection] thread 104: Received IO message from client: org.gradle.launcher.daemon.protocol.CloseInput@5e1da946
2025-03-26T07:33:33.351+0100 [DEBUG] [org.gradle.launcher.daemon.server.exec.ReturnResult] Daemon is dispatching the build result: Success[value=null]
2025-03-26T07:33:33.351+0100 [DEBUG] [org.gradle.launcher.daemon.server.SynchronizedDispatchConnection] thread 66: dispatching Success[value=null]
2025-03-26T07:33:33.351+0100 [DEBUG] [org.gradle.launcher.daemon.server.SynchronizedDispatchConnection] thread 106: received class org.gradle.launcher.daemon.protocol.Finished
2025-03-26T07:33:33.352+0100 [DEBUG] [org.gradle.launcher.daemon.server.DefaultDaemonConnection] thread 106: Received non-IO message from client: org.gradle.launcher.daemon.protocol.Finished@525eea4e
2025-03-26T07:33:33.352+0100 [DEBUG] [org.gradle.launcher.daemon.server.DefaultIncomingConnectionHandler] Finishing executing command: Build{id=6bb44334-ff6d-4ae6-8600-10a81c6cac67, currentDir=C:\Users\Broertje\IdeaProjects\movieAppKMP}
2025-03-26T07:33:33.352+0100 [DEBUG] [org.gradle.launcher.daemon.server.DefaultIncomingConnectionHandler] Received finished message: org.gradle.launcher.daemon.protocol.Finished@525eea4e
2025-03-26T07:33:33.352+0100 [DEBUG] [org.gradle.launcher.daemon.server.SynchronizedDispatchConnection] thread 66: stopping connection
2025-03-26T07:33:33.352+0100 [DEBUG] [org.gradle.internal.remote.internal.inet.SocketConnection] Discarding EOFException: java.io.EOFException
2025-03-26T07:33:33.352+0100 [DEBUG] [org.gradle.launcher.daemon.server.SynchronizedDispatchConnection] thread 106: received null
2025-03-26T07:33:33.353+0100 [DEBUG] [org.gradle.launcher.daemon.server.DefaultDaemonConnection] thread 106: Received end-of-input from client.
2025-03-26T07:33:33.353+0100 [DEBUG] [org.gradle.launcher.daemon.server.exec.LogToClient] About to start relaying all logs to the client via the connection.
2025-03-26T07:33:33.353+0100 [DEBUG] [org.gradle.launcher.daemon.server.SynchronizedDispatchConnection] thread 66: stopping connection
2025-03-26T07:33:33.353+0100 [INFO] [org.gradle.launcher.daemon.server.exec.LogToClient] The client will now receive all logging from the daemon (pid: 36696). The daemon log file: C:\Users\Broertje\IdeaProjects\movieAppKMP\daemon\8.1.1\daemon-36696.out.log
2025-03-26T07:33:33.354+0100 [INFO] [org.gradle.launcher.daemon.server.exec.LogAndCheckHealth] Starting 3rd build in daemon [uptime: 1 mins 37.08 secs, performance: 100%, GC rate: 0.00/s, heap usage: 0% of 2 GiB]
2025-03-26T07:33:33.354+0100 [DEBUG] [org.gradle.launcher.daemon.server.exec.ExecuteBuild] The daemon has started executing the build.
2025-03-26T07:33:33.355+0100 [INFO] [org.gradle.launcher.daemon.server.exec.ForwardClientInput] Closing daemon's stdin at end of input.
2025-03-26T07:33:33.355+0100 [INFO] [org.gradle.launcher.daemon.server.exec.ForwardClientInput] The daemon will no longer process any standard input.
2025-03-26T07:33:33.355+0100 [DEBUG] [org.gradle.launcher.daemon.server.exec.ExecuteBuild] Executing build with daemon context: DefaultDaemonContext[uid=10baf796-e4ff-416a-a198-c809ac08ef93,javaHome=C:\Program Files\Java\jdk-17,daemonRegistryDir=C:\Users\Broertje\IdeaProjects\movieAppKMP\daemon,pid=36696,idleTimeout=10800000,priority=NORMAL,applyInstrumentationAgent=true,daemonOpts=--add-opens=java.base/java.util=ALL-UNNAMED,--add-opens=java.base/java.lang=ALL-UNNAMED,--add-opens=java.base/java.lang.invoke=ALL-UNNAMED,--add-opens=java.prefs/java.util.prefs=ALL-UNNAMED,--add-opens=java.base/java.nio.charset=ALL-UNNAMED,--add-opens=java.base/java.net=ALL-UNNAMED,--add-opens=java.base/java.util.concurrent.atomic=ALL-UNNAMED,-Xmx2048m,-Dfile.encoding=windows-1252,-Duser.country=GB,-Duser.language=en,-Duser.variant]

FAILURE: Build failed with an exception.

* What went wrong:
Task 'wrapper' not found in project ':androidApp'.

* Try:
> Run gradle tasks to get a list of available tasks.
> Run with --stacktrace option to get the stack trace.
> Run with --info or --debug option to get more log output.
> Run with --scan to get full insights.

* Get more help at https://help.gradle.org

BUILD FAILED in 3s
2025-03-26T07:33:36.487+0100 [DEBUG] [org.gradle.launcher.daemon.server.exec.ExecuteBuild] The daemon has finished executing the build.
2025-03-26T07:33:36.503+0100 [DEBUG] [org.gradle.launcher.daemon.server.DaemonStateCoordinator] daemon is running. Sleeping until state changes.
2025-03-26T07:33:36.503+0100 [DEBUG] [org.gradle.launcher.daemon.server.DaemonStateCoordinator] Command execution: finished waiting for DaemonCommandExecution[command = Build{id=291098fa-ca4b-43d5-a25d-bb795930862a, currentDir=C:\Users\Broertje\IdeaProjects\movieAppKMP}, connection = DefaultDaemonConnection: socket connection from /127.0.0.1:59060 to /127.0.0.1:59140]. Result org.gradle.launcher.daemon.server.DaemonStateCoordinator@4d8cbbfd with state Busy
2025-03-26T07:33:36.503+0100 [DEBUG] [org.gradle.launcher.daemon.server.DaemonStateCoordinator] Command execution: completed DaemonCommandExecution[command = Build{id=291098fa-ca4b-43d5-a25d-bb795930862a, currentDir=C:\Users\Broertje\IdeaProjects\movieAppKMP}, connection = DefaultDaemonConnection: socket connection from /127.0.0.1:59060 to /127.0.0.1:59140]
2025-03-26T07:33:36.503+0100 [DEBUG] [org.gradle.launcher.daemon.server.DaemonStateCoordinator] resetting idle timer
2025-03-26T07:33:36.503+0100 [INFO] [org.gradle.launcher.daemon.server.DaemonRegistryUpdater] Marking the daemon as idle, address: [f775afcc-86fe-43ad-a662-d9615c5e2a00 port:59060, addresses:[localhost/127.0.0.1]]
2025-03-26T07:33:36.503+0100 [DEBUG] [org.gradle.launcher.daemon.registry.PersistentDaemonRegistry] Marking busy by address: [f775afcc-86fe-43ad-a662-d9615c5e2a00 port:59060, addresses:[localhost/127.0.0.1]]
2025-03-26T07:33:36.505+0100 [DEBUG] [org.gradle.cache.internal.DefaultFileLockManager] Waiting to acquire exclusive lock on daemon addresses registry.
2025-03-26T07:33:36.505+0100 [DEBUG] [org.gradle.cache.internal.DefaultFileLockManager] Lock acquired on daemon addresses registry.
2025-03-26T07:33:36.507+0100 [DEBUG] [org.gradle.cache.internal.DefaultFileLockManager] Releasing lock on daemon addresses registry.
2025-03-26T07:33:36.507+0100 [DEBUG] [org.gradle.launcher.daemon.server.DaemonStateCoordinator] daemon is running. Sleeping until state changes.
2025-03-26T07:33:36.507+0100 [DEBUG] [org.gradle.launcher.daemon.server.exec.ReturnResult] Daemon is dispatching the build result: Success[value=org.gradle.launcher.exec.BuildActionResult@6dbdc4f5]
2025-03-26T07:33:36.507+0100 [DEBUG] [org.gradle.launcher.daemon.server.SynchronizedDispatchConnection] thread 63: dispatching Success[value=org.gradle.launcher.exec.BuildActionResult@6dbdc4f5]
2025-03-26T07:33:36.508+0100 [DEBUG] [org.gradle.launcher.daemon.server.DefaultIncomingConnectionHandler] Finishing executing command: Build{id=291098fa-ca4b-43d5-a25d-bb795930862a, currentDir=C:\Users\Broertje\IdeaProjects\movieAppKMP}
2025-03-26T07:33:36.509+0100 [DEBUG] [org.gradle.launcher.daemon.server.SynchronizedDispatchConnection] thread 104: received class org.gradle.launcher.daemon.protocol.Finished
2025-03-26T07:33:36.509+0100 [DEBUG] [org.gradle.launcher.daemon.server.DefaultDaemonConnection] thread 104: Received non-IO message from client: org.gradle.launcher.daemon.protocol.Finished@50da5cf5
2025-03-26T07:33:36.509+0100 [DEBUG] [org.gradle.launcher.daemon.server.DefaultIncomingConnectionHandler] Received finished message: org.gradle.launcher.daemon.protocol.Finished@50da5cf5
2025-03-26T07:33:36.509+0100 [DEBUG] [org.gradle.launcher.daemon.server.SynchronizedDispatchConnection] thread 63: stopping connection
2025-03-26T07:33:36.509+0100 [DEBUG] [org.gradle.internal.remote.internal.inet.SocketConnection] Discarding EOFException: java.io.EOFException
2025-03-26T07:33:36.509+0100 [DEBUG] [org.gradle.launcher.daemon.server.SynchronizedDispatchConnection] thread 104: received null
2025-03-26T07:33:36.509+0100 [DEBUG] [org.gradle.launcher.daemon.server.DefaultDaemonConnection] thread 104: Received end-of-input from client.
2025-03-26T07:33:36.509+0100 [DEBUG] [org.gradle.launcher.daemon.server.SynchronizedDispatchConnection] thread 63: stopping connection
2025-03-26T07:33:36.580+0100 [DEBUG] [org.gradle.cache.internal.LockOnDemandCrossProcessCacheAccess] Releasing file lock for journal cache (C:\Users\Broertje\IdeaProjects\movieAppKMP\caches\journal-1)
2025-03-26T07:33:36.580+0100 [DEBUG] [org.gradle.cache.internal.btree.BTreePersistentIndexedCache] Closing cache file-access.bin (C:\Users\Broertje\IdeaProjects\movieAppKMP\caches\journal-1\file-access.bin)
2025-03-26T07:33:36.581+0100 [DEBUG] [org.gradle.cache.internal.DefaultFileLockManager] Releasing lock on journal cache (C:\Users\Broertje\IdeaProjects\movieAppKMP\caches\journal-1).
2025-03-26T07:33:36.581+0100 [DEBUG] [org.gradle.cache.internal.locklistener.FileLockCommunicator] Confirming lock release to Gradle process at port 54496 for lock with id -4986370972522601286.
2025-03-26T07:33:36.581+0100 [DEBUG] [org.gradle.cache.internal.locklistener.FileLockCommunicator] Confirming lock release to Gradle process at port 54496 for lock with id -4986370972522601286.
2025-03-26T07:33:36.582+0100 [DEBUG] [org.gradle.cache.internal.LockOnDemandCrossProcessCacheAccess] Lock on jars (C:\Users\Broertje\IdeaProjects\movieAppKMP\caches\jars-9) requested by another process - releasing lock.
2025-03-26T07:33:36.583+0100 [DEBUG] [org.gradle.cache.internal.LockOnDemandCrossProcessCacheAccess] Releasing file lock for jars (C:\Users\Broertje\IdeaProjects\movieAppKMP\caches\jars-9)
2025-03-26T07:33:36.583+0100 [DEBUG] [org.gradle.cache.internal.DefaultFileLockManager] Releasing lock on jars (C:\Users\Broertje\IdeaProjects\movieAppKMP\caches\jars-9).
2025-03-26T07:33:36.583+0100 [DEBUG] [org.gradle.cache.internal.locklistener.FileLockCommunicator] Confirming lock release to Gradle process at port 54496 for lock with id 443209141125341222.
2025-03-26T07:33:36.583+0100 [DEBUG] [org.gradle.cache.internal.locklistener.FileLockCommunicator] Confirming lock release to Gradle process at port 54496 for lock with id 443209141125341222.
2025-03-26T07:33:36.585+0100 [DEBUG] [org.gradle.cache.internal.LockOnDemandCrossProcessCacheAccess] Lock on file hash cache (C:\Users\Broertje\IdeaProjects\movieAppKMP\caches\8.1.1\fileHashes) requested by another process - releasing lock.
2025-03-26T07:33:36.585+0100 [DEBUG] [org.gradle.cache.internal.LockOnDemandCrossProcessCacheAccess] Releasing file lock for file hash cache (C:\Users\Broertje\IdeaProjects\movieAppKMP\caches\8.1.1\fileHashes)
2025-03-26T07:33:36.585+0100 [DEBUG] [org.gradle.cache.internal.btree.BTreePersistentIndexedCache] Closing cache resourceHashesCache.bin (C:\Users\Broertje\IdeaProjects\movieAppKMP\caches\8.1.1\fileHashes\resourceHashesCache.bin)
2025-03-26T07:33:36.585+0100 [DEBUG] [org.gradle.cache.internal.DefaultFileLockManager] Releasing lock on file hash cache (C:\Users\Broertje\IdeaProjects\movieAppKMP\caches\8.1.1\fileHashes).
2025-03-26T07:33:36.585+0100 [DEBUG] [org.gradle.cache.internal.locklistener.FileLockCommunicator] Confirming lock release to Gradle process at port 54496 for lock with id 3281348014965309831.
2025-03-26T07:33:36.585+0100 [DEBUG] [org.gradle.cache.internal.locklistener.FileLockCommunicator] Confirming lock release to Gradle process at port 54496 for lock with id 3281348014965309831.
2025-03-26T07:33:36.602+0100 [DEBUG] [org.gradle.cache.internal.LockOnDemandCrossProcessCacheAccess] Lock on Generated Gradle JARs cache (C:\Users\Broertje\IdeaProjects\movieAppKMP\caches\8.1.1\generated-gradle-jars) requested by another process - releasing lock.
2025-03-26T07:33:36.602+0100 [DEBUG] [org.gradle.cache.internal.LockOnDemandCrossProcessCacheAccess] Releasing file lock for Generated Gradle JARs cache (C:\Users\Broertje\IdeaProjects\movieAppKMP\caches\8.1.1\generated-gradle-jars)
2025-03-26T07:33:36.602+0100 [DEBUG] [org.gradle.cache.internal.DefaultFileLockManager] Releasing lock on Generated Gradle JARs cache (C:\Users\Broertje\IdeaProjects\movieAppKMP\caches\8.1.1\generated-gradle-jars).
2025-03-26T07:33:36.603+0100 [DEBUG] [org.gradle.cache.internal.locklistener.FileLockCommunicator] Confirming lock release to Gradle process at port 54496 for lock with id 2160087119565986719.
2025-03-26T07:33:36.603+0100 [DEBUG] [org.gradle.cache.internal.locklistener.FileLockCommunicator] Confirming lock release to Gradle process at port 54496 for lock with id 2160087119565986719.
2025-03-26T07:33:36.636+0100 [DEBUG] [org.gradle.cache.internal.LockOnDemandCrossProcessCacheAccess] Lock on artifact cache (C:\Users\Broertje\IdeaProjects\movieAppKMP\caches\modules-2) requested by another process - releasing lock.
2025-03-26T07:33:36.636+0100 [DEBUG] [org.gradle.cache.internal.LockOnDemandCrossProcessCacheAccess] Releasing file lock for artifact cache (C:\Users\Broertje\IdeaProjects\movieAppKMP\caches\modules-2)
2025-03-26T07:33:36.636+0100 [DEBUG] [org.gradle.cache.internal.DefaultFileLockManager] Releasing lock on artifact cache (C:\Users\Broertje\IdeaProjects\movieAppKMP\caches\modules-2).
2025-03-26T07:33:36.637+0100 [DEBUG] [org.gradle.cache.internal.locklistener.FileLockCommunicator] Confirming lock release to Gradle process at port 54496 for lock with id -8766652296596528355.
2025-03-26T07:33:36.637+0100 [DEBUG] [org.gradle.cache.internal.locklistener.FileLockCommunicator] Confirming lock release to Gradle process at port 54496 for lock with id -8766652296596528355.
2025-03-26T07:33:36.720+0100 [DEBUG] [org.gradle.cache.internal.DefaultFileLockManager] Waiting to acquire shared lock on daemon addresses registry.
2025-03-26T07:33:36.720+0100 [DEBUG] [org.gradle.cache.internal.DefaultFileLockManager] Lock acquired on daemon addresses registry.
2025-03-26T07:33:36.721+0100 [DEBUG] [org.gradle.cache.internal.DefaultFileLockManager] Releasing lock on daemon addresses registry.
2025-03-26T07:33:36.724+0100 [DEBUG] [org.gradle.cache.internal.DefaultFileLockManager] Waiting to acquire shared lock on daemon addresses registry.
2025-03-26T07:33:36.724+0100 [DEBUG] [org.gradle.cache.internal.DefaultFileLockManager] Lock acquired on daemon addresses registry.
2025-03-26T07:33:36.724+0100 [DEBUG] [org.gradle.cache.internal.DefaultFileLockManager] Releasing lock on daemon addresses registry.
2025-03-26T07:33:36.765+0100 [DEBUG] [org.gradle.process.internal.health.memory.DefaultMemoryManager] 1654143795 memory requested, 725135360 free
2025-03-26T07:33:36.765+0100 [DEBUG] [org.gradle.workers.internal.WorkerDaemonExpiration] Will attempt to release 1577 of memory
2025-03-26T07:33:36.765+0100 [DEBUG] [org.gradle.process.internal.health.memory.DefaultMemoryManager] 1654143795 memory requested, 0 released, 725135360 free
2025-03-26T07:33:36.809+0100 [DEBUG] [org.gradle.cache.internal.LockOnDemandCrossProcessCacheAccess] Lock on kotlin-dsl (C:\Users\Broertje\IdeaProjects\movieAppKMP\caches\8.1.1\kotlin-dsl) requested by another process - releasing lock.
2025-03-26T07:33:36.809+0100 [DEBUG] [org.gradle.cache.internal.LockOnDemandCrossProcessCacheAccess] Releasing file lock for kotlin-dsl (C:\Users\Broertje\IdeaProjects\movieAppKMP\caches\8.1.1\kotlin-dsl)
2025-03-26T07:33:36.809+0100 [DEBUG] [org.gradle.cache.internal.btree.BTreePersistentIndexedCache] Closing cache executionHistory.bin (C:\Users\Broertje\IdeaProjects\movieAppKMP\caches\8.1.1\kotlin-dsl\executionHistory.bin)
2025-03-26T07:33:36.809+0100 [DEBUG] [org.gradle.cache.internal.DefaultFileLockManager] Releasing lock on kotlin-dsl (C:\Users\Broertje\IdeaProjects\movieAppKMP\caches\8.1.1\kotlin-dsl).
2025-03-26T07:33:36.810+0100 [DEBUG] [org.gradle.cache.internal.locklistener.FileLockCommunicator] Confirming lock release to Gradle process at port 54496 for lock with id -8761054443561650643.
2025-03-26T07:33:36.810+0100 [DEBUG] [org.gradle.cache.internal.locklistener.FileLockCommunicator] Confirming lock release to Gradle process at port 54496 for lock with id -8761054443561650643.
2025-03-26T07:33:41.766+0100 [DEBUG] [org.gradle.process.internal.health.memory.DefaultMemoryManager] 1654143795 memory requested, 788267008 free
2025-03-26T07:33:41.767+0100 [DEBUG] [org.gradle.workers.internal.WorkerDaemonExpiration] Will attempt to release 1577 of memory
2025-03-26T07:33:41.767+0100 [DEBUG] [org.gradle.process.internal.health.memory.DefaultMemoryManager] 1654143795 memory requested, 0 released, 788267008 free
2025-03-26T07:33:46.726+0100 [DEBUG] [org.gradle.cache.internal.DefaultFileLockManager] Waiting to acquire shared lock on daemon addresses registry.
2025-03-26T07:33:46.726+0100 [DEBUG] [org.gradle.cache.internal.DefaultFileLockManager] Lock acquired on daemon addresses registry.
2025-03-26T07:33:46.726+0100 [DEBUG] [org.gradle.cache.internal.DefaultFileLockManager] Releasing lock on daemon addresses registry.
2025-03-26T07:33:46.729+0100 [DEBUG] [org.gradle.cache.internal.DefaultFileLockManager] Waiting to acquire shared lock on daemon addresses registry.
2025-03-26T07:33:46.729+0100 [DEBUG] [org.gradle.cache.internal.DefaultFileLockManager] Lock acquired on daemon addresses registry.
2025-03-26T07:33:46.730+0100 [DEBUG] [org.gradle.cache.internal.DefaultFileLockManager] Releasing lock on daemon addresses registry.
2025-03-26T07:33:46.731+0100 [DEBUG] [org.gradle.cache.internal.DefaultFileLockManager] Waiting to acquire shared lock on daemon addresses registry.
2025-03-26T07:33:46.731+0100 [DEBUG] [org.gradle.cache.internal.DefaultFileLockManager] Lock acquired on daemon addresses registry.
2025-03-26T07:33:46.731+0100 [DEBUG] [org.gradle.cache.internal.DefaultFileLockManager] Releasing lock on daemon addresses registry.
2025-03-26T07:33:46.731+0100 [INFO] [org.gradle.launcher.daemon.server.health.LowMemoryDaemonExpirationStrategy] after free system memory (751.7 MiB) fell below threshold of 788.7 MiB
2025-03-26T07:33:46.733+0100 [DEBUG] [org.gradle.cache.internal.DefaultFileLockManager] Waiting to acquire shared lock on daemon addresses registry.
2025-03-26T07:33:46.733+0100 [DEBUG] [org.gradle.cache.internal.DefaultFileLockManager] Lock acquired on daemon addresses registry.
2025-03-26T07:33:46.733+0100 [DEBUG] [org.gradle.cache.internal.DefaultFileLockManager] Releasing lock on daemon addresses registry.
2025-03-26T07:33:46.733+0100 [DEBUG] [org.gradle.launcher.daemon.server.DaemonRegistryUpdater] Storing daemon stop event: other compatible daemons were started and after being idle for 0 minutes and not recently used and after being idle for 0 minutes and not recently used and to reclaim system memory
2025-03-26T07:33:46.733+0100 [DEBUG] [org.gradle.launcher.daemon.registry.PersistentDaemonRegistry] Storing daemon stop event with timestamp 1742970826733
2025-03-26T07:33:46.735+0100 [DEBUG] [org.gradle.cache.internal.DefaultFileLockManager] Waiting to acquire exclusive lock on daemon addresses registry.
2025-03-26T07:33:46.735+0100 [DEBUG] [org.gradle.cache.internal.DefaultFileLockManager] Lock acquired on daemon addresses registry.
2025-03-26T07:33:46.736+0100 [DEBUG] [org.gradle.cache.internal.DefaultFileLockManager] Releasing lock on daemon addresses registry.
2025-03-26T07:33:46.736+0100 [LIFECYCLE] [org.gradle.launcher.daemon.server.DaemonStateCoordinator] Daemon will be stopped at the end of the build other compatible daemons were started and after being idle for 0 minutes and not recently used and after being idle for 0 minutes and not recently used and to reclaim system memory
2025-03-26T07:33:46.736+0100 [DEBUG] [org.gradle.launcher.daemon.server.DaemonStateCoordinator] Marking daemon stopped due to other compatible daemons were started and after being idle for 0 minutes and not recently used and after being idle for 0 minutes and not recently used and to reclaim system memory. The daemon is running a build: false
2025-03-26T07:33:46.736+0100 [DEBUG] [org.gradle.launcher.daemon.server.DaemonStateCoordinator] daemon has stopped.
2025-03-26T07:33:46.737+0100 [DEBUG] [org.gradle.launcher.daemon.server.Daemon] stop() called on daemon
2025-03-26T07:33:46.737+0100 [INFO] [org.gradle.launcher.daemon.server.Daemon] Stop requested. Daemon is removing its presence from the registry...
2025-03-26T07:33:46.737+0100 [DEBUG] [org.gradle.launcher.daemon.server.DaemonRegistryUpdater] Removing our presence to clients, eg. removing this address from the registry: [f775afcc-86fe-43ad-a662-d9615c5e2a00 port:59060, addresses:[localhost/127.0.0.1]]
2025-03-26T07:33:46.737+0100 [DEBUG] [org.gradle.launcher.daemon.registry.PersistentDaemonRegistry] Removing daemon address: [f775afcc-86fe-43ad-a662-d9615c5e2a00 port:59060, addresses:[localhost/127.0.0.1]]
2025-03-26T07:33:46.738+0100 [DEBUG] [org.gradle.cache.internal.DefaultFileLockManager] Waiting to acquire exclusive lock on daemon addresses registry.
2025-03-26T07:33:46.739+0100 [DEBUG] [org.gradle.cache.internal.DefaultFileLockManager] Lock acquired on daemon addresses registry.
2025-03-26T07:33:46.740+0100 [DEBUG] [org.gradle.cache.internal.DefaultFileLockManager] Releasing lock on daemon addresses registry.
2025-03-26T07:33:46.740+0100 [DEBUG] [org.gradle.launcher.daemon.server.DaemonRegistryUpdater] Address removed from registry.
2025-03-26T07:33:46.742+0100 [DEBUG] [org.gradle.cache.internal.DefaultPersistentDirectoryStore] jars (C:\Users\Broertje\IdeaProjects\movieAppKMP\caches\jars-9) has last been fully cleaned up 1 hours ago
2025-03-26T07:33:46.742+0100 [DEBUG] [org.gradle.cache.internal.DefaultCacheCoordinator] Cache jars (C:\Users\Broertje\IdeaProjects\movieAppKMP\caches\jars-9) was closed 10 times.
2025-03-26T07:33:46.742+0100 [DEBUG] [org.gradle.cache.internal.DefaultPersistentDirectoryStore] Artifact transforms cache (C:\Users\Broertje\IdeaProjects\movieAppKMP\caches\transforms-3) has last been fully cleaned up 1 hours ago
2025-03-26T07:33:46.743+0100 [DEBUG] [org.gradle.cache.internal.DefaultCacheCoordinator] Cache Artifact transforms cache (C:\Users\Broertje\IdeaProjects\movieAppKMP\caches\transforms-3) was closed 0 times.
2025-03-26T07:33:46.743+0100 [DEBUG] [org.gradle.cache.internal.DefaultPersistentDirectoryStore] kotlin-dsl (C:\Users\Broertje\IdeaProjects\movieAppKMP\caches\8.1.1\kotlin-dsl) has last been fully cleaned up 1 hours ago
2025-03-26T07:33:46.743+0100 [DEBUG] [org.gradle.cache.internal.DefaultCacheCoordinator] Cache kotlin-dsl (C:\Users\Broertje\IdeaProjects\movieAppKMP\caches\8.1.1\kotlin-dsl) was closed 7 times.
2025-03-26T07:33:46.747+0100 [DEBUG] [org.gradle.internal.watch.vfs.impl.WatchingVirtualFileSystem] Closing VFS, dropping state
2025-03-26T07:33:46.749+0100 [DEBUG] [org.gradle.cache.internal.DefaultCacheCoordinator] Cache Generated Gradle JARs cache (C:\Users\Broertje\IdeaProjects\movieAppKMP\caches\8.1.1\generated-gradle-jars) was closed 2 times.
2025-03-26T07:33:46.749+0100 [DEBUG] [org.gradle.internal.watch.registry.impl.DefaultFileWatcherRegistry] Finished listening to file system change events
2025-03-26T07:33:46.749+0100 [DEBUG] [org.gradle.cache.internal.DefaultPersistentDirectoryStore] artifact cache (C:\Users\Broertje\IdeaProjects\movieAppKMP\caches\modules-2) has last been fully cleaned up 1 hours ago
2025-03-26T07:33:46.750+0100 [DEBUG] [org.gradle.cache.internal.DefaultCacheCoordinator] Cache artifact cache (C:\Users\Broertje\IdeaProjects\movieAppKMP\caches\modules-2) was closed 6 times.
2025-03-26T07:33:46.750+0100 [DEBUG] [org.gradle.cache.internal.DefaultCacheCoordinator] Cache journal cache (C:\Users\Broertje\IdeaProjects\movieAppKMP\caches\journal-1) was closed 14 times.
2025-03-26T07:33:46.750+0100 [DEBUG] [org.gradle.cache.internal.DefaultCacheCoordinator] Cache file hash cache (C:\Users\Broertje\IdeaProjects\movieAppKMP\caches\8.1.1\fileHashes) was closed 12 times.
2025-03-26T07:33:46.751+0100 [DEBUG] [Daemon vm is shutting down... The daemon has exited normally or was terminated in response to a user interrupt.
org.gradle.launcher.daemon.registry.PersistentDaemonRegistry] Removing daemon address: [f775afcc-86fe-43ad-a662-d9615c5e2a00 port:59060, addresses:[localhost/127.0.0.1]]
2025-03-26T07:33:46.752+0100 [DEBUG] [org.gradle.cache.internal.DefaultFileLockManager] Waiting to acquire exclusive lock on daemon addresses registry.
2025-03-26T07:33:46.753+0100 [DEBUG] [org.gradle.cache.internal.DefaultFileLockManager] Lock acquired on daemon addresses registry.
2025-03-26T07:33:46.754+0100 [DEBUG] [org.gradle.cache.internal.DefaultFileLockManager] Releasing lock on daemon addresses registry.
