2025-03-26T06:06:26.516+0100 [DEBUG] [org.gradle.launcher.daemon.bootstrap.DaemonMain] Assuming the daemon was started with following jvm opts: [--add-opens=java.base/java.util.concurrent.atomic=ALL-UNNAMED, --add-opens=java.base/java.util=ALL-UNNAMED, --add-opens=java.base/java.lang=ALL-UNNAMED, --add-opens=java.base/java.lang.invoke=ALL-UNNAMED, --add-opens=java.prefs/java.util.prefs=ALL-UNNAMED, --add-opens=java.base/java.nio.charset=ALL-UNNAMED, --add-opens=java.base/java.net=ALL-UNNAMED, --add-opens=java.base/java.util.concurrent.atomic=ALL-UNNAMED, -Xmx2048m, -Dfile.encoding=windows-1252, -Duser.country=GB, -Duser.language=en, -Duser.variant]
2025-03-26T06:06:26.634+0100 [DEBUG] [org.gradle.internal.nativeintegration.services.NativeServices] Native-platform posix files integration is not available. Continuing with fallback.
2025-03-26T06:06:26.644+0100 [INFO] [org.gradle.launcher.daemon.server.Daemon] start() called on daemon - DefaultDaemonContext[uid=820f5215-8f81-4d25-8f16-1ca5db906b9e,javaHome=C:\Program Files\Android\Android Studio\jbr,daemonRegistryDir=C:\Users\Broertje\IdeaProjects\movieAppKMP\daemon,pid=67352,idleTimeout=10800000,priority=NORMAL,applyInstrumentationAgent=true,daemonOpts=--add-opens=java.base/java.util.concurrent.atomic=ALL-UNNAMED,--add-opens=java.base/java.util=ALL-UNNAMED,--add-opens=java.base/java.lang=ALL-UNNAMED,--add-opens=java.base/java.lang.invoke=ALL-UNNAMED,--add-opens=java.prefs/java.util.prefs=ALL-UNNAMED,--add-opens=java.base/java.nio.charset=ALL-UNNAMED,--add-opens=java.base/java.net=ALL-UNNAMED,--add-opens=java.base/java.util.concurrent.atomic=ALL-UNNAMED,-Xmx2048m,-Dfile.encoding=windows-1252,-Duser.country=GB,-Duser.language=en,-Duser.variant]
2025-03-26T06:06:27.032+0100 [DEBUG] [org.gradle.internal.remote.internal.inet.InetAddresses] Adding IP addresses for network interface Software Loopback Interface 1
2025-03-26T06:06:27.034+0100 [DEBUG] [org.gradle.internal.remote.internal.inet.InetAddresses] Is this a loopback interface? true
2025-03-26T06:06:27.034+0100 [DEBUG] [org.gradle.internal.remote.internal.inet.InetAddresses] Adding loopback address /127.0.0.1
2025-03-26T06:06:27.035+0100 [DEBUG] [org.gradle.internal.remote.internal.inet.InetAddresses] Adding loopback address /0:0:0:0:0:0:0:1
2025-03-26T06:06:27.035+0100 [DEBUG] [org.gradle.internal.remote.internal.inet.InetAddresses] Adding IP addresses for network interface Microsoft 6to4 Adapter
2025-03-26T06:06:27.037+0100 [DEBUG] [org.gradle.internal.remote.internal.inet.InetAddresses] Is this a loopback interface? false
2025-03-26T06:06:27.037+0100 [DEBUG] [org.gradle.internal.remote.internal.inet.InetAddresses] Adding IP addresses for network interface Microsoft Wi-Fi Direct Virtual Adapter #4
2025-03-26T06:06:27.039+0100 [DEBUG] [org.gradle.internal.remote.internal.inet.InetAddresses] Is this a loopback interface? false
2025-03-26T06:06:27.039+0100 [DEBUG] [org.gradle.internal.remote.internal.inet.InetAddresses] Adding remote address /fe80:0:0:0:ed95:895d:b583:3941%wlan0
2025-03-26T06:06:27.040+0100 [DEBUG] [org.gradle.internal.remote.internal.inet.InetAddresses] Adding IP addresses for network interface Realtek USB GbE Family Controller
2025-03-26T06:06:27.041+0100 [DEBUG] [org.gradle.internal.remote.internal.inet.InetAddresses] Is this a loopback interface? false
2025-03-26T06:06:27.042+0100 [DEBUG] [org.gradle.internal.remote.internal.inet.InetAddresses] Adding IP addresses for network interface WAN Miniport (SSTP)
2025-03-26T06:06:27.043+0100 [DEBUG] [org.gradle.internal.remote.internal.inet.InetAddresses] Is this a loopback interface? false
2025-03-26T06:06:27.044+0100 [DEBUG] [org.gradle.internal.remote.internal.inet.InetAddresses] Adding IP addresses for network interface VirtualBox Host-Only Ethernet Adapter
2025-03-26T06:06:27.046+0100 [DEBUG] [org.gradle.internal.remote.internal.inet.InetAddresses] Is this a loopback interface? false
2025-03-26T06:06:27.046+0100 [DEBUG] [org.gradle.internal.remote.internal.inet.InetAddresses] Adding IP addresses for network interface Microsoft IP-HTTPS Platform Adapter
2025-03-26T06:06:27.048+0100 [DEBUG] [org.gradle.internal.remote.internal.inet.InetAddresses] Is this a loopback interface? false
2025-03-26T06:06:27.048+0100 [DEBUG] [org.gradle.internal.remote.internal.inet.InetAddresses] Adding IP addresses for network interface WAN Miniport (L2TP)
2025-03-26T06:06:27.049+0100 [DEBUG] [org.gradle.internal.remote.internal.inet.InetAddresses] Is this a loopback interface? false
2025-03-26T06:06:27.050+0100 [DEBUG] [org.gradle.internal.remote.internal.inet.InetAddresses] Adding IP addresses for network interface WAN Miniport (IPv6)
2025-03-26T06:06:27.051+0100 [DEBUG] [org.gradle.internal.remote.internal.inet.InetAddresses] Is this a loopback interface? false
2025-03-26T06:06:27.052+0100 [DEBUG] [org.gradle.internal.remote.internal.inet.InetAddresses] Adding IP addresses for network interface WAN Miniport (IKEv2)
2025-03-26T06:06:27.053+0100 [DEBUG] [org.gradle.internal.remote.internal.inet.InetAddresses] Is this a loopback interface? false
2025-03-26T06:06:27.053+0100 [DEBUG] [org.gradle.internal.remote.internal.inet.InetAddresses] Adding IP addresses for network interface Realtek USB GbE Family Controller #2
2025-03-26T06:06:27.055+0100 [DEBUG] [org.gradle.internal.remote.internal.inet.InetAddresses] Is this a loopback interface? false
2025-03-26T06:06:27.055+0100 [DEBUG] [org.gradle.internal.remote.internal.inet.InetAddresses] Adding IP addresses for network interface WAN Miniport (PPTP)
2025-03-26T06:06:27.057+0100 [DEBUG] [org.gradle.internal.remote.internal.inet.InetAddresses] Is this a loopback interface? false
2025-03-26T06:06:27.058+0100 [DEBUG] [org.gradle.internal.remote.internal.inet.InetAddresses] Adding IP addresses for network interface Microsoft Wi-Fi Direct Virtual Adapter #2
2025-03-26T06:06:27.059+0100 [DEBUG] [org.gradle.internal.remote.internal.inet.InetAddresses] Is this a loopback interface? false
2025-03-26T06:06:27.060+0100 [DEBUG] [org.gradle.internal.remote.internal.inet.InetAddresses] Adding IP addresses for network interface WAN Miniport (PPPOE)
2025-03-26T06:06:27.062+0100 [DEBUG] [org.gradle.internal.remote.internal.inet.InetAddresses] Is this a loopback interface? false
2025-03-26T06:06:27.062+0100 [DEBUG] [org.gradle.internal.remote.internal.inet.InetAddresses] Adding IP addresses for network interface MediaTek Wi-Fi 6 MT7921 Wireless LAN Card-WFP Native MAC Layer LightWeight Filter-0000
2025-03-26T06:06:27.064+0100 [DEBUG] [org.gradle.internal.remote.internal.inet.InetAddresses] Is this a loopback interface? false
2025-03-26T06:06:27.064+0100 [DEBUG] [org.gradle.internal.remote.internal.inet.InetAddresses] Adding IP addresses for network interface WAN Miniport (Network Monitor)
2025-03-26T06:06:27.066+0100 [DEBUG] [org.gradle.internal.remote.internal.inet.InetAddresses] Is this a loopback interface? false
2025-03-26T06:06:27.066+0100 [DEBUG] [org.gradle.internal.remote.internal.inet.InetAddresses] Adding IP addresses for network interface MediaTek Wi-Fi 6 MT7921 Wireless LAN Card
2025-03-26T06:06:27.068+0100 [DEBUG] [org.gradle.internal.remote.internal.inet.InetAddresses] Is this a loopback interface? false
2025-03-26T06:06:27.068+0100 [DEBUG] [org.gradle.internal.remote.internal.inet.InetAddresses] Adding remote address /192.168.88.251
2025-03-26T06:06:27.068+0100 [DEBUG] [org.gradle.internal.remote.internal.inet.InetAddresses] Adding remote address /fe80:0:0:0:ffab:78a4:a753:ded8%wlan3
2025-03-26T06:06:27.068+0100 [DEBUG] [org.gradle.internal.remote.internal.inet.InetAddresses] Adding IP addresses for network interface Microsoft Teredo Tunneling Adapter
2025-03-26T06:06:27.070+0100 [DEBUG] [org.gradle.internal.remote.internal.inet.InetAddresses] Is this a loopback interface? false
2025-03-26T06:06:27.070+0100 [DEBUG] [org.gradle.internal.remote.internal.inet.InetAddresses] Adding IP addresses for network interface Bluetooth Device (Personal Area Network)
2025-03-26T06:06:27.072+0100 [DEBUG] [org.gradle.internal.remote.internal.inet.InetAddresses] Is this a loopback interface? false
2025-03-26T06:06:27.072+0100 [DEBUG] [org.gradle.internal.remote.internal.inet.InetAddresses] Adding remote address /fe80:0:0:0:9b30:9796:2b92:d20e%eth5
2025-03-26T06:06:27.072+0100 [DEBUG] [org.gradle.internal.remote.internal.inet.InetAddresses] Adding IP addresses for network interface RAS Async Adapter
2025-03-26T06:06:27.074+0100 [DEBUG] [org.gradle.internal.remote.internal.inet.InetAddresses] Is this a loopback interface? false
2025-03-26T06:06:27.075+0100 [DEBUG] [org.gradle.internal.remote.internal.inet.InetAddresses] Adding IP addresses for network interface Microsoft Wi-Fi Direct Virtual Adapter
2025-03-26T06:06:27.076+0100 [DEBUG] [org.gradle.internal.remote.internal.inet.InetAddresses] Is this a loopback interface? false
2025-03-26T06:06:27.076+0100 [DEBUG] [org.gradle.internal.remote.internal.inet.InetAddresses] Adding IP addresses for network interface Microsoft Kernel Debug Network Adapter
2025-03-26T06:06:27.078+0100 [DEBUG] [org.gradle.internal.remote.internal.inet.InetAddresses] Is this a loopback interface? false
2025-03-26T06:06:27.078+0100 [DEBUG] [org.gradle.internal.remote.internal.inet.InetAddresses] Adding IP addresses for network interface WAN Miniport (IP)
2025-03-26T06:06:27.080+0100 [DEBUG] [org.gradle.internal.remote.internal.inet.InetAddresses] Is this a loopback interface? false
2025-03-26T06:06:27.080+0100 [DEBUG] [org.gradle.internal.remote.internal.inet.InetAddresses] Adding IP addresses for network interface VirtualBox Host-Only Ethernet Adapter
2025-03-26T06:06:27.082+0100 [DEBUG] [org.gradle.internal.remote.internal.inet.InetAddresses] Is this a loopback interface? false
2025-03-26T06:06:27.082+0100 [DEBUG] [org.gradle.internal.remote.internal.inet.InetAddresses] Adding remote address /192.168.16.1
2025-03-26T06:06:27.082+0100 [DEBUG] [org.gradle.internal.remote.internal.inet.InetAddresses] Adding remote address /fe80:0:0:0:cb0f:4f88:559:4239%eth8
2025-03-26T06:06:27.082+0100 [DEBUG] [org.gradle.internal.remote.internal.inet.InetAddresses] Adding IP addresses for network interface Microsoft Wi-Fi Direct Virtual Adapter #3
2025-03-26T06:06:27.084+0100 [DEBUG] [org.gradle.internal.remote.internal.inet.InetAddresses] Is this a loopback interface? false
2025-03-26T06:06:27.084+0100 [DEBUG] [org.gradle.internal.remote.internal.inet.InetAddresses] Adding remote address /fe80:0:0:0:db:29e1:dedb:c53e%wlan5
2025-03-26T06:06:27.084+0100 [DEBUG] [org.gradle.internal.remote.internal.inet.InetAddresses] Adding IP addresses for network interface Hyper-V Virtual Switch Extension Adapter
2025-03-26T06:06:27.086+0100 [DEBUG] [org.gradle.internal.remote.internal.inet.InetAddresses] Is this a loopback interface? false
2025-03-26T06:06:27.086+0100 [DEBUG] [org.gradle.internal.remote.internal.inet.InetAddresses] Adding IP addresses for network interface Hyper-V Virtual Switch Extension Adapter-Hyper-V Virtual Switch Extension Filter-0000
2025-03-26T06:06:27.088+0100 [DEBUG] [org.gradle.internal.remote.internal.inet.InetAddresses] Is this a loopback interface? false
2025-03-26T06:06:27.088+0100 [DEBUG] [org.gradle.internal.remote.internal.inet.InetAddresses] Adding IP addresses for network interface Hyper-V Virtual Ethernet Adapter
2025-03-26T06:06:27.089+0100 [DEBUG] [org.gradle.internal.remote.internal.inet.InetAddresses] Is this a loopback interface? false
2025-03-26T06:06:27.090+0100 [DEBUG] [org.gradle.internal.remote.internal.inet.InetAddresses] Adding remote address /172.22.32.1
2025-03-26T06:06:27.090+0100 [DEBUG] [org.gradle.internal.remote.internal.inet.InetAddresses] Adding remote address /fe80:0:0:0:d29e:402c:c2e9:c920%eth11
2025-03-26T06:06:27.090+0100 [DEBUG] [org.gradle.internal.remote.internal.inet.InetAddresses] Adding IP addresses for network interface Hyper-V Virtual Ethernet Adapter-WFP Native MAC Layer LightWeight Filter-0000
2025-03-26T06:06:27.091+0100 [DEBUG] [org.gradle.internal.remote.internal.inet.InetAddresses] Is this a loopback interface? false
2025-03-26T06:06:27.091+0100 [DEBUG] [org.gradle.internal.remote.internal.inet.InetAddresses] Adding IP addresses for network interface Hyper-V Virtual Ethernet Adapter-VirtualBox NDIS Light-Weight Filter-0000
2025-03-26T06:06:27.093+0100 [DEBUG] [org.gradle.internal.remote.internal.inet.InetAddresses] Is this a loopback interface? false
2025-03-26T06:06:27.093+0100 [DEBUG] [org.gradle.internal.remote.internal.inet.InetAddresses] Adding IP addresses for network interface VirtualBox Host-Only Ethernet Adapter-WFP Native MAC Layer LightWeight Filter-0000
2025-03-26T06:06:27.095+0100 [DEBUG] [org.gradle.internal.remote.internal.inet.InetAddresses] Is this a loopback interface? false
2025-03-26T06:06:27.095+0100 [DEBUG] [org.gradle.internal.remote.internal.inet.InetAddresses] Adding IP addresses for network interface VirtualBox Host-Only Ethernet Adapter-QoS Packet Scheduler-0000
2025-03-26T06:06:27.097+0100 [DEBUG] [org.gradle.internal.remote.internal.inet.InetAddresses] Is this a loopback interface? false
2025-03-26T06:06:27.097+0100 [DEBUG] [org.gradle.internal.remote.internal.inet.InetAddresses] Adding IP addresses for network interface VirtualBox Host-Only Ethernet Adapter-WFP 802.3 MAC Layer LightWeight Filter-0000
2025-03-26T06:06:27.099+0100 [DEBUG] [org.gradle.internal.remote.internal.inet.InetAddresses] Is this a loopback interface? false
2025-03-26T06:06:27.099+0100 [DEBUG] [org.gradle.internal.remote.internal.inet.InetAddresses] Adding IP addresses for network interface MediaTek Wi-Fi 6 MT7921 Wireless LAN Card-Virtual WiFi Filter Driver-0000
2025-03-26T06:06:27.100+0100 [DEBUG] [org.gradle.internal.remote.internal.inet.InetAddresses] Is this a loopback interface? false
2025-03-26T06:06:27.100+0100 [DEBUG] [org.gradle.internal.remote.internal.inet.InetAddresses] Adding IP addresses for network interface MediaTek Wi-Fi 6 MT7921 Wireless LAN Card-Native WiFi Filter Driver-0000
2025-03-26T06:06:27.102+0100 [DEBUG] [org.gradle.internal.remote.internal.inet.InetAddresses] Is this a loopback interface? false
2025-03-26T06:06:27.102+0100 [DEBUG] [org.gradle.internal.remote.internal.inet.InetAddresses] Adding IP addresses for network interface MediaTek Wi-Fi 6 MT7921 Wireless LAN Card-VirtualBox NDIS Light-Weight Filter-0000
2025-03-26T06:06:27.104+0100 [DEBUG] [org.gradle.internal.remote.internal.inet.InetAddresses] Is this a loopback interface? false
2025-03-26T06:06:27.104+0100 [DEBUG] [org.gradle.internal.remote.internal.inet.InetAddresses] Adding IP addresses for network interface MediaTek Wi-Fi 6 MT7921 Wireless LAN Card-QoS Packet Scheduler-0000
2025-03-26T06:06:27.106+0100 [DEBUG] [org.gradle.internal.remote.internal.inet.InetAddresses] Is this a loopback interface? false
2025-03-26T06:06:27.106+0100 [DEBUG] [org.gradle.internal.remote.internal.inet.InetAddresses] Adding IP addresses for network interface MediaTek Wi-Fi 6 MT7921 Wireless LAN Card-WFP 802.3 MAC Layer LightWeight Filter-0000
2025-03-26T06:06:27.107+0100 [DEBUG] [org.gradle.internal.remote.internal.inet.InetAddresses] Is this a loopback interface? false
2025-03-26T06:06:27.108+0100 [DEBUG] [org.gradle.internal.remote.internal.inet.InetAddresses] Adding IP addresses for network interface Microsoft Wi-Fi Direct Virtual Adapter #3-WFP Native MAC Layer LightWeight Filter-0000
2025-03-26T06:06:27.109+0100 [DEBUG] [org.gradle.internal.remote.internal.inet.InetAddresses] Is this a loopback interface? false
2025-03-26T06:06:27.109+0100 [DEBUG] [org.gradle.internal.remote.internal.inet.InetAddresses] Adding IP addresses for network interface Microsoft Wi-Fi Direct Virtual Adapter #3-Native WiFi Filter Driver-0000
2025-03-26T06:06:27.111+0100 [DEBUG] [org.gradle.internal.remote.internal.inet.InetAddresses] Is this a loopback interface? false
2025-03-26T06:06:27.111+0100 [DEBUG] [org.gradle.internal.remote.internal.inet.InetAddresses] Adding IP addresses for network interface WAN Miniport (IP)-WFP Native MAC Layer LightWeight Filter-0000
2025-03-26T06:06:27.113+0100 [DEBUG] [org.gradle.internal.remote.internal.inet.InetAddresses] Is this a loopback interface? false
2025-03-26T06:06:27.113+0100 [DEBUG] [org.gradle.internal.remote.internal.inet.InetAddresses] Adding IP addresses for network interface WAN Miniport (IP)-QoS Packet Scheduler-0000
2025-03-26T06:06:27.115+0100 [DEBUG] [org.gradle.internal.remote.internal.inet.InetAddresses] Is this a loopback interface? false
2025-03-26T06:06:27.115+0100 [DEBUG] [org.gradle.internal.remote.internal.inet.InetAddresses] Adding IP addresses for network interface WAN Miniport (IPv6)-WFP Native MAC Layer LightWeight Filter-0000
2025-03-26T06:06:27.117+0100 [DEBUG] [org.gradle.internal.remote.internal.inet.InetAddresses] Is this a loopback interface? false
2025-03-26T06:06:27.117+0100 [DEBUG] [org.gradle.internal.remote.internal.inet.InetAddresses] Adding IP addresses for network interface WAN Miniport (IPv6)-QoS Packet Scheduler-0000
2025-03-26T06:06:27.119+0100 [DEBUG] [org.gradle.internal.remote.internal.inet.InetAddresses] Is this a loopback interface? false
2025-03-26T06:06:27.119+0100 [DEBUG] [org.gradle.internal.remote.internal.inet.InetAddresses] Adding IP addresses for network interface WAN Miniport (Network Monitor)-WFP Native MAC Layer LightWeight Filter-0000
2025-03-26T06:06:27.120+0100 [DEBUG] [org.gradle.internal.remote.internal.inet.InetAddresses] Is this a loopback interface? false
2025-03-26T06:06:27.120+0100 [DEBUG] [org.gradle.internal.remote.internal.inet.InetAddresses] Adding IP addresses for network interface WAN Miniport (Network Monitor)-QoS Packet Scheduler-0000
2025-03-26T06:06:27.122+0100 [DEBUG] [org.gradle.internal.remote.internal.inet.InetAddresses] Is this a loopback interface? false
2025-03-26T06:06:27.122+0100 [DEBUG] [org.gradle.internal.remote.internal.inet.InetAddresses] Adding IP addresses for network interface Microsoft Wi-Fi Direct Virtual Adapter #3-VirtualBox NDIS Light-Weight Filter-0000
2025-03-26T06:06:27.124+0100 [DEBUG] [org.gradle.internal.remote.internal.inet.InetAddresses] Is this a loopback interface? false
2025-03-26T06:06:27.124+0100 [DEBUG] [org.gradle.internal.remote.internal.inet.InetAddresses] Adding IP addresses for network interface Microsoft Wi-Fi Direct Virtual Adapter #3-QoS Packet Scheduler-0000
2025-03-26T06:06:27.125+0100 [DEBUG] [org.gradle.internal.remote.internal.inet.InetAddresses] Is this a loopback interface? false
2025-03-26T06:06:27.126+0100 [DEBUG] [org.gradle.internal.remote.internal.inet.InetAddresses] Adding IP addresses for network interface Microsoft Wi-Fi Direct Virtual Adapter #3-WFP 802.3 MAC Layer LightWeight Filter-0000
2025-03-26T06:06:27.127+0100 [DEBUG] [org.gradle.internal.remote.internal.inet.InetAddresses] Is this a loopback interface? false
2025-03-26T06:06:27.127+0100 [DEBUG] [org.gradle.internal.remote.internal.inet.InetAddresses] Adding IP addresses for network interface Hyper-V Virtual Ethernet Adapter-QoS Packet Scheduler-0000
2025-03-26T06:06:27.129+0100 [DEBUG] [org.gradle.internal.remote.internal.inet.InetAddresses] Is this a loopback interface? false
2025-03-26T06:06:27.129+0100 [DEBUG] [org.gradle.internal.remote.internal.inet.InetAddresses] Adding IP addresses for network interface Hyper-V Virtual Ethernet Adapter-WFP 802.3 MAC Layer LightWeight Filter-0000
2025-03-26T06:06:27.131+0100 [DEBUG] [org.gradle.internal.remote.internal.inet.InetAddresses] Is this a loopback interface? false
2025-03-26T06:06:27.131+0100 [DEBUG] [org.gradle.internal.remote.internal.inet.InetAddresses] Adding IP addresses for network interface Microsoft Wi-Fi Direct Virtual Adapter #4-WFP Native MAC Layer LightWeight Filter-0000
2025-03-26T06:06:27.133+0100 [DEBUG] [org.gradle.internal.remote.internal.inet.InetAddresses] Is this a loopback interface? false
2025-03-26T06:06:27.133+0100 [DEBUG] [org.gradle.internal.remote.internal.inet.InetAddresses] Adding IP addresses for network interface Microsoft Wi-Fi Direct Virtual Adapter #4-Native WiFi Filter Driver-0000
2025-03-26T06:06:27.135+0100 [DEBUG] [org.gradle.internal.remote.internal.inet.InetAddresses] Is this a loopback interface? false
2025-03-26T06:06:27.135+0100 [DEBUG] [org.gradle.internal.remote.internal.inet.InetAddresses] Adding IP addresses for network interface Microsoft Wi-Fi Direct Virtual Adapter #4-VirtualBox NDIS Light-Weight Filter-0000
2025-03-26T06:06:27.137+0100 [DEBUG] [org.gradle.internal.remote.internal.inet.InetAddresses] Is this a loopback interface? false
2025-03-26T06:06:27.137+0100 [DEBUG] [org.gradle.internal.remote.internal.inet.InetAddresses] Adding IP addresses for network interface Microsoft Wi-Fi Direct Virtual Adapter #4-QoS Packet Scheduler-0000
2025-03-26T06:06:27.138+0100 [DEBUG] [org.gradle.internal.remote.internal.inet.InetAddresses] Is this a loopback interface? false
2025-03-26T06:06:27.139+0100 [DEBUG] [org.gradle.internal.remote.internal.inet.InetAddresses] Adding IP addresses for network interface Microsoft Wi-Fi Direct Virtual Adapter #4-WFP 802.3 MAC Layer LightWeight Filter-0000
2025-03-26T06:06:27.140+0100 [DEBUG] [org.gradle.internal.remote.internal.inet.InetAddresses] Is this a loopback interface? false
2025-03-26T06:06:27.143+0100 [DEBUG] [org.gradle.internal.remote.internal.inet.TcpIncomingConnector] Listening on [2814b642-36fb-446c-ac13-654dd0b24ba4 port:53661, addresses:[localhost/127.0.0.1]].
2025-03-26T06:06:27.151+0100 [DEBUG] [org.gradle.launcher.daemon.server.Daemon] Daemon starting at: Wed Mar 26 06:06:27 CET 2025, with address: [2814b642-36fb-446c-ac13-654dd0b24ba4 port:53661, addresses:[localhost/127.0.0.1]]
2025-03-26T06:06:27.152+0100 [INFO] [org.gradle.launcher.daemon.server.DaemonRegistryUpdater] Advertising the daemon address to the clients: [2814b642-36fb-446c-ac13-654dd0b24ba4 port:53661, addresses:[localhost/127.0.0.1]]
2025-03-26T06:06:27.152+0100 [DEBUG] [org.gradle.launcher.daemon.server.DaemonRegistryUpdater] Advertised daemon context: DefaultDaemonContext[uid=820f5215-8f81-4d25-8f16-1ca5db906b9e,javaHome=C:\Program Files\Android\Android Studio\jbr,daemonRegistryDir=C:\Users\Broertje\IdeaProjects\movieAppKMP\daemon,pid=67352,idleTimeout=10800000,priority=NORMAL,applyInstrumentationAgent=true,daemonOpts=--add-opens=java.base/java.util.concurrent.atomic=ALL-UNNAMED,--add-opens=java.base/java.util=ALL-UNNAMED,--add-opens=java.base/java.lang=ALL-UNNAMED,--add-opens=java.base/java.lang.invoke=ALL-UNNAMED,--add-opens=java.prefs/java.util.prefs=ALL-UNNAMED,--add-opens=java.base/java.nio.charset=ALL-UNNAMED,--add-opens=java.base/java.net=ALL-UNNAMED,--add-opens=java.base/java.util.concurrent.atomic=ALL-UNNAMED,-Xmx2048m,-Dfile.encoding=windows-1252,-Duser.country=GB,-Duser.language=en,-Duser.variant]
2025-03-26T06:06:27.153+0100 [DEBUG] [org.gradle.launcher.daemon.registry.PersistentDaemonRegistry] Storing daemon address: [2814b642-36fb-446c-ac13-654dd0b24ba4 port:53661, addresses:[localhost/127.0.0.1]], context: DefaultDaemonContext[uid=820f5215-8f81-4d25-8f16-1ca5db906b9e,javaHome=C:\Program Files\Android\Android Studio\jbr,daemonRegistryDir=C:\Users\Broertje\IdeaProjects\movieAppKMP\daemon,pid=67352,idleTimeout=10800000,priority=NORMAL,applyInstrumentationAgent=true,daemonOpts=--add-opens=java.base/java.util.concurrent.atomic=ALL-UNNAMED,--add-opens=java.base/java.util=ALL-UNNAMED,--add-opens=java.base/java.lang=ALL-UNNAMED,--add-opens=java.base/java.lang.invoke=ALL-UNNAMED,--add-opens=java.prefs/java.util.prefs=ALL-UNNAMED,--add-opens=java.base/java.nio.charset=ALL-UNNAMED,--add-opens=java.base/java.net=ALL-UNNAMED,--add-opens=java.base/java.util.concurrent.atomic=ALL-UNNAMED,-Xmx2048m,-Dfile.encoding=windows-1252,-Duser.country=GB,-Duser.language=en,-Duser.variant]
2025-03-26T06:06:27.162+0100 [DEBUG] [org.gradle.cache.internal.DefaultFileLockManager] Waiting to acquire exclusive lock on daemon addresses registry.
2025-03-26T06:06:27.165+0100 [DEBUG] [org.gradle.cache.internal.DefaultFileLockManager] Lock acquired on daemon addresses registry.
2025-03-26T06:06:27.172+0100 [DEBUG] [org.gradle.cache.internal.DefaultFileLockManager] Releasing lock on daemon addresses registry.
2025-03-26T06:06:27.172+0100 [LIFECYCLE] [org.gradle.launcher.daemon.server.Daemon] Daemon server started.
2025-03-26T06:06:27.173+0100 [DEBUG] [org.gradle.launcher.daemon.bootstrap.DaemonStartupCommunication] Completed writing the daemon greeting. Closing streams...
2025-03-26T06:06:27.178+0100 [DEBUG] [org.gradle.internal.remote.internal.inet.TcpIncomingConnector] Accepted connection from /127.0.0.1:53662 to /127.0.0.1:53661.
2025-03-26T06:06:27.178+0100 [DEBUG] [org.gradle.launcher.daemon.server.Daemon] stopOnExpiration() called on daemon
2025-03-26T06:06:27.181+0100 [DEBUG] [org.gradle.launcher.daemon.server.Daemon] awaitExpiration() called on daemon
2025-03-26T06:06:27.181+0100 [DEBUG] [org.gradle.launcher.daemon.server.DaemonStateCoordinator] daemon is running. Sleeping until state changes.
2025-03-26T06:06:27.238+0100 [DEBUG] [org.gradle.launcher.daemon.server.SynchronizedDispatchConnection] thread 28: received class org.gradle.launcher.daemon.protocol.Build
2025-03-26T06:06:27.238+0100 [DEBUG] [org.gradle.launcher.daemon.server.DefaultDaemonConnection] thread 28: Received non-IO message from client: Build{id=32db7dbe-3941-4c90-be34-f2aa3b12ef68, currentDir=C:\Users\Broertje\IdeaProjects\movieAppKMP}
2025-03-26T06:06:27.239+0100 [INFO] [org.gradle.launcher.daemon.server.DefaultIncomingConnectionHandler] Received command: Build{id=32db7dbe-3941-4c90-be34-f2aa3b12ef68, currentDir=C:\Users\Broertje\IdeaProjects\movieAppKMP}.
2025-03-26T06:06:27.239+0100 [DEBUG] [org.gradle.launcher.daemon.server.DefaultIncomingConnectionHandler] Starting executing command: Build{id=32db7dbe-3941-4c90-be34-f2aa3b12ef68, currentDir=C:\Users\Broertje\IdeaProjects\movieAppKMP} with connection: socket connection from /127.0.0.1:53661 to /127.0.0.1:53662.
2025-03-26T06:06:27.241+0100 [DEBUG] [org.gradle.launcher.daemon.server.DaemonStateCoordinator] Command execution: started DaemonCommandExecution[command = Build{id=32db7dbe-3941-4c90-be34-f2aa3b12ef68, currentDir=C:\Users\Broertje\IdeaProjects\movieAppKMP}, connection = DefaultDaemonConnection: socket connection from /127.0.0.1:53661 to /127.0.0.1:53662] after 0.0 minutes of idle
2025-03-26T06:06:27.242+0100 [INFO] [org.gradle.launcher.daemon.server.DaemonRegistryUpdater] Marking the daemon as busy, address: [2814b642-36fb-446c-ac13-654dd0b24ba4 port:53661, addresses:[localhost/127.0.0.1]]
2025-03-26T06:06:27.242+0100 [DEBUG] [org.gradle.launcher.daemon.registry.PersistentDaemonRegistry] Marking busy by address: [2814b642-36fb-446c-ac13-654dd0b24ba4 port:53661, addresses:[localhost/127.0.0.1]]
2025-03-26T06:06:27.243+0100 [DEBUG] [org.gradle.cache.internal.DefaultFileLockManager] Waiting to acquire exclusive lock on daemon addresses registry.
2025-03-26T06:06:27.243+0100 [DEBUG] [org.gradle.cache.internal.DefaultFileLockManager] Lock acquired on daemon addresses registry.
2025-03-26T06:06:27.244+0100 [DEBUG] [org.gradle.cache.internal.DefaultFileLockManager] Releasing lock on daemon addresses registry.
2025-03-26T06:06:27.245+0100 [DEBUG] [org.gradle.launcher.daemon.server.DaemonStateCoordinator] resetting idle timer
2025-03-26T06:06:27.245+0100 [DEBUG] [org.gradle.launcher.daemon.server.DaemonStateCoordinator] daemon is running. Sleeping until state changes.
2025-03-26T06:06:27.245+0100 [INFO] [org.gradle.launcher.daemon.server.exec.StartBuildOrRespondWithBusy] Daemon is about to start building Build{id=32db7dbe-3941-4c90-be34-f2aa3b12ef68, currentDir=C:\Users\Broertje\IdeaProjects\movieAppKMP}. Dispatching build started information...
2025-03-26T06:06:27.245+0100 [DEBUG] [org.gradle.launcher.daemon.server.SynchronizedDispatchConnection] thread 30: dispatching org.gradle.launcher.daemon.protocol.BuildStarted@9996927
2025-03-26T06:06:27.247+0100 [DEBUG] [org.gradle.launcher.daemon.server.SynchronizedDispatchConnection] thread 28: received class org.gradle.launcher.daemon.protocol.CloseInput
2025-03-26T06:06:27.247+0100 [DEBUG] [org.gradle.launcher.daemon.server.DefaultDaemonConnection] thread 28: Received IO message from client: org.gradle.launcher.daemon.protocol.CloseInput@1add4bf4
2025-03-26T06:06:27.247+0100 [DEBUG] [org.gradle.launcher.daemon.server.exec.EstablishBuildEnvironment] Configuring env variables: [USERDOMAIN_ROAMINGPROFILE, PROCESSOR_LEVEL, SESSIONNAME, ALLUSERSPROFILE, PROCESSOR_ARCHITECTURE, PSModulePath, SystemDrive, EFC_12648, ACSvcPort, USERNAME, ProgramFiles(x86), ACSetupSvcPort, FPS_BROWSER_USER_PROFILE_STRING, PATHEXT, DriverData, OneDriveConsumer, ProgramData, ProgramW6432, HOMEPATH, PROCESSOR_IDENTIFIER, ProgramFiles, PUBLIC, windir, =::, LOCALAPPDATA, ChocolateyLastPathUpdate, USERDOMAIN, LOGONSERVER, FPS_BROWSER_APP_PROFILE_STRING, JAVA_HOME, RlsSvcPort, OneDrive, APPDATA, ChocolateyInstall, VBOX_MSI_INSTALL_PATH, CommonProgramFiles, Path, OS, COMPUTERNAME, EnableLog, PROCESSOR_REVISION, CommonProgramW6432, ComSpec, =D:, TEMP, SystemRoot, HOMEDRIVE, USERPROFILE, TMP, CommonProgramFiles(x86), NUMBER_OF_PROCESSORS, IDEA_INITIAL_DIRECTORY]
2025-03-26T06:06:27.252+0100 [DEBUG] [org.gradle.launcher.daemon.server.exec.LogToClient] About to start relaying all logs to the client via the connection.
2025-03-26T06:06:27.253+0100 [INFO] [org.gradle.launcher.daemon.server.exec.LogToClient] The client will now receive all logging from the daemon (pid: 67352). The daemon log file: C:\Users\Broertje\IdeaProjects\movieAppKMP\daemon\8.1.1\daemon-67352.out.log
2025-03-26T06:06:27.255+0100 [INFO] [org.gradle.launcher.daemon.server.exec.LogAndCheckHealth] Starting build in new daemon [memory: 2 GiB]
2025-03-26T06:06:27.256+0100 [INFO] [org.gradle.launcher.daemon.server.exec.ForwardClientInput] Closing daemon's stdin at end of input.
2025-03-26T06:06:27.256+0100 [INFO] [org.gradle.launcher.daemon.server.exec.ForwardClientInput] The daemon will no longer process any standard input.
2025-03-26T06:06:27.257+0100 [DEBUG] [org.gradle.launcher.daemon.server.exec.ExecuteBuild] The daemon has started executing the build.
2025-03-26T06:06:27.258+0100 [DEBUG] [org.gradle.launcher.daemon.server.exec.ExecuteBuild] Executing build with daemon context: DefaultDaemonContext[uid=820f5215-8f81-4d25-8f16-1ca5db906b9e,javaHome=C:\Program Files\Android\Android Studio\jbr,daemonRegistryDir=C:\Users\Broertje\IdeaProjects\movieAppKMP\daemon,pid=67352,idleTimeout=10800000,priority=NORMAL,applyInstrumentationAgent=true,daemonOpts=--add-opens=java.base/java.util.concurrent.atomic=ALL-UNNAMED,--add-opens=java.base/java.util=ALL-UNNAMED,--add-opens=java.base/java.lang=ALL-UNNAMED,--add-opens=java.base/java.lang.invoke=ALL-UNNAMED,--add-opens=java.prefs/java.util.prefs=ALL-UNNAMED,--add-opens=java.base/java.nio.charset=ALL-UNNAMED,--add-opens=java.base/java.net=ALL-UNNAMED,--add-opens=java.base/java.util.concurrent.atomic=ALL-UNNAMED,-Xmx2048m,-Dfile.encoding=windows-1252,-Duser.country=GB,-Duser.language=en,-Duser.variant]
w: file:///C:/Users/Broertje/IdeaProjects/movieAppKMP/shared/build.gradle.kts:23:13: Variable 'commonMain' is never used
w: file:///C:/Users/Broertje/IdeaProjects/movieAppKMP/shared/build.gradle.kts:32:13: Variable 'commonTest' is never used
w: file:///C:/Users/Broertje/IdeaProjects/movieAppKMP/shared/build.gradle.kts:37:13: Variable 'jvmMain' is never used
w: file:///C:/Users/Broertje/IdeaProjects/movieAppKMP/shared/build.gradle.kts:42:13: Variable 'jvmTest' is never used
w: file:///C:/Users/Broertje/IdeaProjects/movieAppKMP/shared/build.gradle.kts:43:13: Variable 'jsMain' is never used
w: file:///C:/Users/Broertje/IdeaProjects/movieAppKMP/shared/build.gradle.kts:44:13: Variable 'jsTest' is never used
w: file:///C:/Users/Broertje/IdeaProjects/movieAppKMP/shared/build.gradle.kts:45:13: Variable 'nativeMain' is never used
w: file:///C:/Users/Broertje/IdeaProjects/movieAppKMP/shared/build.gradle.kts:46:13: Variable 'nativeTest' is never used

BUILD SUCCESSFUL in 1m 27s
2025-03-26T06:07:52.440+0100 [DEBUG] [org.gradle.launcher.daemon.server.exec.ExecuteBuild] The daemon has finished executing the build.
2025-03-26T06:07:52.456+0100 [DEBUG] [org.gradle.launcher.daemon.server.DaemonStateCoordinator] daemon is running. Sleeping until state changes.
2025-03-26T06:07:52.457+0100 [DEBUG] [org.gradle.launcher.daemon.server.DaemonStateCoordinator] Command execution: finished waiting for DaemonCommandExecution[command = Build{id=32db7dbe-3941-4c90-be34-f2aa3b12ef68, currentDir=C:\Users\Broertje\IdeaProjects\movieAppKMP}, connection = DefaultDaemonConnection: socket connection from /127.0.0.1:53661 to /127.0.0.1:53662]. Result org.gradle.launcher.daemon.server.DaemonStateCoordinator@78a873f8 with state Busy
2025-03-26T06:07:52.457+0100 [DEBUG] [org.gradle.launcher.daemon.server.DaemonStateCoordinator] Command execution: completed DaemonCommandExecution[command = Build{id=32db7dbe-3941-4c90-be34-f2aa3b12ef68, currentDir=C:\Users\Broertje\IdeaProjects\movieAppKMP}, connection = DefaultDaemonConnection: socket connection from /127.0.0.1:53661 to /127.0.0.1:53662]
2025-03-26T06:07:52.457+0100 [DEBUG] [org.gradle.launcher.daemon.server.DaemonStateCoordinator] resetting idle timer
2025-03-26T06:07:52.457+0100 [INFO] [org.gradle.launcher.daemon.server.DaemonRegistryUpdater] Marking the daemon as idle, address: [2814b642-36fb-446c-ac13-654dd0b24ba4 port:53661, addresses:[localhost/127.0.0.1]]
2025-03-26T06:07:52.457+0100 [DEBUG] [org.gradle.launcher.daemon.registry.PersistentDaemonRegistry] Marking busy by address: [2814b642-36fb-446c-ac13-654dd0b24ba4 port:53661, addresses:[localhost/127.0.0.1]]
2025-03-26T06:07:52.458+0100 [DEBUG] [org.gradle.cache.internal.DefaultFileLockManager] Waiting to acquire exclusive lock on daemon addresses registry.
2025-03-26T06:07:52.459+0100 [DEBUG] [org.gradle.cache.internal.DefaultFileLockManager] Lock acquired on daemon addresses registry.
2025-03-26T06:07:52.460+0100 [DEBUG] [org.gradle.cache.internal.DefaultFileLockManager] Releasing lock on daemon addresses registry.
2025-03-26T06:07:52.460+0100 [DEBUG] [org.gradle.launcher.daemon.server.DaemonStateCoordinator] daemon is running. Sleeping until state changes.
2025-03-26T06:07:52.460+0100 [DEBUG] [org.gradle.launcher.daemon.server.exec.ReturnResult] Daemon is dispatching the build result: Success[value=org.gradle.launcher.exec.BuildActionResult@7924bbac]
2025-03-26T06:07:52.460+0100 [DEBUG] [org.gradle.launcher.daemon.server.SynchronizedDispatchConnection] thread 27: dispatching Success[value=org.gradle.launcher.exec.BuildActionResult@7924bbac]
2025-03-26T06:07:52.461+0100 [DEBUG] [org.gradle.launcher.daemon.server.DefaultIncomingConnectionHandler] Finishing executing command: Build{id=32db7dbe-3941-4c90-be34-f2aa3b12ef68, currentDir=C:\Users\Broertje\IdeaProjects\movieAppKMP}
2025-03-26T06:07:52.461+0100 [DEBUG] [org.gradle.launcher.daemon.server.SynchronizedDispatchConnection] thread 28: received class org.gradle.launcher.daemon.protocol.Finished
2025-03-26T06:07:52.461+0100 [DEBUG] [org.gradle.launcher.daemon.server.DefaultDaemonConnection] thread 28: Received non-IO message from client: org.gradle.launcher.daemon.protocol.Finished@1defa362
2025-03-26T06:07:52.461+0100 [DEBUG] [org.gradle.launcher.daemon.server.DefaultIncomingConnectionHandler] Received finished message: org.gradle.launcher.daemon.protocol.Finished@1defa362
2025-03-26T06:07:52.461+0100 [DEBUG] [org.gradle.launcher.daemon.server.SynchronizedDispatchConnection] thread 27: stopping connection
2025-03-26T06:07:52.461+0100 [DEBUG] [org.gradle.internal.remote.internal.inet.SocketConnection] Discarding EOFException: java.io.EOFException
2025-03-26T06:07:52.461+0100 [DEBUG] [org.gradle.launcher.daemon.server.SynchronizedDispatchConnection] thread 28: received null
2025-03-26T06:07:52.461+0100 [DEBUG] [org.gradle.launcher.daemon.server.DefaultDaemonConnection] thread 28: Received end-of-input from client.
2025-03-26T06:07:52.462+0100 [DEBUG] [org.gradle.launcher.daemon.server.SynchronizedDispatchConnection] thread 27: stopping connection
2025-03-26T06:07:53.264+0100 [DEBUG] [org.gradle.process.internal.health.memory.DefaultMemoryManager] 1654143795 memory requested, 437063680 free
2025-03-26T06:07:53.264+0100 [DEBUG] [org.gradle.workers.internal.WorkerDaemonExpiration] Will attempt to release 1577 of memory
2025-03-26T06:07:53.264+0100 [DEBUG] [org.gradle.process.internal.health.memory.DefaultMemoryManager] 1654143795 memory requested, 0 released, 437063680 free
2025-03-26T06:07:57.182+0100 [DEBUG] [org.gradle.cache.internal.DefaultFileLockManager] Waiting to acquire shared lock on daemon addresses registry.
2025-03-26T06:07:57.182+0100 [DEBUG] [org.gradle.cache.internal.DefaultFileLockManager] Lock acquired on daemon addresses registry.
2025-03-26T06:07:57.182+0100 [DEBUG] [org.gradle.cache.internal.DefaultFileLockManager] Releasing lock on daemon addresses registry.
2025-03-26T06:07:57.184+0100 [DEBUG] [org.gradle.cache.internal.DefaultFileLockManager] Waiting to acquire shared lock on daemon addresses registry.
2025-03-26T06:07:57.184+0100 [DEBUG] [org.gradle.cache.internal.DefaultFileLockManager] Lock acquired on daemon addresses registry.
2025-03-26T06:07:57.184+0100 [DEBUG] [org.gradle.cache.internal.DefaultFileLockManager] Releasing lock on daemon addresses registry.
2025-03-26T06:07:58.269+0100 [DEBUG] [org.gradle.process.internal.health.memory.DefaultMemoryManager] 1654143795 memory requested, 620625920 free
2025-03-26T06:07:58.269+0100 [DEBUG] [org.gradle.workers.internal.WorkerDaemonExpiration] Will attempt to release 1577 of memory
2025-03-26T06:07:58.269+0100 [DEBUG] [org.gradle.process.internal.health.memory.DefaultMemoryManager] 1654143795 memory requested, 0 released, 620625920 free
2025-03-26T06:08:01.012+0100 [DEBUG] [org.gradle.cache.internal.LockOnDemandCrossProcessCacheAccess] Lock on journal cache (C:\Users\Broertje\IdeaProjects\movieAppKMP\caches\journal-1) requested by another process - releasing lock.
2025-03-26T06:08:01.012+0100 [DEBUG] [org.gradle.cache.internal.LockOnDemandCrossProcessCacheAccess] Releasing file lock for journal cache (C:\Users\Broertje\IdeaProjects\movieAppKMP\caches\journal-1)
2025-03-26T06:08:01.012+0100 [DEBUG] [org.gradle.cache.internal.btree.BTreePersistentIndexedCache] Closing cache file-access.bin (C:\Users\Broertje\IdeaProjects\movieAppKMP\caches\journal-1\file-access.bin)
2025-03-26T06:08:01.012+0100 [DEBUG] [org.gradle.cache.internal.DefaultFileLockManager] Releasing lock on journal cache (C:\Users\Broertje\IdeaProjects\movieAppKMP\caches\journal-1).
2025-03-26T06:08:01.013+0100 [DEBUG] [org.gradle.cache.internal.locklistener.FileLockCommunicator] Confirming lock release to Gradle process at port 57954 for lock with id 6543021974793320880.
2025-03-26T06:08:01.013+0100 [DEBUG] [org.gradle.cache.internal.locklistener.FileLockCommunicator] Confirming lock release to Gradle process at port 57954 for lock with id 6543021974793320880.
2025-03-26T06:08:01.176+0100 [DEBUG] [org.gradle.cache.internal.LockOnDemandCrossProcessCacheAccess] Lock on file hash cache (C:\Users\Broertje\IdeaProjects\movieAppKMP\caches\8.1.1\fileHashes) requested by another process - releasing lock.
2025-03-26T06:08:01.176+0100 [DEBUG] [org.gradle.cache.internal.LockOnDemandCrossProcessCacheAccess] Releasing file lock for file hash cache (C:\Users\Broertje\IdeaProjects\movieAppKMP\caches\8.1.1\fileHashes)
2025-03-26T06:08:01.176+0100 [DEBUG] [org.gradle.cache.internal.btree.BTreePersistentIndexedCache] Closing cache fileHashes.bin (C:\Users\Broertje\IdeaProjects\movieAppKMP\caches\8.1.1\fileHashes\fileHashes.bin)
2025-03-26T06:08:01.177+0100 [DEBUG] [org.gradle.cache.internal.btree.BTreePersistentIndexedCache] Closing cache resourceHashesCache.bin (C:\Users\Broertje\IdeaProjects\movieAppKMP\caches\8.1.1\fileHashes\resourceHashesCache.bin)
2025-03-26T06:08:01.177+0100 [DEBUG] [org.gradle.cache.internal.DefaultFileLockManager] Releasing lock on file hash cache (C:\Users\Broertje\IdeaProjects\movieAppKMP\caches\8.1.1\fileHashes).
2025-03-26T06:08:01.178+0100 [DEBUG] [org.gradle.cache.internal.locklistener.FileLockCommunicator] Confirming lock release to Gradle process at port 57954 for lock with id 3030805580136446519.
2025-03-26T06:08:01.178+0100 [DEBUG] [org.gradle.cache.internal.locklistener.FileLockCommunicator] Confirming lock release to Gradle process at port 57954 for lock with id 3030805580136446519.
2025-03-26T06:08:01.697+0100 [DEBUG] [org.gradle.cache.internal.LockOnDemandCrossProcessCacheAccess] Lock on jars (C:\Users\Broertje\IdeaProjects\movieAppKMP\caches\jars-9) requested by another process - releasing lock.
2025-03-26T06:08:01.698+0100 [DEBUG] [org.gradle.cache.internal.LockOnDemandCrossProcessCacheAccess] Releasing file lock for jars (C:\Users\Broertje\IdeaProjects\movieAppKMP\caches\jars-9)
2025-03-26T06:08:01.698+0100 [DEBUG] [org.gradle.cache.internal.DefaultFileLockManager] Releasing lock on jars (C:\Users\Broertje\IdeaProjects\movieAppKMP\caches\jars-9).
2025-03-26T06:08:01.698+0100 [DEBUG] [org.gradle.cache.internal.locklistener.FileLockCommunicator] Confirming lock release to Gradle process at port 57954 for lock with id -2315907925292277384.
2025-03-26T06:08:01.699+0100 [DEBUG] [org.gradle.cache.internal.locklistener.FileLockCommunicator] Confirming lock release to Gradle process at port 57954 for lock with id -2315907925292277384.
2025-03-26T06:08:02.014+0100 [DEBUG] [org.gradle.cache.internal.LockOnDemandCrossProcessCacheAccess] Lock on file content cache (C:\Users\Broertje\IdeaProjects\movieAppKMP\caches\8.1.1\fileContent) requested by another process - releasing lock.
2025-03-26T06:08:02.014+0100 [DEBUG] [org.gradle.cache.internal.LockOnDemandCrossProcessCacheAccess] Releasing file lock for file content cache (C:\Users\Broertje\IdeaProjects\movieAppKMP\caches\8.1.1\fileContent)
2025-03-26T06:08:02.014+0100 [DEBUG] [org.gradle.cache.internal.DefaultFileLockManager] Releasing lock on file content cache (C:\Users\Broertje\IdeaProjects\movieAppKMP\caches\8.1.1\fileContent).
2025-03-26T06:08:02.015+0100 [DEBUG] [org.gradle.cache.internal.locklistener.FileLockCommunicator] Confirming lock release to Gradle process at port 57954 for lock with id 4655607207372511255.
2025-03-26T06:08:02.015+0100 [DEBUG] [org.gradle.cache.internal.locklistener.FileLockCommunicator] Confirming lock release to Gradle process at port 57954 for lock with id 4655607207372511255.
2025-03-26T06:08:02.199+0100 [DEBUG] [org.gradle.cache.internal.LockOnDemandCrossProcessCacheAccess] Lock on execution history cache (C:\Users\Broertje\IdeaProjects\movieAppKMP\caches\8.1.1\executionHistory) requested by another process - releasing lock.
2025-03-26T06:08:02.199+0100 [DEBUG] [org.gradle.cache.internal.LockOnDemandCrossProcessCacheAccess] Releasing file lock for execution history cache (C:\Users\Broertje\IdeaProjects\movieAppKMP\caches\8.1.1\executionHistory)
2025-03-26T06:08:02.199+0100 [DEBUG] [org.gradle.cache.internal.btree.BTreePersistentIndexedCache] Closing cache executionHistory.bin (C:\Users\Broertje\IdeaProjects\movieAppKMP\caches\8.1.1\executionHistory\executionHistory.bin)
2025-03-26T06:08:02.201+0100 [DEBUG] [org.gradle.cache.internal.DefaultFileLockManager] Releasing lock on execution history cache (C:\Users\Broertje\IdeaProjects\movieAppKMP\caches\8.1.1\executionHistory).
2025-03-26T06:08:02.201+0100 [DEBUG] [org.gradle.cache.internal.locklistener.FileLockCommunicator] Confirming lock release to Gradle process at port 57954 for lock with id -8355559861770448380.
2025-03-26T06:08:02.201+0100 [DEBUG] [org.gradle.cache.internal.locklistener.FileLockCommunicator] Confirming lock release to Gradle process at port 57954 for lock with id -8355559861770448380.
2025-03-26T06:08:03.265+0100 [DEBUG] [org.gradle.process.internal.health.memory.DefaultMemoryManager] 1654143795 memory requested, 931266560 free
2025-03-26T06:08:03.266+0100 [DEBUG] [org.gradle.workers.internal.WorkerDaemonExpiration] Will attempt to release 1577 of memory
2025-03-26T06:08:03.266+0100 [DEBUG] [org.gradle.process.internal.health.memory.DefaultMemoryManager] 1654143795 memory requested, 0 released, 931266560 free
2025-03-26T06:08:03.739+0100 [DEBUG] [org.gradle.cache.internal.LockOnDemandCrossProcessCacheAccess] Lock on kotlin-dsl (C:\Users\Broertje\IdeaProjects\movieAppKMP\caches\8.1.1\kotlin-dsl) requested by another process - releasing lock.
2025-03-26T06:08:03.739+0100 [DEBUG] [org.gradle.cache.internal.LockOnDemandCrossProcessCacheAccess] Releasing file lock for kotlin-dsl (C:\Users\Broertje\IdeaProjects\movieAppKMP\caches\8.1.1\kotlin-dsl)
2025-03-26T06:08:03.739+0100 [DEBUG] [org.gradle.cache.internal.btree.BTreePersistentIndexedCache] Closing cache executionHistory.bin (C:\Users\Broertje\IdeaProjects\movieAppKMP\caches\8.1.1\kotlin-dsl\executionHistory.bin)
2025-03-26T06:08:03.739+0100 [DEBUG] [org.gradle.cache.internal.DefaultFileLockManager] Releasing lock on kotlin-dsl (C:\Users\Broertje\IdeaProjects\movieAppKMP\caches\8.1.1\kotlin-dsl).
2025-03-26T06:08:03.740+0100 [DEBUG] [org.gradle.cache.internal.locklistener.FileLockCommunicator] Confirming lock release to Gradle process at port 57954 for lock with id 2880900816852754263.
2025-03-26T06:08:03.740+0100 [DEBUG] [org.gradle.cache.internal.locklistener.FileLockCommunicator] Confirming lock release to Gradle process at port 57954 for lock with id 2880900816852754263.
2025-03-26T06:08:03.803+0100 [DEBUG] [org.gradle.cache.internal.LockOnDemandCrossProcessCacheAccess] Lock on Generated Gradle JARs cache (C:\Users\Broertje\IdeaProjects\movieAppKMP\caches\8.1.1\generated-gradle-jars) requested by another process - releasing lock.
2025-03-26T06:08:03.803+0100 [DEBUG] [org.gradle.cache.internal.LockOnDemandCrossProcessCacheAccess] Releasing file lock for Generated Gradle JARs cache (C:\Users\Broertje\IdeaProjects\movieAppKMP\caches\8.1.1\generated-gradle-jars)
2025-03-26T06:08:03.803+0100 [DEBUG] [org.gradle.cache.internal.DefaultFileLockManager] Releasing lock on Generated Gradle JARs cache (C:\Users\Broertje\IdeaProjects\movieAppKMP\caches\8.1.1\generated-gradle-jars).
2025-03-26T06:08:03.804+0100 [DEBUG] [org.gradle.cache.internal.locklistener.FileLockCommunicator] Confirming lock release to Gradle process at port 57954 for lock with id -8557275705406388294.
2025-03-26T06:08:03.804+0100 [DEBUG] [org.gradle.cache.internal.locklistener.FileLockCommunicator] Confirming lock release to Gradle process at port 57954 for lock with id -8557275705406388294.
2025-03-26T06:08:04.039+0100 [DEBUG] [org.gradle.cache.internal.LockOnDemandCrossProcessCacheAccess] Lock on artifact cache (C:\Users\Broertje\IdeaProjects\movieAppKMP\caches\modules-2) requested by another process - releasing lock.
2025-03-26T06:08:04.039+0100 [DEBUG] [org.gradle.cache.internal.LockOnDemandCrossProcessCacheAccess] Releasing file lock for artifact cache (C:\Users\Broertje\IdeaProjects\movieAppKMP\caches\modules-2)
2025-03-26T06:08:04.040+0100 [DEBUG] [org.gradle.cache.internal.btree.BTreePersistentIndexedCache] Closing cache resource-at-url.bin (C:\Users\Broertje\IdeaProjects\movieAppKMP\caches\modules-2\metadata-2.105\resource-at-url.bin)
2025-03-26T06:08:04.040+0100 [DEBUG] [org.gradle.cache.internal.btree.BTreePersistentIndexedCache] Closing cache module-metadata.bin (C:\Users\Broertje\IdeaProjects\movieAppKMP\caches\modules-2\metadata-2.105\module-metadata.bin)
2025-03-26T06:08:04.040+0100 [DEBUG] [org.gradle.cache.internal.btree.BTreePersistentIndexedCache] Closing cache module-artifacts.bin (C:\Users\Broertje\IdeaProjects\movieAppKMP\caches\modules-2\metadata-2.105\module-artifacts.bin)
2025-03-26T06:08:04.041+0100 [DEBUG] [org.gradle.cache.internal.btree.BTreePersistentIndexedCache] Closing cache module-artifact.bin (C:\Users\Broertje\IdeaProjects\movieAppKMP\caches\modules-2\metadata-2.105\module-artifact.bin)
2025-03-26T06:08:04.041+0100 [DEBUG] [org.gradle.cache.internal.DefaultFileLockManager] Releasing lock on artifact cache (C:\Users\Broertje\IdeaProjects\movieAppKMP\caches\modules-2).
2025-03-26T06:08:04.042+0100 [DEBUG] [org.gradle.cache.internal.locklistener.FileLockCommunicator] Confirming lock release to Gradle process at port 57954 for lock with id -8520069054092849673.
2025-03-26T06:08:04.042+0100 [DEBUG] [org.gradle.cache.internal.locklistener.FileLockCommunicator] Confirming lock release to Gradle process at port 57954 for lock with id -8520069054092849673.
2025-03-26T06:08:07.186+0100 [DEBUG] [org.gradle.cache.internal.DefaultFileLockManager] Waiting to acquire shared lock on daemon addresses registry.
2025-03-26T06:08:07.186+0100 [DEBUG] [org.gradle.cache.internal.DefaultFileLockManager] Lock acquired on daemon addresses registry.
2025-03-26T06:08:07.186+0100 [DEBUG] [org.gradle.cache.internal.DefaultFileLockManager] Releasing lock on daemon addresses registry.
2025-03-26T06:08:07.187+0100 [DEBUG] [org.gradle.cache.internal.DefaultFileLockManager] Waiting to acquire shared lock on daemon addresses registry.
2025-03-26T06:08:07.188+0100 [DEBUG] [org.gradle.cache.internal.DefaultFileLockManager] Lock acquired on daemon addresses registry.
2025-03-26T06:08:07.188+0100 [DEBUG] [org.gradle.cache.internal.DefaultFileLockManager] Releasing lock on daemon addresses registry.
2025-03-26T06:08:07.188+0100 [DEBUG] [org.gradle.launcher.daemon.server.health.LowMemoryDaemonExpirationStrategy] Nearing low memory threshold - OS memory {Total: 16541437952, Free: 931266560}
2025-03-26T06:08:07.189+0100 [DEBUG] [org.gradle.cache.internal.DefaultFileLockManager] Waiting to acquire shared lock on daemon addresses registry.
2025-03-26T06:08:07.189+0100 [DEBUG] [org.gradle.cache.internal.DefaultFileLockManager] Lock acquired on daemon addresses registry.
2025-03-26T06:08:07.189+0100 [DEBUG] [org.gradle.cache.internal.DefaultFileLockManager] Releasing lock on daemon addresses registry.
2025-03-26T06:08:08.259+0100 [DEBUG] [org.gradle.process.internal.health.memory.DefaultMemoryManager] 1654143795 memory requested, 834600960 free
2025-03-26T06:08:08.260+0100 [DEBUG] [org.gradle.workers.internal.WorkerDaemonExpiration] Will attempt to release 1577 of memory
2025-03-26T06:08:08.260+0100 [DEBUG] [org.gradle.process.internal.health.memory.DefaultMemoryManager] 1654143795 memory requested, 0 released, 834600960 free
2025-03-26T06:08:13.263+0100 [DEBUG] [org.gradle.process.internal.health.memory.DefaultMemoryManager] 1654143795 memory requested, 904290304 free
2025-03-26T06:08:13.263+0100 [DEBUG] [org.gradle.workers.internal.WorkerDaemonExpiration] Will attempt to release 1577 of memory
2025-03-26T06:08:13.263+0100 [DEBUG] [org.gradle.process.internal.health.memory.DefaultMemoryManager] 1654143795 memory requested, 0 released, 904290304 free
2025-03-26T06:08:17.185+0100 [DEBUG] [org.gradle.cache.internal.DefaultFileLockManager] Waiting to acquire shared lock on daemon addresses registry.
2025-03-26T06:08:17.186+0100 [DEBUG] [org.gradle.cache.internal.DefaultFileLockManager] Lock acquired on daemon addresses registry.
2025-03-26T06:08:17.186+0100 [DEBUG] [org.gradle.cache.internal.DefaultFileLockManager] Releasing lock on daemon addresses registry.
2025-03-26T06:08:17.187+0100 [DEBUG] [org.gradle.cache.internal.DefaultFileLockManager] Waiting to acquire shared lock on daemon addresses registry.
2025-03-26T06:08:17.187+0100 [DEBUG] [org.gradle.cache.internal.DefaultFileLockManager] Lock acquired on daemon addresses registry.
2025-03-26T06:08:17.188+0100 [DEBUG] [org.gradle.cache.internal.DefaultFileLockManager] Releasing lock on daemon addresses registry.
2025-03-26T06:08:17.188+0100 [DEBUG] [org.gradle.launcher.daemon.server.health.LowMemoryDaemonExpirationStrategy] Nearing low memory threshold - OS memory {Total: 16541437952, Free: 904290304}
2025-03-26T06:08:17.189+0100 [DEBUG] [org.gradle.cache.internal.DefaultFileLockManager] Waiting to acquire shared lock on daemon addresses registry.
2025-03-26T06:08:17.189+0100 [DEBUG] [org.gradle.cache.internal.DefaultFileLockManager] Lock acquired on daemon addresses registry.
2025-03-26T06:08:17.189+0100 [DEBUG] [org.gradle.cache.internal.DefaultFileLockManager] Releasing lock on daemon addresses registry.
2025-03-26T06:08:18.260+0100 [DEBUG] [org.gradle.process.internal.health.memory.DefaultMemoryManager] 1654143795 memory requested, 885714944 free
2025-03-26T06:08:18.260+0100 [DEBUG] [org.gradle.workers.internal.WorkerDaemonExpiration] Will attempt to release 1577 of memory
2025-03-26T06:08:18.260+0100 [DEBUG] [org.gradle.process.internal.health.memory.DefaultMemoryManager] 1654143795 memory requested, 0 released, 885714944 free
2025-03-26T06:08:23.263+0100 [DEBUG] [org.gradle.process.internal.health.memory.DefaultMemoryManager] 1654143795 memory requested, 879316992 free
2025-03-26T06:08:23.263+0100 [DEBUG] [org.gradle.workers.internal.WorkerDaemonExpiration] Will attempt to release 1577 of memory
2025-03-26T06:08:23.263+0100 [DEBUG] [org.gradle.process.internal.health.memory.DefaultMemoryManager] 1654143795 memory requested, 0 released, 879316992 free
2025-03-26T06:08:27.188+0100 [DEBUG] [org.gradle.cache.internal.DefaultFileLockManager] Waiting to acquire shared lock on daemon addresses registry.
2025-03-26T06:08:27.189+0100 [DEBUG] [org.gradle.cache.internal.DefaultFileLockManager] Lock acquired on daemon addresses registry.
2025-03-26T06:08:27.189+0100 [DEBUG] [org.gradle.cache.internal.DefaultFileLockManager] Releasing lock on daemon addresses registry.
2025-03-26T06:08:27.190+0100 [DEBUG] [org.gradle.cache.internal.DefaultFileLockManager] Waiting to acquire shared lock on daemon addresses registry.
2025-03-26T06:08:27.190+0100 [DEBUG] [org.gradle.cache.internal.DefaultFileLockManager] Lock acquired on daemon addresses registry.
2025-03-26T06:08:27.191+0100 [DEBUG] [org.gradle.cache.internal.DefaultFileLockManager] Releasing lock on daemon addresses registry.
2025-03-26T06:08:27.191+0100 [DEBUG] [org.gradle.launcher.daemon.server.health.LowMemoryDaemonExpirationStrategy] Nearing low memory threshold - OS memory {Total: 16541437952, Free: 879316992}
2025-03-26T06:08:27.191+0100 [DEBUG] [org.gradle.cache.internal.DefaultFileLockManager] Waiting to acquire shared lock on daemon addresses registry.
2025-03-26T06:08:27.192+0100 [DEBUG] [org.gradle.cache.internal.DefaultFileLockManager] Lock acquired on daemon addresses registry.
2025-03-26T06:08:27.192+0100 [DEBUG] [org.gradle.cache.internal.DefaultFileLockManager] Releasing lock on daemon addresses registry.
2025-03-26T06:08:28.268+0100 [DEBUG] [org.gradle.process.internal.health.memory.DefaultMemoryManager] 1654143795 memory requested, 931889152 free
2025-03-26T06:08:28.268+0100 [DEBUG] [org.gradle.workers.internal.WorkerDaemonExpiration] Will attempt to release 1577 of memory
2025-03-26T06:08:28.268+0100 [DEBUG] [org.gradle.process.internal.health.memory.DefaultMemoryManager] 1654143795 memory requested, 0 released, 931889152 free
2025-03-26T06:08:33.258+0100 [DEBUG] [org.gradle.process.internal.health.memory.DefaultMemoryManager] 1654143795 memory requested, 946388992 free
2025-03-26T06:08:33.259+0100 [DEBUG] [org.gradle.workers.internal.WorkerDaemonExpiration] Will attempt to release 1577 of memory
2025-03-26T06:08:33.259+0100 [DEBUG] [org.gradle.process.internal.health.memory.DefaultMemoryManager] 1654143795 memory requested, 0 released, 946388992 free
2025-03-26T06:08:37.195+0100 [DEBUG] [org.gradle.cache.internal.DefaultFileLockManager] Waiting to acquire shared lock on daemon addresses registry.
2025-03-26T06:08:37.195+0100 [DEBUG] [org.gradle.cache.internal.DefaultFileLockManager] Lock acquired on daemon addresses registry.
2025-03-26T06:08:37.195+0100 [DEBUG] [org.gradle.cache.internal.DefaultFileLockManager] Releasing lock on daemon addresses registry.
2025-03-26T06:08:37.196+0100 [DEBUG] [org.gradle.cache.internal.DefaultFileLockManager] Waiting to acquire shared lock on daemon addresses registry.
2025-03-26T06:08:37.196+0100 [DEBUG] [org.gradle.cache.internal.DefaultFileLockManager] Lock acquired on daemon addresses registry.
2025-03-26T06:08:37.197+0100 [DEBUG] [org.gradle.cache.internal.DefaultFileLockManager] Releasing lock on daemon addresses registry.
2025-03-26T06:08:37.197+0100 [DEBUG] [org.gradle.launcher.daemon.server.health.LowMemoryDaemonExpirationStrategy] Nearing low memory threshold - OS memory {Total: 16541437952, Free: 946388992}
2025-03-26T06:08:37.197+0100 [DEBUG] [org.gradle.cache.internal.DefaultFileLockManager] Waiting to acquire shared lock on daemon addresses registry.
2025-03-26T06:08:37.197+0100 [DEBUG] [org.gradle.cache.internal.DefaultFileLockManager] Lock acquired on daemon addresses registry.
2025-03-26T06:08:37.198+0100 [DEBUG] [org.gradle.cache.internal.DefaultFileLockManager] Releasing lock on daemon addresses registry.
2025-03-26T06:08:38.266+0100 [DEBUG] [org.gradle.process.internal.health.memory.DefaultMemoryManager] 1654143795 memory requested, 943439872 free
2025-03-26T06:08:38.266+0100 [DEBUG] [org.gradle.workers.internal.WorkerDaemonExpiration] Will attempt to release 1577 of memory
2025-03-26T06:08:38.266+0100 [DEBUG] [org.gradle.process.internal.health.memory.DefaultMemoryManager] 1654143795 memory requested, 0 released, 943439872 free
2025-03-26T06:08:43.256+0100 [DEBUG] [org.gradle.process.internal.health.memory.DefaultMemoryManager] 1654143795 memory requested, 927698944 free
2025-03-26T06:08:43.256+0100 [DEBUG] [org.gradle.workers.internal.WorkerDaemonExpiration] Will attempt to release 1577 of memory
2025-03-26T06:08:43.256+0100 [DEBUG] [org.gradle.process.internal.health.memory.DefaultMemoryManager] 1654143795 memory requested, 0 released, 927698944 free
2025-03-26T06:08:47.187+0100 [DEBUG] [org.gradle.cache.internal.DefaultFileLockManager] Waiting to acquire shared lock on daemon addresses registry.
2025-03-26T06:08:47.187+0100 [DEBUG] [org.gradle.cache.internal.DefaultFileLockManager] Lock acquired on daemon addresses registry.
2025-03-26T06:08:47.187+0100 [DEBUG] [org.gradle.cache.internal.DefaultFileLockManager] Releasing lock on daemon addresses registry.
2025-03-26T06:08:47.188+0100 [DEBUG] [org.gradle.cache.internal.DefaultFileLockManager] Waiting to acquire shared lock on daemon addresses registry.
2025-03-26T06:08:47.188+0100 [DEBUG] [org.gradle.cache.internal.DefaultFileLockManager] Lock acquired on daemon addresses registry.
2025-03-26T06:08:47.189+0100 [DEBUG] [org.gradle.cache.internal.DefaultFileLockManager] Releasing lock on daemon addresses registry.
2025-03-26T06:08:47.189+0100 [DEBUG] [org.gradle.launcher.daemon.server.health.LowMemoryDaemonExpirationStrategy] Nearing low memory threshold - OS memory {Total: 16541437952, Free: 927698944}
2025-03-26T06:08:47.189+0100 [DEBUG] [org.gradle.cache.internal.DefaultFileLockManager] Waiting to acquire shared lock on daemon addresses registry.
2025-03-26T06:08:47.189+0100 [DEBUG] [org.gradle.cache.internal.DefaultFileLockManager] Lock acquired on daemon addresses registry.
2025-03-26T06:08:47.190+0100 [DEBUG] [org.gradle.cache.internal.DefaultFileLockManager] Releasing lock on daemon addresses registry.
2025-03-26T06:08:48.255+0100 [DEBUG] [org.gradle.process.internal.health.memory.DefaultMemoryManager] 1654143795 memory requested, 953786368 free
2025-03-26T06:08:48.255+0100 [DEBUG] [org.gradle.workers.internal.WorkerDaemonExpiration] Will attempt to release 1577 of memory
2025-03-26T06:08:48.255+0100 [DEBUG] [org.gradle.process.internal.health.memory.DefaultMemoryManager] 1654143795 memory requested, 0 released, 953786368 free
2025-03-26T06:08:53.269+0100 [DEBUG] [org.gradle.process.internal.health.memory.DefaultMemoryManager] 1654143795 memory requested, 946671616 free
2025-03-26T06:08:53.269+0100 [DEBUG] [org.gradle.workers.internal.WorkerDaemonExpiration] Will attempt to release 1577 of memory
2025-03-26T06:08:53.269+0100 [DEBUG] [org.gradle.process.internal.health.memory.DefaultMemoryManager] 1654143795 memory requested, 0 released, 946671616 free
2025-03-26T06:08:57.182+0100 [DEBUG] [org.gradle.cache.internal.DefaultFileLockManager] Waiting to acquire shared lock on daemon addresses registry.
2025-03-26T06:08:57.182+0100 [DEBUG] [org.gradle.cache.internal.DefaultFileLockManager] Lock acquired on daemon addresses registry.
2025-03-26T06:08:57.182+0100 [DEBUG] [org.gradle.cache.internal.DefaultFileLockManager] Releasing lock on daemon addresses registry.
2025-03-26T06:08:57.183+0100 [DEBUG] [org.gradle.cache.internal.DefaultFileLockManager] Waiting to acquire shared lock on daemon addresses registry.
2025-03-26T06:08:57.184+0100 [DEBUG] [org.gradle.cache.internal.DefaultFileLockManager] Lock acquired on daemon addresses registry.
2025-03-26T06:08:57.184+0100 [DEBUG] [org.gradle.cache.internal.DefaultFileLockManager] Releasing lock on daemon addresses registry.
2025-03-26T06:08:57.184+0100 [DEBUG] [org.gradle.launcher.daemon.server.health.LowMemoryDaemonExpirationStrategy] Nearing low memory threshold - OS memory {Total: 16541437952, Free: 946671616}
2025-03-26T06:08:57.185+0100 [DEBUG] [org.gradle.cache.internal.DefaultFileLockManager] Waiting to acquire shared lock on daemon addresses registry.
2025-03-26T06:08:57.185+0100 [DEBUG] [org.gradle.cache.internal.DefaultFileLockManager] Lock acquired on daemon addresses registry.
2025-03-26T06:08:57.185+0100 [DEBUG] [org.gradle.cache.internal.DefaultFileLockManager] Releasing lock on daemon addresses registry.
2025-03-26T06:08:58.268+0100 [DEBUG] [org.gradle.process.internal.health.memory.DefaultMemoryManager] 1654143795 memory requested, 940490752 free
2025-03-26T06:08:58.268+0100 [DEBUG] [org.gradle.workers.internal.WorkerDaemonExpiration] Will attempt to release 1577 of memory
2025-03-26T06:08:58.268+0100 [DEBUG] [org.gradle.process.internal.health.memory.DefaultMemoryManager] 1654143795 memory requested, 0 released, 940490752 free
2025-03-26T06:09:03.268+0100 [DEBUG] [org.gradle.process.internal.health.memory.DefaultMemoryManager] 1654143795 memory requested, 941535232 free
2025-03-26T06:09:03.268+0100 [DEBUG] [org.gradle.workers.internal.WorkerDaemonExpiration] Will attempt to release 1577 of memory
2025-03-26T06:09:03.268+0100 [DEBUG] [org.gradle.process.internal.health.memory.DefaultMemoryManager] 1654143795 memory requested, 0 released, 941535232 free
2025-03-26T06:09:07.188+0100 [DEBUG] [org.gradle.cache.internal.DefaultFileLockManager] Waiting to acquire shared lock on daemon addresses registry.
2025-03-26T06:09:07.189+0100 [DEBUG] [org.gradle.cache.internal.DefaultFileLockManager] Lock acquired on daemon addresses registry.
2025-03-26T06:09:07.189+0100 [DEBUG] [org.gradle.cache.internal.DefaultFileLockManager] Releasing lock on daemon addresses registry.
2025-03-26T06:09:07.190+0100 [DEBUG] [org.gradle.cache.internal.DefaultFileLockManager] Waiting to acquire shared lock on daemon addresses registry.
2025-03-26T06:09:07.190+0100 [DEBUG] [org.gradle.cache.internal.DefaultFileLockManager] Lock acquired on daemon addresses registry.
2025-03-26T06:09:07.190+0100 [DEBUG] [org.gradle.cache.internal.DefaultFileLockManager] Releasing lock on daemon addresses registry.
2025-03-26T06:09:07.191+0100 [DEBUG] [org.gradle.launcher.daemon.server.health.LowMemoryDaemonExpirationStrategy] Nearing low memory threshold - OS memory {Total: 16541437952, Free: 941535232}
2025-03-26T06:09:07.191+0100 [DEBUG] [org.gradle.cache.internal.DefaultFileLockManager] Waiting to acquire shared lock on daemon addresses registry.
2025-03-26T06:09:07.191+0100 [DEBUG] [org.gradle.cache.internal.DefaultFileLockManager] Lock acquired on daemon addresses registry.
2025-03-26T06:09:07.191+0100 [DEBUG] [org.gradle.cache.internal.DefaultFileLockManager] Releasing lock on daemon addresses registry.
2025-03-26T06:09:08.262+0100 [DEBUG] [org.gradle.process.internal.health.memory.DefaultMemoryManager] 1654143795 memory requested, 933793792 free
2025-03-26T06:09:08.262+0100 [DEBUG] [org.gradle.workers.internal.WorkerDaemonExpiration] Will attempt to release 1577 of memory
2025-03-26T06:09:08.262+0100 [DEBUG] [org.gradle.process.internal.health.memory.DefaultMemoryManager] 1654143795 memory requested, 0 released, 933793792 free
2025-03-26T06:09:13.255+0100 [DEBUG] [org.gradle.process.internal.health.memory.DefaultMemoryManager] 1654143795 memory requested, 913588224 free
2025-03-26T06:09:13.255+0100 [DEBUG] [org.gradle.workers.internal.WorkerDaemonExpiration] Will attempt to release 1577 of memory
2025-03-26T06:09:13.255+0100 [DEBUG] [org.gradle.process.internal.health.memory.DefaultMemoryManager] 1654143795 memory requested, 0 released, 913588224 free
2025-03-26T06:09:17.192+0100 [DEBUG] [org.gradle.cache.internal.DefaultFileLockManager] Waiting to acquire shared lock on daemon addresses registry.
2025-03-26T06:09:17.192+0100 [DEBUG] [org.gradle.cache.internal.DefaultFileLockManager] Lock acquired on daemon addresses registry.
2025-03-26T06:09:17.192+0100 [DEBUG] [org.gradle.cache.internal.DefaultFileLockManager] Releasing lock on daemon addresses registry.
2025-03-26T06:09:17.194+0100 [DEBUG] [org.gradle.cache.internal.DefaultFileLockManager] Waiting to acquire shared lock on daemon addresses registry.
2025-03-26T06:09:17.194+0100 [DEBUG] [org.gradle.cache.internal.DefaultFileLockManager] Lock acquired on daemon addresses registry.
2025-03-26T06:09:17.194+0100 [DEBUG] [org.gradle.cache.internal.DefaultFileLockManager] Releasing lock on daemon addresses registry.
2025-03-26T06:09:17.194+0100 [DEBUG] [org.gradle.launcher.daemon.server.health.LowMemoryDaemonExpirationStrategy] Nearing low memory threshold - OS memory {Total: 16541437952, Free: 913588224}
2025-03-26T06:09:17.195+0100 [DEBUG] [org.gradle.cache.internal.DefaultFileLockManager] Waiting to acquire shared lock on daemon addresses registry.
2025-03-26T06:09:17.195+0100 [DEBUG] [org.gradle.cache.internal.DefaultFileLockManager] Lock acquired on daemon addresses registry.
2025-03-26T06:09:17.195+0100 [DEBUG] [org.gradle.cache.internal.DefaultFileLockManager] Releasing lock on daemon addresses registry.
2025-03-26T06:09:18.258+0100 [DEBUG] [org.gradle.process.internal.health.memory.DefaultMemoryManager] 1654143795 memory requested, 803414016 free
2025-03-26T06:09:18.258+0100 [DEBUG] [org.gradle.workers.internal.WorkerDaemonExpiration] Will attempt to release 1577 of memory
2025-03-26T06:09:18.258+0100 [DEBUG] [org.gradle.process.internal.health.memory.DefaultMemoryManager] 1654143795 memory requested, 0 released, 803414016 free
2025-03-26T06:09:23.256+0100 [DEBUG] [org.gradle.process.internal.health.memory.DefaultMemoryManager] 1654143795 memory requested, 797376512 free
2025-03-26T06:09:23.256+0100 [DEBUG] [org.gradle.workers.internal.WorkerDaemonExpiration] Will attempt to release 1577 of memory
2025-03-26T06:09:23.256+0100 [DEBUG] [org.gradle.process.internal.health.memory.DefaultMemoryManager] 1654143795 memory requested, 0 released, 797376512 free
2025-03-26T06:09:27.187+0100 [DEBUG] [org.gradle.cache.internal.DefaultFileLockManager] Waiting to acquire shared lock on daemon addresses registry.
2025-03-26T06:09:27.187+0100 [DEBUG] [org.gradle.cache.internal.DefaultFileLockManager] Lock acquired on daemon addresses registry.
2025-03-26T06:09:27.187+0100 [DEBUG] [org.gradle.cache.internal.DefaultFileLockManager] Releasing lock on daemon addresses registry.
2025-03-26T06:09:27.188+0100 [DEBUG] [org.gradle.cache.internal.DefaultFileLockManager] Waiting to acquire shared lock on daemon addresses registry.
2025-03-26T06:09:27.189+0100 [DEBUG] [org.gradle.cache.internal.DefaultFileLockManager] Lock acquired on daemon addresses registry.
2025-03-26T06:09:27.189+0100 [DEBUG] [org.gradle.cache.internal.DefaultFileLockManager] Releasing lock on daemon addresses registry.
2025-03-26T06:09:27.189+0100 [INFO] [org.gradle.launcher.daemon.server.health.LowMemoryDaemonExpirationStrategy] after free system memory (760.4 MiB) fell below threshold of 788.7 MiB
2025-03-26T06:09:27.190+0100 [DEBUG] [org.gradle.cache.internal.DefaultFileLockManager] Waiting to acquire shared lock on daemon addresses registry.
2025-03-26T06:09:27.190+0100 [DEBUG] [org.gradle.cache.internal.DefaultFileLockManager] Lock acquired on daemon addresses registry.
2025-03-26T06:09:27.190+0100 [DEBUG] [org.gradle.cache.internal.DefaultFileLockManager] Releasing lock on daemon addresses registry.
2025-03-26T06:09:27.190+0100 [DEBUG] [org.gradle.launcher.daemon.server.DaemonRegistryUpdater] Storing daemon stop event: after being idle for 1 minutes and not recently used and to reclaim system memory
2025-03-26T06:09:27.190+0100 [DEBUG] [org.gradle.launcher.daemon.registry.PersistentDaemonRegistry] Storing daemon stop event with timestamp 1742965767190
2025-03-26T06:09:27.191+0100 [DEBUG] [org.gradle.cache.internal.DefaultFileLockManager] Waiting to acquire exclusive lock on daemon addresses registry.
2025-03-26T06:09:27.191+0100 [DEBUG] [org.gradle.cache.internal.DefaultFileLockManager] Lock acquired on daemon addresses registry.
2025-03-26T06:09:27.192+0100 [DEBUG] [org.gradle.cache.internal.DefaultFileLockManager] Releasing lock on daemon addresses registry.
2025-03-26T06:09:27.193+0100 [LIFECYCLE] [org.gradle.launcher.daemon.server.DaemonStateCoordinator] Daemon will be stopped at the end of the build after being idle for 1 minutes and not recently used and to reclaim system memory
2025-03-26T06:09:27.193+0100 [DEBUG] [org.gradle.launcher.daemon.server.DaemonStateCoordinator] Marking daemon stopped due to after being idle for 1 minutes and not recently used and to reclaim system memory. The daemon is running a build: false
2025-03-26T06:09:27.193+0100 [DEBUG] [org.gradle.launcher.daemon.server.DaemonStateCoordinator] daemon has stopped.
2025-03-26T06:09:27.193+0100 [DEBUG] [org.gradle.launcher.daemon.server.Daemon] stop() called on daemon
2025-03-26T06:09:27.193+0100 [INFO] [org.gradle.launcher.daemon.server.Daemon] Stop requested. Daemon is removing its presence from the registry...
2025-03-26T06:09:27.193+0100 [DEBUG] [org.gradle.launcher.daemon.server.DaemonRegistryUpdater] Removing our presence to clients, eg. removing this address from the registry: [2814b642-36fb-446c-ac13-654dd0b24ba4 port:53661, addresses:[localhost/127.0.0.1]]
2025-03-26T06:09:27.193+0100 [DEBUG] [org.gradle.launcher.daemon.registry.PersistentDaemonRegistry] Removing daemon address: [2814b642-36fb-446c-ac13-654dd0b24ba4 port:53661, addresses:[localhost/127.0.0.1]]
2025-03-26T06:09:27.194+0100 [DEBUG] [org.gradle.cache.internal.DefaultFileLockManager] Waiting to acquire exclusive lock on daemon addresses registry.
2025-03-26T06:09:27.195+0100 [DEBUG] [org.gradle.cache.internal.DefaultFileLockManager] Lock acquired on daemon addresses registry.
2025-03-26T06:09:27.195+0100 [DEBUG] [org.gradle.cache.internal.DefaultFileLockManager] Releasing lock on daemon addresses registry.
2025-03-26T06:09:27.196+0100 [DEBUG] [org.gradle.launcher.daemon.server.DaemonRegistryUpdater] Address removed from registry.
2025-03-26T06:09:27.198+0100 [DEBUG] [org.gradle.cache.internal.DefaultPersistentDirectoryStore] jars (C:\Users\Broertje\IdeaProjects\movieAppKMP\caches\jars-9) has last been fully cleaned up 0 hours ago
2025-03-26T06:09:27.198+0100 [DEBUG] [org.gradle.cache.internal.LockOnDemandCrossProcessCacheAccess] Releasing file lock for Artifact transforms cache (C:\Users\Broertje\IdeaProjects\movieAppKMP\caches\transforms-3)
2025-03-26T06:09:27.198+0100 [DEBUG] [org.gradle.cache.internal.DefaultFileLockManager] Releasing lock on Artifact transforms cache (C:\Users\Broertje\IdeaProjects\movieAppKMP\caches\transforms-3).
2025-03-26T06:09:27.199+0100 [DEBUG] [org.gradle.cache.internal.DefaultPersistentDirectoryStore] Artifact transforms cache (C:\Users\Broertje\IdeaProjects\movieAppKMP\caches\transforms-3) has last been fully cleaned up 0 hours ago
2025-03-26T06:09:27.199+0100 [DEBUG] [org.gradle.cache.internal.DefaultPersistentDirectoryStore] kotlin-dsl (C:\Users\Broertje\IdeaProjects\movieAppKMP\caches\8.1.1\kotlin-dsl) has last been fully cleaned up 0 hours ago
2025-03-26T06:09:27.212+0100 [DEBUG] [org.gradle.internal.watch.vfs.impl.WatchingVirtualFileSystem] Closing VFS, dropping state
2025-03-26T06:09:27.213+0100 [DEBUG] [org.gradle.internal.watch.registry.impl.DefaultFileWatcherRegistry] Finished listening to file system change events
2025-03-26T06:09:27.213+0100 [DEBUG] [org.gradle.cache.internal.DefaultPersistentDirectoryStore] artifact cache (C:\Users\Broertje\IdeaProjects\movieAppKMP\caches\modules-2) has last been fully cleaned up 0 hours ago
Daemon vm is shutting down... The daemon has exited normally or was terminated in response to a user interrupt.
2025-03-26T06:09:27.215+0100 [DEBUG] [org.gradle.launcher.daemon.registry.PersistentDaemonRegistry] Removing daemon address: [2814b642-36fb-446c-ac13-654dd0b24ba4 port:53661, addresses:[localhost/127.0.0.1]]
2025-03-26T06:09:27.216+0100 [DEBUG] [org.gradle.cache.internal.DefaultFileLockManager] Waiting to acquire exclusive lock on daemon addresses registry.
2025-03-26T06:09:27.216+0100 [DEBUG] [org.gradle.cache.internal.DefaultFileLockManager] Lock acquired on daemon addresses registry.
2025-03-26T06:09:27.217+0100 [DEBUG] [org.gradle.cache.internal.DefaultFileLockManager] Releasing lock on daemon addresses registry.
